POST /api/login 201 511 - 1124.986 ms
POST /api/getSchedule 200 496 - 6012.277 ms
POST /api/getSchedule 200 496 - 6689.134 ms
POST /api/getcreatedcourses/ 200 - - 1075.279 ms
POST /api/getcreatedcourses/ 200 - - 1083.479 ms
POST /api/getSchedule 200 496 - 6670.388 ms
POST /api/getSchedule 200 496 - 8887.198 ms
POST /api/getcreatedcourses/ 200 - - 987.882 ms
POST /api/getcreatedcourses/ 200 - - 1394.744 ms
GET /api/getCourse?courseId=65700f59c64290ce8de72138 304 - - 505.672 ms
POST /api/getcourseassignments 200 122 - 1013.291 ms
GET /api/getCourse?courseId=65700f59c64290ce8de72138 304 - - 505.257 ms
POST /api/getcourseassignments 200 122 - 1017.726 ms
POST /api/getresources 200 118 - 1012.113 ms
POST /api/getresources 200 118 - 1774.364 ms
POST /api/getParticipants 200 578 - 822.456 ms
POST /api/getParticipants 200 578 - 830.696 ms
POST /api/getSchedule 200 496 - 6132.507 ms
POST /api/getSchedule 200 496 - 6646.666 ms
POST /api/getcreatedcourses/ 200 - - 967.919 ms
POST /api/getcreatedcourses/ 200 - - 1487.755 ms
GET /api/getCourse?courseId=65700f59c64290ce8de72138 304 - - 442.573 ms
POST /api/getcourseassignments 200 122 - 926.474 ms
POST /api/getcourseassignments 200 122 - 931.881 ms
GET /api/getCourse?courseId=65700f59c64290ce8de72138 304 - - 498.631 ms
POST /api/getresources 200 118 - 909.919 ms
POST /api/getresources 200 118 - 920.076 ms
POST /api/getSchedulesByCourse 200 119 - 849.510 ms
POST /api/getSchedulesByCourse 200 119 - 876.797 ms
POST /api/getParticipants 200 578 - 1018.068 ms
POST /api/getParticipants 200 578 - 1024.274 ms
POST /api/getSchedule 200 496 - 5847.098 ms
POST /api/getSchedule 200 496 - 7357.874 ms
POST /api/login 201 502 - 1239.790 ms
GET /api/dashboard 201 - - 2.088 ms
GET /api/dashboard 201 - - 2.040 ms
POST /api/getSchedule 200 244 - 1343.841 ms
POST /api/getSchedule 200 244 - 1350.218 ms
POST /api/getAssignmentsJoined 200 230 - 1425.048 ms
POST /api/getAssignmentsJoined 200 230 - 3979.213 ms
GET /api/dashboard 201 - - 2.412 ms
GET /api/dashboard 201 - - 1.925 ms
GET /api/explorecourses 304 - - 366.952 ms
GET /api/explorecourses 304 - - 351.217 ms
GET /api/explorecourses 304 - - 431.662 ms
GET /api/explorecourses 304 - - 448.118 ms
GET /api/explorecourses 304 - - 500.314 ms
GET /api/explorecourses 304 - - 621.438 ms
GET /api/explorecourses 304 - - 1319.280 ms
GET /api/explorecourses 304 - - 1328.767 ms
GET /api/explorecourses 304 - - 517.271 ms
GET /api/explorecourses 304 - - 492.559 ms
GET /api/explorecourses 304 - - 421.993 ms
GET /api/explorecourses 304 - - 558.944 ms
GET /api/explorecourses 304 - - 508.279 ms
GET /api/explorecourses 304 - - 409.993 ms
GET /api/explorecourses 304 - - 408.335 ms
GET /api/explorecourses 304 - - 433.904 ms
GET /api/explorecourses 304 - - 393.144 ms
GET /api/explorecourses 304 - - 413.235 ms
GET /api/explorecourses 304 - - 414.997 ms
GET /api/explorecourses 304 - - 377.020 ms
GET /api/explorecourses 304 - - 438.411 ms
GET /api/explorecourses 304 - - 512.570 ms
GET /api/explorecourses 304 - - 394.205 ms
GET /api/explorecourses 304 - - 403.499 ms
GET /api/explorecourses 304 - - 505.850 ms
GET /api/explorecourses 304 - - 416.794 ms
GET /api/explorecourses 304 - - 412.939 ms
GET /api/explorecourses 304 - - 1436.252 ms
GET /api/explorecourses 304 - - 894.280 ms
GET /api/explorecourses 304 - - 406.981 ms
GET /api/explorecourses 304 - - 509.272 ms
GET /api/explorecourses 304 - - 505.793 ms
GET /api/explorecourses 304 - - 533.747 ms
GET /api/explorecourses 304 - - 1099.674 ms
GET /api/explorecourses 304 - - 609.279 ms
GET /api/explorecourses 304 - - 381.676 ms
GET /api/explorecourses 304 - - 400.249 ms
GET /api/explorecourses 304 - - 435.175 ms
GET /api/explorecourses 304 - - 507.506 ms
GET /api/explorecourses 304 - - 505.796 ms
GET /api/explorecourses 304 - - 506.618 ms
GET /api/explorecourses 304 - - 437.993 ms
GET /api/explorecourses 304 - - 447.191 ms
GET /api/explorecourses 304 - - 477.471 ms
GET /api/explorecourses 304 - - 569.743 ms
GET /api/explorecourses 304 - - 497.219 ms
GET /api/explorecourses 304 - - 527.026 ms
GET /api/explorecourses 304 - - 1192.227 ms
GET /api/explorecourses 304 - - 530.668 ms
GET /api/dashboard 201 - - 1.892 ms
GET /api/dashboard 201 - - 1.480 ms
GET /api/explorecourses 304 - - 522.511 ms
GET /api/explorecourses 304 - - 497.655 ms
POST /api/getjoinedcourses/ 200 - - 902.444 ms
POST /api/getjoinedcourses/ 200 - - 900.615 ms
GET /api/explorecourses 304 - - 508.709 ms
GET /api/explorecourses 304 - - 494.444 ms
GET /api/explorecourses 304 - - 513.085 ms
GET /api/explorecourses 304 - - 507.342 ms
GET /api/dashboard 201 - - 2.383 ms
GET /api/dashboard 201 - - 2.426 ms
GET /api/explorecourses 304 - - 517.190 ms
GET /api/explorecourses 304 - - 518.640 ms
POST /api/getresourcesJoined 200 118 - 968.257 ms
GET /api/explorecourses 304 - - 425.070 ms
GET /api/explorecourses 304 - - 414.347 ms
GET /api/explorecourses 304 - - 442.705 ms
GET /api/dashboard 201 - - 2.735 ms
GET /api/dashboard 201 - - 1.651 ms
GET /api/explorecourses 304 - - 518.566 ms
GET /api/explorecourses 304 - - 395.851 ms
POST /api/getresourcesJoined 200 118 - 3197.332 ms
POST /api/getAssignmentsJoined 200 230 - 823.392 ms
GET /api/explorecourses 304 - - 499.286 ms
GET /api/explorecourses 304 - - 508.140 ms
GET /api/explorecourses 304 - - 503.818 ms
GET /api/explorecourses 304 - - 454.033 ms
GET /api/dashboard 201 - - 1.533 ms
GET /api/dashboard 201 - - 1.147 ms
GET /api/explorecourses 304 - - 421.959 ms
GET /api/getupdateuser?userId=65d65f517eb02682ab1ea219 200 576 - 416.538 ms
GET /api/explorecourses 304 - - 437.950 ms
GET /api/getupdateuser?userId=65d65f517eb02682ab1ea219 304 - - 468.908 ms
GET /api/explorecourses 304 - - 474.966 ms
POST /api/getAssignmentsJoined 200 230 - 4378.831 ms
GET /api/explorecourses 304 - - 451.498 ms
GET /api/explorecourses 304 - - 477.004 ms
GET /api/explorecourses 304 - - 443.885 ms
GET /api/dashboard 201 - - 1.793 ms
GET /api/dashboard 201 - - 1.291 ms
GET /api/explorecourses 304 - - 509.896 ms
GET /api/explorecourses 304 - - 506.409 ms
POST /api/getSchedule 200 244 - 1383.399 ms
POST /api/getSchedule 200 244 - 1393.932 ms
GET /api/explorecourses 304 - - 512.896 ms
GET /api/explorecourses 304 - - 608.201 ms
POST /api/getAssignmentsJoined 200 230 - 1014.945 ms
POST /api/getAssignmentsJoined 200 230 - 1040.538 ms
GET /api/explorecourses 304 - - 442.693 ms
GET /api/explorecourses 304 - - 435.866 ms
GET /api/explorecourses 304 - - 530.021 ms
GET /api/explorecourses 200 - - 426.849 ms
GET /api/explorecourses 304 - - 506.820 ms
GET /api/explorecourses 200 - - 427.783 ms
GET /api/logout 304 - - 2.472 ms
GET /api/explorecourses - - - - ms
GET /api/explorecourses - - - - ms
GET /api/explorecourses - - - - ms
POST /api/login 201 258 - 1022.691 ms
