POST /api/login 201 450 - 643.254 ms
GET /api/dashboard 201 - - 1.836 ms
GET /api/dashboard 201 - - 1.301 ms
POST /api/login 201 646 - 757.016 ms
POST /api/getcreatedcourses/ 200 - - 635.889 ms
POST /api/getcreatedcourses/ 200 - - 697.166 ms
POST /api/getcreatedcourses/ 200 - - 544.419 ms
POST /api/getcreatedcourses/ 200 - - 600.557 ms
GET /api/getassignments 304 - - 263.212 ms
GET /api/getassignments 304 - - 304.187 ms
POST /api/getcreatedcourses/ 200 - - 516.351 ms
POST /api/getcreatedcourses/ 200 - - 565.227 ms
GET /api/getassignments 304 - - 322.142 ms
GET /api/getassignments 304 - - 303.786 ms
POST /api/login 201 646 - 937.722 ms
POST /api/getcreatedcourses/ 200 - - 695.031 ms
POST /api/getcreatedcourses/ 200 - - 732.172 ms
GET /api/getCourse?courseId=65700f59c64290ce8de72138 404 152 - 2.636 ms
GET /api/getCourse?courseId=65700f59c64290ce8de72138 404 152 - 1.596 ms
GET /api/getassignments 304 - - 357.670 ms
GET /api/getassignments 304 - - 413.576 ms
GET /api/getCourse?courseId=65700f59c64290ce8de72138 404 152 - 0.738 ms
GET /api/getCourse?courseId=65700f59c64290ce8de72138 404 152 - 1.245 ms
GET /api/getassignments 304 - - 291.942 ms
GET /api/getassignments 304 - - 263.059 ms
POST /api/login 201 646 - 922.159 ms
POST /api/getcreatedcourses/ 200 - - 511.212 ms
POST /api/getcreatedcourses/ 200 - - 592.113 ms
GET /api/getCourse?courseId=6570128d60d9264f822f9a35 304 - - 342.259 ms
GET /api/getassignments 304 - - 350.833 ms
GET /api/getassignments 304 - - 240.877 ms
GET /api/getCourse?courseId=6570128d60d9264f822f9a35 304 - - 294.373 ms
GET /api/getCourse?courseId=6570128d60d9264f822f9a35 304 - - 257.398 ms
GET /api/getassignments 304 - - 281.897 ms
GET /api/getCourse?courseId=6570128d60d9264f822f9a35 304 - - 303.495 ms
GET /api/getassignments 304 - - 288.438 ms
GET /api/getassignments 304 - - 391.592 ms
GET /api/getassignments 304 - - 310.497 ms
POST /api/login 201 646 - 835.257 ms
POST /api/getcreatedcourses/ 200 - - 587.521 ms
POST /api/getcreatedcourses/ 200 - - 644.949 ms
GET /api/getCourse?courseId=6570128d60d9264f822f9a35 304 - - 229.661 ms
GET /api/getassignments 304 - - 268.333 ms
GET /api/getCourse?courseId=6570128d60d9264f822f9a35 304 - - 232.189 ms
GET /api/getassignments 304 - - 270.857 ms
POST /api/addassignment 201 45 - 302.882 ms
GET /api/getassignments 200 367 - 283.844 ms
GET /api/getassignments 304 - - 271.701 ms
GET /api/getassignments 304 - - 269.635 ms
POST /api/getcreatedcourses/ 200 - - 592.912 ms
POST /api/getcreatedcourses/ 200 - - 658.987 ms
POST /api/login 201 646 - 693.197 ms
POST /api/getcreatedcourses/ 200 - - 564.567 ms
POST /api/getcreatedcourses/ 200 - - 608.392 ms
GET /api/getCourse?courseId=6570128d60d9264f822f9a35 304 - - 263.231 ms
GET /api/getCourse?courseId=6570128d60d9264f822f9a35 304 - - 267.079 ms
POST /api/login 201 646 - 624.496 ms
POST /api/getcreatedcourses/ 200 - - 534.801 ms
POST /api/getcreatedcourses/ 200 - - 564.705 ms
GET /api/getCourse?courseId=6570128d60d9264f822f9a35 304 - - 262.940 ms
GET /api/getCourse?courseId=6570128d60d9264f822f9a35 304 - - 264.435 ms
GET /api/getassignments 304 - - 256.786 ms
GET /api/getassignments 304 - - 259.542 ms
GET /api/getassignments 304 - - 257.084 ms
GET /api/getCourse?courseId=6570128d60d9264f822f9a35 304 - - 260.372 ms
POST /api/login 201 646 - 693.855 ms
POST /api/getcreatedcourses/ 200 - - 541.307 ms
POST /api/getcreatedcourses/ 200 - - 571.909 ms
GET /api/getCourse?courseId=6570128d60d9264f822f9a35 304 - - 255.986 ms
GET /api/getassignments 304 - - 260.177 ms
GET /api/getassignments 304 - - 250.118 ms
GET /api/getCourse?courseId=6570128d60d9264f822f9a35 304 - - 261.662 ms
POST /api/getcreatedcourses/ 200 - - 526.453 ms
POST /api/getcreatedcourses/ 200 - - 550.694 ms
GET /api/getCourse?courseId=6570128d60d9264f822f9a35 304 - - 252.876 ms
GET /api/getassignments 304 - - 259.237 ms
GET /api/getassignments 304 - - 249.640 ms
GET /api/getCourse?courseId=6570128d60d9264f822f9a35 304 - - 259.224 ms
POST /api/addassignment 201 45 - 282.705 ms
GET /api/getassignments 200 455 - 260.229 ms
POST /api/addassignment 201 45 - 262.431 ms
GET /api/getassignments 200 543 - 258.283 ms
POST /api/getcreatedcourses/ 200 - - 561.576 ms
POST /api/getcreatedcourses/ 200 - - 604.479 ms
GET /api/getCourse?courseId=6570128d60d9264f822f9a35 304 - - 259.468 ms
GET /api/getassignments 304 - - 264.060 ms
GET /api/getassignments 304 - - 261.484 ms
GET /api/getCourse?courseId=6570128d60d9264f822f9a35 304 - - 271.377 ms
