POST /api/login 201 511 - 1748.357 ms
POST /api/getSchedule 200 496 - 9527.179 ms
POST /api/getSchedule 200 496 - 9523.421 ms
POST /api/getcreatedcourses/ 200 - - 1654.683 ms
POST /api/getcreatedcourses/ 200 - - 1663.217 ms
GET /api/getCourse?courseId=65700f59c64290ce8de72138 304 - - 806.198 ms
GET /api/getCourse?courseId=65700f59c64290ce8de72138 304 - - 820.278 ms
POST /api/getcourseassignments 200 122 - 1625.897 ms
POST /api/getcourseassignments 200 122 - 1666.480 ms
POST /api/getcreatedcourses/ 200 - - 1534.253 ms
GET /api/getCourse?courseId=65700f59c64290ce8de72138 304 - - 752.061 ms
GET /api/getCourse?courseId=65700f59c64290ce8de72138 304 - - 856.215 ms
POST /api/getcourseassignments 200 122 - 2254.265 ms
POST /api/getSchedule 200 496 - 10353.971 ms
POST /api/getSchedule 200 496 - 10390.478 ms
POST /api/getcreatedcourses/ 200 - - 6469.442 ms
POST /api/getcourseassignments 200 122 - 6217.981 ms
POST /api/getresources 200 118 - 1686.632 ms
POST /api/getresources 200 118 - 2124.542 ms
POST /api/getSchedulesByCourse 200 119 - 1676.036 ms
POST /api/getSchedulesByCourse 200 119 - 1697.626 ms
POST /api/getresources 200 118 - 1711.668 ms
POST /api/getresources 200 118 - 1717.010 ms
POST /api/getParticipants 200 578 - 1706.524 ms
POST /api/getParticipants 200 578 - 1713.856 ms
POST /api/getSchedule 200 496 - 10092.292 ms
POST /api/getSchedule 200 496 - 10695.429 ms
POST /api/getcreatedcourses/ 200 - - 1589.642 ms
POST /api/getcreatedcourses/ 200 - - 1608.105 ms
POST /api/getcreatedcourses/ 200 - - 1545.636 ms
POST /api/getcreatedcourses/ 200 - - 1599.999 ms
GET /api/getCourse?courseId=65700f59c64290ce8de72138 304 - - 743.278 ms
POST /api/getcourseassignments 200 122 - 1348.620 ms
POST /api/getcourseassignments 200 122 - 1397.375 ms
GET /api/getCourse?courseId=65700f59c64290ce8de72138 304 - - 728.096 ms
POST /api/getSchedule 200 496 - 9421.685 ms
POST /api/getSchedule 200 496 - 10072.511 ms
POST /api/login 201 258 - 1661.252 ms
POST /api/getSchedule 200 496 - 9240.354 ms
POST /api/getSchedule 200 496 - 9404.652 ms
POST /api/login 201 258 - 2598.140 ms
POST /api/login 201 258 - 2812.596 ms
