POST /api/login 201 538 - 748.706 ms
POST /api/getSchedule 200 525 - 3870.414 ms
POST /api/getSchedule 200 525 - 5004.306 ms
POST /api/getSchedule 200 525 - 3812.011 ms
POST /api/getSchedule 200 525 - 4921.705 ms
POST /api/getSchedule 200 525 - 4305.611 ms
POST /api/getSchedule - - - - ms
POST /api/getSchedule 200 525 - 4284.370 ms
POST /api/getSchedule 200 525 - 4844.320 ms
POST /api/getSchedule 200 525 - 8831.127 ms
POST /api/getSchedule 200 525 - 9443.713 ms
POST /api/addRoom 200 37 - 1349.276 ms
POST /api/getSchedule 200 525 - 6135.445 ms
POST /api/getSchedule 200 525 - 6883.694 ms
POST /api/getcreatedcourses/ 200 - - 4588.193 ms
POST /api/getcreatedcourses/ 200 - - 4659.297 ms
POST /api/getcreatedcourses/ 200 - - 876.666 ms
POST /api/getcreatedcourses/ 200 - - 881.486 ms
POST /api/addRoom 200 37 - 1323.324 ms
POST /api/addRoom 200 37 - 1308.521 ms
GET /api/getupdateuser?userId=656f6e20472a719cf5e95137 200 693 - 442.694 ms
GET /api/getupdateuser?userId=656f6e20472a719cf5e95137 304 - - 461.924 ms
GET /api/getupdateuser?userId=656f6e20472a719cf5e95137 304 - - 447.179 ms
GET /api/getupdateuser?userId=656f6e20472a719cf5e95137 304 - - 438.310 ms
GET /api/getupdateuser?userId=656f6e20472a719cf5e95137 304 - - 4035.279 ms
GET /api/getupdateuser?userId=656f6e20472a719cf5e95137 304 - - 373.095 ms
POST /api/getSchedule 200 525 - 5521.853 ms
GET /api/getupdateuser?userId=656f6e20472a719cf5e95137 304 - - 615.016 ms
POST /api/getSchedule 200 525 - 10028.306 ms
GET /api/getupdateuser?userId=656f6e20472a719cf5e95137 304 - - 1225.730 ms
GET /api/getupdateuser?userId=656f6e20472a719cf5e95137 - - - - ms
POST /api/getSchedule 200 525 - 13350.678 ms
POST /api/getSchedule 200 525 - 14757.086 ms
GET /api/getupdateuser?userId=656f6e20472a719cf5e95137 200 693 - 4329.981 ms
GET /api/getupdateuser?userId=656f6e20472a719cf5e95137 304 - - 704.759 ms
POST /api/getcreatedcourses/ 200 - - 1463.391 ms
POST /api/getcreatedcourses/ 200 - - 4431.967 ms
POST /api/getSchedule 200 525 - 14062.611 ms
POST /api/getSchedule 200 525 - 18357.920 ms
GET /api/getupdateuser?userId=656f6e20472a719cf5e95137 304 - - 9516.001 ms
GET /api/getupdateuser?userId=656f6e20472a719cf5e95137 304 - - 805.542 ms
GET /api/getupdateuser?userId=656f6e20472a719cf5e95137 304 - - 730.710 ms
POST /api/getSchedule 200 525 - 10744.054 ms
POST /api/getSchedule 200 525 - 11456.293 ms
GET /api/getupdateuser?userId=656f6e20472a719cf5e95137 304 - - 592.467 ms
GET /api/getupdateuser?userId=656f6e20472a719cf5e95137 304 - - 677.292 ms
GET /api/getupdateuser?userId=656f6e20472a719cf5e95137 304 - - 4578.792 ms
POST /api/getSchedule 200 525 - 8360.659 ms
GET /api/getupdateuser?userId=656f6e20472a719cf5e95137 304 - - 1030.743 ms
GET /api/getupdateuser?userId=656f6e20472a719cf5e95137 304 - - 593.463 ms
POST /api/getSchedule 200 525 - 14156.016 ms
POST /api/updateuser 500 33 - 12.795 ms
