POST /api/login 201 673 - 919.172 ms
POST /api/getcreatedcourses/ 200 - - 787.226 ms
POST /api/getcreatedcourses/ 200 - - 841.902 ms
POST /api/getcreatedcourses/ 200 - - 934.081 ms
POST /api/getcreatedcourses/ 200 - - 1362.188 ms
POST /api/login 201 673 - 869.763 ms
POST /api/login 201 673 - 1670.570 ms
POST /api/getcreatedcourses/ 200 - - 877.014 ms
POST /api/getcreatedcourses/ 200 - - 916.715 ms
GET /api/getCourse?courseId=6570128d60d9264f822f9a35 304 - - 475.708 ms
GET /api/getassignments 200 459 - 483.625 ms
GET /api/getassignments 304 - - 434.051 ms
GET /api/getCourse?courseId=6570128d60d9264f822f9a35 304 - - 441.275 ms
POST /api/getcreatedcourses/ 200 - - 939.426 ms
POST /api/getcreatedcourses/ 200 - - 950.274 ms
POST /api/addRoom 200 37 - 1347.701 ms
POST /api/getcreatedcourses/ 200 - - 940.307 ms
POST /api/getcreatedcourses/ 200 - - 1475.910 ms
GET /api/getCourse?courseId=65d98e396bd602da71275140 200 239 - 437.166 ms
GET /api/getassignments 304 - - 443.118 ms
GET /api/getassignments 304 - - 405.675 ms
GET /api/getCourse?courseId=65d98e396bd602da71275140 304 - - 410.553 ms
POST /api/getcreatedcourses/ 200 - - 1634.619 ms
POST /api/getcreatedcourses/ 200 - - 2536.273 ms
POST /api/getcreatedcourses/ 200 - - 944.804 ms
POST /api/getcreatedcourses/ 200 - - 1632.874 ms
POST /api/getcreatedcourses/ 200 - - 987.504 ms
POST /api/getcreatedcourses/ 200 - - 991.329 ms
POST /api/getcreatedcourses/ 200 - - 1202.147 ms
POST /api/getcreatedcourses/ 200 - - 1651.800 ms
POST /api/getcreatedcourses/ 200 - - 887.522 ms
POST /api/getcreatedcourses/ 200 - - 909.894 ms
POST /api/getcreatedcourses/ 200 - - 896.033 ms
POST /api/addRoom 200 37 - 1393.298 ms
POST /api/getcreatedcourses/ 200 - - 852.915 ms
POST /api/getcreatedcourses/ 200 - - 894.747 ms
POST /api/getcreatedcourses/ 200 - - 1486.543 ms
POST /api/getcreatedcourses/ 200 - - 1489.137 ms
POST /api/getcreatedcourses/ 200 - - 651.044 ms
POST /api/getcreatedcourses/ 200 - - 654.202 ms
POST /api/addRoom 200 37 - 998.436 ms
POST /api/getcreatedcourses/ 200 - - 755.216 ms
POST /api/getcreatedcourses/ 200 - - 766.477 ms
POST /api/getcreatedcourses/ 200 - - 604.928 ms
POST /api/getcreatedcourses/ 200 - - 612.047 ms
POST /api/getcreatedcourses/ 200 - - 674.568 ms
POST /api/getcreatedcourses/ 200 - - 687.583 ms
POST /api/getcreatedcourses/ 200 - - 594.816 ms
POST /api/getcreatedcourses/ 200 - - 635.945 ms
POST /api/addRoom 200 37 - 831.617 ms
POST /api/getcreatedcourses/ 200 - - 535.873 ms
POST /api/getcreatedcourses/ 200 - - 545.535 ms
POST /api/getcreatedcourses/ 200 - - 813.325 ms
POST /api/getcreatedcourses/ 200 - - 833.056 ms
POST /api/getcreatedcourses/ 200 - - 493.631 ms
POST /api/getcreatedcourses/ 200 - - 500.673 ms
POST /api/getcreatedcourses/ 200 - - 1778.185 ms
POST /api/getcreatedcourses/ 200 - - 1788.754 ms
GET /api/getassignments 304 - - 365.425 ms
GET /api/getCourse?courseId=65d98e396bd602da71275140 304 - - 382.963 ms
GET /api/getassignments 304 - - 279.923 ms
GET /api/getCourse?courseId=65d98e396bd602da71275140 304 - - 272.904 ms
POST /api/getcreatedcourses/ 200 - - 600.552 ms
POST /api/getcreatedcourses/ 200 - - 607.370 ms
POST /api/getcreatedcourses/ 200 - - 621.656 ms
POST /api/getcreatedcourses/ 200 - - 1070.173 ms
POST /api/getcreatedcourses/ 200 - - 511.753 ms
POST /api/getcreatedcourses/ 200 - - 515.721 ms
GET /api/getassignments 304 - - 250.996 ms
GET /api/getCourse?courseId=65700f59c64290ce8de72138 200 291 - 254.550 ms
GET /api/getCourse?courseId=65700f59c64290ce8de72138 304 - - 281.830 ms
GET /api/getassignments 304 - - 290.609 ms
GET /api/getCourse?courseId=65700f59c64290ce8de72138 304 - - 290.661 ms
GET /api/getCourse?courseId=65700f59c64290ce8de72138 304 - - 250.181 ms
GET /api/getassignments 304 - - 304.170 ms
GET /api/getCourse?courseId=65700f59c64290ce8de72138 304 - - 302.818 ms
GET /api/getCourse?courseId=65700f59c64290ce8de72138 304 - - 254.862 ms
GET /api/getassignments 304 - - 256.968 ms
GET /api/getCourse?courseId=65700f59c64290ce8de72138 304 - - 259.854 ms
GET /api/getassignments 304 - - 265.532 ms
GET /api/getCourse?courseId=65700f59c64290ce8de72138 304 - - 248.796 ms
GET /api/getassignments 304 - - 254.702 ms
POST /api/getcreatedcourses/ 200 - - 503.484 ms
POST /api/getcreatedcourses/ 200 - - 506.028 ms
GET /api/getassignments 304 - - 252.834 ms
GET /api/getCourse?courseId=6570128d60d9264f822f9a35 200 287 - 252.487 ms
GET /api/getassignments 304 - - 249.172 ms
GET /api/getCourse?courseId=6570128d60d9264f822f9a35 304 - - 252.234 ms
GET /api/getassignments 304 - - 254.205 ms
GET /api/getCourse?courseId=6570128d60d9264f822f9a35 304 - - 250.774 ms
GET /api/getassignments 304 - - 257.718 ms
GET /api/getCourse?courseId=6570128d60d9264f822f9a35 304 - - 256.718 ms
POST /api/getcreatedcourses/ 200 - - 509.433 ms
POST /api/getcreatedcourses/ 200 - - 512.353 ms
GET /api/getassignments 304 - - 252.580 ms
GET /api/getCourse?courseId=65700f59c64290ce8de72138 304 - - 250.911 ms
GET /api/getassignments 304 - - 252.460 ms
GET /api/getCourse?courseId=65700f59c64290ce8de72138 304 - - 252.998 ms
GET /api/getassignments 304 - - 252.685 ms
GET /api/getCourse?courseId=65700f59c64290ce8de72138 304 - - 252.475 ms
GET /api/getassignments 304 - - 250.965 ms
GET /api/getCourse?courseId=65700f59c64290ce8de72138 304 - - 250.354 ms
POST /api/getcreatedcourses/ 200 - - 503.173 ms
POST /api/getcreatedcourses/ 200 - - 508.665 ms
GET /api/getassignments 304 - - 258.907 ms
GET /api/getCourse?courseId=65700f59c64290ce8de72138 304 - - 257.611 ms
GET /api/getassignments 304 - - 248.804 ms
GET /api/getCourse?courseId=65700f59c64290ce8de72138 304 - - 256.329 ms
GET /api/getassignments 304 - - 254.062 ms
GET /api/getCourse?courseId=65700f59c64290ce8de72138 304 - - 261.120 ms
GET /api/getassignments 304 - - 252.706 ms
GET /api/getCourse?courseId=65700f59c64290ce8de72138 304 - - 251.330 ms
POST /api/getcreatedcourses/ 200 - - 512.562 ms
POST /api/getcreatedcourses/ 200 - - 514.720 ms
GET /api/getassignments 304 - - 257.308 ms
GET /api/getCourse?courseId=65700f59c64290ce8de72138 304 - - 259.255 ms
GET /api/getassignments 304 - - 249.109 ms
GET /api/getCourse?courseId=65700f59c64290ce8de72138 304 - - 248.680 ms
GET /api/getCourse?courseId=65700f59c64290ce8de72138 304 - - 271.635 ms
GET /api/getassignments 304 - - 283.189 ms
GET /api/getCourse?courseId=65700f59c64290ce8de72138 304 - - 260.356 ms
GET /api/getassignments 304 - - 264.800 ms
GET /api/getassignments 304 - - 250.831 ms
GET /api/getCourse?courseId=65700f59c64290ce8de72138 304 - - 250.860 ms
GET /api/getassignments 304 - - 252.149 ms
GET /api/getCourse?courseId=65700f59c64290ce8de72138 304 - - 252.758 ms
GET /api/getCourse?courseId=65700f59c64290ce8de72138 304 - - 257.537 ms
GET /api/getassignments 304 - - 259.325 ms
GET /api/getassignments 304 - - 253.226 ms
GET /api/getCourse?courseId=65700f59c64290ce8de72138 304 - - 255.599 ms
GET /api/getassignments 304 - - 252.802 ms
GET /api/getCourse?courseId=65700f59c64290ce8de72138 304 - - 256.884 ms
GET /api/getassignments 304 - - 255.765 ms
GET /api/getCourse?courseId=65700f59c64290ce8de72138 304 - - 251.446 ms
GET /api/getassignments 304 - - 249.469 ms
GET /api/getCourse?courseId=65700f59c64290ce8de72138 304 - - 250.246 ms
GET /api/getassignments 304 - - 249.668 ms
GET /api/getCourse?courseId=65700f59c64290ce8de72138 304 - - 251.018 ms
GET /api/getassignments 304 - - 253.813 ms
GET /api/getCourse?courseId=65700f59c64290ce8de72138 304 - - 253.767 ms
GET /api/getCourse?courseId=65700f59c64290ce8de72138 304 - - 249.398 ms
GET /api/getassignments 304 - - 251.398 ms
GET /api/getCourse?courseId=65700f59c64290ce8de72138 304 - - 252.753 ms
GET /api/getCourse?courseId=65700f59c64290ce8de72138 304 - - 252.177 ms
GET /api/getCourse?courseId=65700f59c64290ce8de72138 304 - - 253.433 ms
POST /api/getcreatedcourses/ 200 - - 536.605 ms
POST /api/getcreatedcourses/ 200 - - 578.230 ms
GET /api/getassignments 304 - - 267.380 ms
GET /api/getCourse?courseId=65700f59c64290ce8de72138 304 - - 264.750 ms
GET /api/getassignments 304 - - 257.533 ms
GET /api/getCourse?courseId=65700f59c64290ce8de72138 304 - - 257.019 ms
GET /api/getassignments 304 - - 251.621 ms
GET /api/getCourse?courseId=65700f59c64290ce8de72138 304 - - 253.232 ms
GET /api/getassignments 304 - - 263.921 ms
GET /api/getCourse?courseId=65700f59c64290ce8de72138 304 - - 261.846 ms
GET /api/getCourse?courseId=65700f59c64290ce8de72138 304 - - 247.835 ms
GET /api/getCourse?courseId=65700f59c64290ce8de72138 304 - - 258.853 ms
GET /api/getCourse?courseId=65700f59c64290ce8de72138 304 - - 252.958 ms
GET /api/getCourse?courseId=65700f59c64290ce8de72138 304 - - 249.922 ms
GET /api/getCourse?courseId=65700f59c64290ce8de72138 304 - - 297.147 ms
GET /api/getassignments 304 - - 268.865 ms
GET /api/getassignments 304 - - 261.143 ms
GET /api/getCourse?courseId=65700f59c64290ce8de72138 304 - - 325.659 ms
GET /api/getassignments 304 - - 331.536 ms
GET /api/getCourse?courseId=65700f59c64290ce8de72138 304 - - 251.549 ms
GET /api/getassignments 304 - - 261.894 ms
GET /api/getassignments - - - - ms
GET /api/getCourse?courseId=65700f59c64290ce8de72138 - - - - ms
