POST /api/login 201 502 - 2061.094 ms
GET /api/dashboard 201 - - 2.642 ms
GET /api/dashboard 201 - - 2.949 ms
POST /api/login 201 502 - 919.980 ms
POST /api/getSchedule 200 244 - 1126.930 ms
POST /api/getSchedule 200 244 - 1135.769 ms
POST /api/getAssignmentsJoined 200 230 - 1087.257 ms
POST /api/getAssignmentsJoined 200 230 - 4996.650 ms
GET /api/dashboard 201 - - 0.991 ms
GET /api/dashboard 201 - - 1.584 ms
GET /api/explorecourses 200 - - 3951.671 ms
GET /api/dashboard 201 - - 4.938 ms
GET /api/dashboard 201 - - 1.224 ms
POST /api/getSchedule 200 244 - 2186.051 ms
POST /api/getSchedule 200 244 - 2185.337 ms
GET /api/explorecourses 304 - - 2721.951 ms
GET /api/explorecourses 304 - - 1064.053 ms
POST /api/getAssignmentsJoined 200 230 - 1133.167 ms
GET /api/explorecourses 304 - - 667.606 ms
GET /api/dashboard 201 - - 0.672 ms
GET /api/dashboard 201 - - 1.952 ms
POST /api/getAssignmentsJoined 200 230 - 3584.533 ms
GET /api/explorecourses 304 - - 985.136 ms
GET /api/explorecourses 304 - - 985.071 ms
GET /api/explorecourses 304 - - 523.265 ms
GET /api/explorecourses 304 - - 918.131 ms
GET /api/explorecourses 304 - - 414.449 ms
GET /api/explorecourses 304 - - 444.119 ms
GET /api/explorecourses 304 - - 683.476 ms
GET /api/explorecourses 304 - - 636.567 ms
GET /api/explorecourses 304 - - 1002.751 ms
GET /api/explorecourses 304 - - 703.274 ms
GET /api/explorecourses 304 - - 925.009 ms
GET /api/explorecourses 304 - - 455.047 ms
GET /api/explorecourses 304 - - 441.760 ms
GET /api/explorecourses 304 - - 699.802 ms
GET /api/dashboard 201 - - 1.798 ms
GET /api/dashboard 201 - - 1.182 ms
GET /api/explorecourses 304 - - 445.315 ms
GET /api/explorecourses 304 - - 880.308 ms
POST /api/getjoinedcourses/ 200 - - 1352.347 ms
POST /api/getjoinedcourses/ 200 - - 1358.141 ms
GET /api/explorecourses 304 - - 1113.989 ms
GET /api/explorecourses 304 - - 1113.880 ms
GET /api/explorecourses 304 - - 832.819 ms
GET /api/dashboard 201 - - 2.257 ms
GET /api/dashboard 201 - - 1.973 ms
GET /api/explorecourses 304 - - 691.315 ms
GET /api/explorecourses 304 - - 679.734 ms
POST /api/getresourcesJoined 200 118 - 1486.411 ms
POST /api/getresourcesJoined 200 118 - 1478.883 ms
GET /api/explorecourses 304 - - 788.658 ms
GET /api/explorecourses 304 - - 995.867 ms
GET /api/explorecourses 304 - - 831.045 ms
GET /api/dashboard 201 - - 2.382 ms
GET /api/dashboard 201 - - 3.421 ms
GET /api/explorecourses 304 - - 434.471 ms
GET /api/explorecourses 304 - - 827.583 ms
POST /api/getAssignmentsJoined 200 230 - 1486.678 ms
GET /api/explorecourses 304 - - 644.160 ms
GET /api/explorecourses 304 - - 436.560 ms
GET /api/explorecourses 304 - - 1191.275 ms
POST /api/getAssignmentsJoined 200 230 - 3147.361 ms
GET /api/dashboard 201 - - 0.778 ms
GET /api/dashboard 201 - - 1.779 ms
GET /api/explorecourses 304 - - 2033.472 ms
POST /api/getjoinedcourses/ 200 - - 1527.971 ms
POST /api/getjoinedcourses/ 200 - - 3962.758 ms
GET /api/getCourse?courseId=65700f59c64290ce8de72138 304 - - 647.046 ms
POST /api/getcourseassignments 200 122 - 971.319 ms
POST /api/getcourseassignments 200 122 - 978.674 ms
GET /api/getCourse?courseId=65700f59c64290ce8de72138 304 - - 444.803 ms
POST /api/getresources 200 118 - 2024.470 ms
POST /api/getresources 200 118 - 2031.727 ms
POST /api/getSchedulesByCourse 200 119 - 1592.932 ms
POST /api/getSchedulesByCourse 200 119 - 1599.075 ms
POST /api/getParticipants 200 578 - 726.847 ms
POST /api/getParticipants 200 578 - 819.705 ms
GET /api/dashboard 201 - - 0.973 ms
GET /api/dashboard 201 - - 0.891 ms
GET /api/dashboard 201 - - 1.662 ms
GET /api/dashboard 201 - - 1.629 ms
GET /api/getupdateuser?userId=65d65f517eb02682ab1ea219 304 - - 334.964 ms
POST /api/getSchedule 200 244 - 3532.306 ms
POST /api/getSchedule 200 244 - 3709.637 ms
GET /api/getupdateuser?userId=65d65f517eb02682ab1ea219 304 - - 447.517 ms
POST /api/getAssignmentsJoined 200 230 - 674.991 ms
POST /api/getAssignmentsJoined 200 230 - 718.834 ms
POST /api/signup 500 31 - 481.222 ms
POST /api/login 400 57 - 899.223 ms
POST /api/login 400 57 - 656.959 ms
POST /api/signup 500 31 - 519.270 ms
POST /api/login 400 57 - 837.697 ms
POST /api/login 201 502 - 4631.141 ms
GET /api/dashboard 201 - - 5.340 ms
GET /api/dashboard 201 - - 1.647 ms
POST /api/getSchedule 200 244 - 1410.949 ms
POST /api/getSchedule 200 244 - 3099.722 ms
POST /api/getAssignmentsJoined 200 230 - 871.583 ms
POST /api/getAssignmentsJoined 200 230 - 3854.153 ms
GET /api/dashboard 201 - - 2.505 ms
GET /api/dashboard 201 - - 2.332 ms
GET /api/getupdateuser?userId=65d65f517eb02682ab1ea219 304 - - 904.635 ms
GET /api/getupdateuser?userId=65d65f517eb02682ab1ea219 304 - - 2484.567 ms
POST /api/updateuser 500 33 - 20.040 ms
POST /api/updateuser 500 33 - 12.202 ms
GET /api/dashboard 201 - - 2.739 ms
GET /api/dashboard 201 - - 1.173 ms
POST /api/getSchedule 200 244 - 1946.839 ms
POST /api/getSchedule 200 244 - 2397.397 ms
POST /api/getAssignmentsJoined 200 230 - 1026.213 ms
GET /api/dashboard 201 - - 1.593 ms
GET /api/dashboard 201 - - 1.568 ms
GET /api/getupdateuser?userId=65d65f517eb02682ab1ea219 304 - - 513.277 ms
GET /api/getupdateuser?userId=65d65f517eb02682ab1ea219 304 - - 440.581 ms
POST /api/getAssignmentsJoined 200 230 - 5102.395 ms
POST /api/login 201 502 - 1396.201 ms
GET /api/dashboard 201 - - 1.398 ms
GET /api/dashboard 201 - - 1.210 ms
POST /api/getSchedule 200 244 - 1202.967 ms
POST /api/getSchedule 200 244 - 1200.024 ms
POST /api/getAssignmentsJoined 200 230 - 884.732 ms
POST /api/getAssignmentsJoined 200 230 - 875.595 ms
GET /api/dashboard 201 - - 2.089 ms
GET /api/dashboard 201 - - 1.990 ms
GET /api/getupdateuser?userId=66082830485912a27d9aef54 200 576 - 624.873 ms
GET /api/getupdateuser?userId=66082830485912a27d9aef54 304 - - 630.116 ms
GET /api/dashboard 201 - - 1.104 ms
GET /api/dashboard 201 - - 1.483 ms
POST /api/getAssignmentsJoined 200 230 - 1131.638 ms
POST /api/getAssignmentsJoined 200 230 - 1138.276 ms
GET /api/dashboard 201 - - 7.965 ms
GET /api/dashboard 201 - - 1.699 ms
POST /api/getresourcesJoined 200 118 - 1037.759 ms
POST /api/getresourcesJoined 200 118 - 1048.461 ms
GET /api/dashboard 201 - - 2.023 ms
GET /api/dashboard 201 - - 1.493 ms
POST /api/getjoinedcourses/ 200 - - 1489.656 ms
POST /api/getjoinedcourses/ 200 - - 1495.706 ms
GET /api/dashboard 201 - - 1.802 ms
GET /api/dashboard 201 - - 1.771 ms
POST /api/getSchedule 200 244 - 1638.158 ms
POST /api/getSchedule 200 244 - 1636.476 ms
POST /api/getAssignmentsJoined 200 230 - 616.747 ms
POST /api/getAssignmentsJoined 200 230 - 626.746 ms
GET /api/dashboard 201 - - 1.166 ms
GET /api/dashboard 201 - - 1.646 ms
POST /api/getjoinedcourses/ 200 - - 1075.662 ms
POST /api/getjoinedcourses/ 200 - - 1085.385 ms
GET /api/getCourse?courseId=65700f59c64290ce8de72138 304 - - 411.331 ms
POST /api/getcourseassignments 200 122 - 675.181 ms
POST /api/getcourseassignments 200 122 - 676.214 ms
GET /api/getCourse?courseId=65700f59c64290ce8de72138 304 - - 277.233 ms
GET /api/dashboard 201 - - 1.218 ms
GET /api/dashboard 201 - - 1.088 ms
GET /api/dashboard 201 - - 1.084 ms
POST /api/getSchedule 200 244 - 1386.923 ms
POST /api/getSchedule 200 244 - 1393.153 ms
GET /api/dashboard 201 - - 1.857 ms
GET /api/explorecourses 304 - - 1027.651 ms
POST /api/getAssignmentsJoined 200 230 - 1005.267 ms
GET /api/explorecourses 304 - - 384.292 ms
GET /api/explorecourses 304 - - 660.428 ms
GET /api/explorecourses 304 - - 492.757 ms
GET /api/explorecourses 304 - - 697.212 ms
GET /api/explorecourses 304 - - 512.261 ms
POST /api/getAssignmentsJoined 200 230 - 4371.619 ms
GET /api/explorecourses 304 - - 606.196 ms
GET /api/explorecourses 304 - - 990.330 ms
GET /api/explorecourses 304 - - 322.990 ms
GET /api/explorecourses 304 - - 528.350 ms
GET /api/explorecourses 304 - - 281.877 ms
POST /api/payment/orders 200 238 - 1536.864 ms
GET /api/explorecourses 304 - - 881.727 ms
POST /api/buycourse 400 34 - 782.615 ms
GET /api/dashboard 201 - - 2.087 ms
GET /api/dashboard 201 - - 1.300 ms
POST /api/getSchedule 200 244 - 1267.764 ms
POST /api/getSchedule 200 244 - 1273.238 ms
POST /api/getAssignmentsJoined 200 230 - 1028.407 ms
POST /api/getAssignmentsJoined 200 230 - 1023.435 ms
POST /api/login 201 511 - 1359.640 ms
POST /api/getSchedule 200 496 - 4465.708 ms
POST /api/getSchedule 200 496 - 4472.882 ms
POST /api/getcreatedcourses/ 200 - - 540.582 ms
POST /api/getcreatedcourses/ 200 - - 552.033 ms
GET /api/getCourse?courseId=65700f59c64290ce8de72138 304 - - 646.885 ms
POST /api/getcourseassignments 200 122 - 946.909 ms
POST /api/getcourseassignments 200 122 - 946.468 ms
GET /api/getCourse?courseId=65700f59c64290ce8de72138 304 - - 306.438 ms
POST /api/getresources 200 118 - 551.597 ms
POST /api/getresources 200 118 - 550.742 ms
POST /api/getSchedulesByCourse 200 119 - 581.280 ms
POST /api/getSchedulesByCourse 200 119 - 588.730 ms
POST /api/getSchedule 200 496 - 4893.444 ms
POST /api/getSchedule 200 496 - 4900.695 ms
POST /api/login 201 502 - 765.332 ms
GET /api/dashboard 201 - - 2.448 ms
GET /api/dashboard 201 - - 1.793 ms
POST /api/getSchedule 200 244 - 832.820 ms
POST /api/getSchedule 200 244 - 843.617 ms
POST /api/getAssignmentsJoined 200 230 - 809.718 ms
POST /api/getAssignmentsJoined 200 230 - 1940.933 ms
GET /api/dashboard 201 - - 0.836 ms
GET /api/dashboard 201 - - 0.723 ms
GET /api/explorecourses 304 - - 265.471 ms
GET /api/explorecourses 304 - - 274.559 ms
GET /api/explorecourses 304 - - 267.154 ms
GET /api/explorecourses 304 - - 266.416 ms
GET /api/explorecourses 304 - - 267.004 ms
GET /api/explorecourses 304 - - 266.722 ms
GET /api/explorecourses 304 - - 277.232 ms
GET /api/explorecourses 304 - - 265.888 ms
GET /api/explorecourses 304 - - 267.878 ms
GET /api/dashboard 201 - - 1.053 ms
GET /api/dashboard 201 - - 1.129 ms
GET /api/explorecourses 304 - - 269.834 ms
GET /api/getupdateuser?userId=66082830485912a27d9aef54 304 - - 261.884 ms
GET /api/explorecourses 304 - - 268.864 ms
GET /api/getupdateuser?userId=66082830485912a27d9aef54 304 - - 262.275 ms
GET /api/explorecourses 304 - - 263.412 ms
GET /api/explorecourses 304 - - 265.656 ms
GET /api/explorecourses 304 - - 262.410 ms
GET /api/explorecourses 304 - - 267.616 ms
GET /api/explorecourses 304 - - 266.248 ms
GET /api/explorecourses 304 - - 266.813 ms
GET /api/explorecourses 304 - - 265.016 ms
GET /api/explorecourses 304 - - 263.389 ms
GET /api/explorecourses 304 - - 267.106 ms
GET /api/dashboard 201 - - 0.784 ms
GET /api/dashboard 201 - - 1.055 ms
POST /api/getSchedule 200 244 - 778.366 ms
POST /api/getSchedule 200 244 - 778.228 ms
POST /api/getAssignmentsJoined 200 230 - 534.507 ms
POST /api/getAssignmentsJoined 200 230 - 1913.857 ms
GET /api/dashboard 201 - - 0.815 ms
GET /api/dashboard 201 - - 1.165 ms
GET /api/getupdateuser?userId=66082830485912a27d9aef54 304 - - 268.085 ms
GET /api/getupdateuser?userId=66082830485912a27d9aef54 304 - - 264.469 ms
POST /api/login 201 502 - 624.753 ms
GET /api/dashboard 201 - - 0.851 ms
GET /api/dashboard 201 - - 0.849 ms
POST /api/getSchedule 200 244 - 802.463 ms
POST /api/getSchedule 200 244 - 820.697 ms
POST /api/getAssignmentsJoined 200 230 - 543.171 ms
POST /api/getAssignmentsJoined 200 230 - 546.839 ms
GET /api/dashboard 201 - - 1.080 ms
GET /api/dashboard 201 - - 1.055 ms
GET /api/getupdateuser?userId=66082830485912a27d9aef54 304 - - 274.643 ms
GET /api/getupdateuser?userId=66082830485912a27d9aef54 304 - - 272.085 ms
POST /api/updateuser 500 33 - 7.677 ms
POST /api/updateuser 500 33 - 8.672 ms
POST /api/updateuser 500 33 - 14.290 ms
GET /api/dashboard 201 - - 0.854 ms
GET /api/dashboard 201 - - 0.942 ms
POST /api/getAssignmentsJoined 200 230 - 538.294 ms
POST /api/getAssignmentsJoined 200 230 - 544.450 ms
GET /api/dashboard 201 - - 0.762 ms
GET /api/dashboard 201 - - 0.618 ms
GET /api/getupdateuser?userId=66082830485912a27d9aef54 304 - - 272.403 ms
GET /api/getupdateuser?userId=66082830485912a27d9aef54 304 - - 272.259 ms
GET /api/dashboard 201 - - 1.178 ms
GET /api/dashboard 201 - - 0.764 ms
POST /api/getSchedule 200 244 - 1278.698 ms
GET /api/dashboard 201 - - 0.721 ms
GET /api/dashboard 201 - - 0.788 ms
GET /api/getupdateuser?userId=66082830485912a27d9aef54 200 566 - 337.356 ms
GET /123.jpeg 404 147 - 3.085 ms
POST /api/getAssignmentsJoined 200 230 - 874.889 ms
GET /api/getupdateuser?userId=66082830485912a27d9aef54 304 - - 317.322 ms
POST /api/getSchedule 200 244 - 2322.450 ms
POST /api/getAssignmentsJoined 200 230 - 842.712 ms
GET /api/dashboard 201 - - 0.872 ms
GET /api/dashboard 201 - - 0.753 ms
POST /api/getAssignmentsJoined 200 230 - 810.752 ms
POST /api/getAssignmentsJoined 200 230 - 823.381 ms
GET /api/dashboard 201 - - 1.126 ms
GET /api/dashboard 201 - - 0.771 ms
GET /api/getupdateuser?userId=66082830485912a27d9aef54 304 - - 451.564 ms
GET /123.jpeg 404 147 - 2.059 ms
GET /api/getupdateuser?userId=66082830485912a27d9aef54 304 - - 423.597 ms
GET /api/dashboard 201 - - 1.379 ms
GET /api/dashboard 201 - - 0.697 ms
POST /api/getSchedule 200 244 - 1284.198 ms
POST /api/getSchedule 200 244 - 1306.983 ms
GET /api/dashboard 201 - - 0.953 ms
GET /api/dashboard 201 - - 0.858 ms
POST /api/getAssignmentsJoined 200 230 - 880.170 ms
POST /api/getAssignmentsJoined 200 230 - 887.037 ms
GET /api/getupdateuser?userId=66082830485912a27d9aef54 304 - - 3574.310 ms
GET /api/getupdateuser?userId=66082830485912a27d9aef54 304 - - 348.796 ms
GET /api/dashboard 201 - - 2.044 ms
GET /api/dashboard 201 - - 1.121 ms
POST /api/getSchedule 200 244 - 1365.858 ms
POST /api/getSchedule 200 244 - 1971.172 ms
POST /api/getAssignmentsJoined 200 230 - 1273.658 ms
POST /api/getAssignmentsJoined 200 230 - 3150.140 ms
GET /api/dashboard 201 - - 0.759 ms
GET /api/dashboard 201 - - 0.869 ms
GET /api/explorecourses 304 - - 442.055 ms
GET /api/explorecourses 304 - - 447.842 ms
GET /api/explorecourses 304 - - 459.493 ms
GET /api/explorecourses 304 - - 423.420 ms
GET /api/explorecourses 304 - - 432.660 ms
GET /api/explorecourses 304 - - 451.378 ms
GET /api/explorecourses 304 - - 450.662 ms
GET /api/explorecourses 304 - - 435.993 ms
GET /api/explorecourses 304 - - 426.116 ms
GET /api/dashboard 201 - - 0.859 ms
GET /api/dashboard 201 - - 1.059 ms
GET /api/explorecourses 304 - - 452.182 ms
POST /api/getjoinedcourses/ 200 - - 641.038 ms
POST /api/getjoinedcourses/ 200 - - 695.396 ms
GET /api/explorecourses 304 - - 427.631 ms
GET /api/explorecourses 304 - - 411.097 ms
GET /api/explorecourses 304 - - 441.546 ms
GET /api/explorecourses 304 - - 452.218 ms
GET /api/explorecourses 304 - - 441.017 ms
GET /api/explorecourses 304 - - 443.648 ms
GET /api/explorecourses 304 - - 453.604 ms
GET /api/explorecourses 304 - - 439.371 ms
GET /api/dashboard 201 - - 1.518 ms
GET /api/dashboard 201 - - 1.045 ms
GET /api/explorecourses 304 - - 422.649 ms
GET /api/explorecourses 304 - - 454.894 ms
GET /api/explorecourses 304 - - 450.486 ms
GET /api/explorecourses 304 - - 421.153 ms
GET /api/explorecourses 304 - - 433.061 ms
GET /api/explorecourses 304 - - 440.640 ms
GET /api/explorecourses 304 - - 433.793 ms
GET /api/explorecourses 304 - - 447.749 ms
GET /api/explorecourses 304 - - 454.860 ms
GET /api/explorecourses 304 - - 449.110 ms
GET /api/explorecourses 304 - - 390.784 ms
GET /api/explorecourses 304 - - 396.536 ms
GET /api/explorecourses 304 - - 433.518 ms
GET /api/explorecourses 304 - - 455.135 ms
GET /api/explorecourses 304 - - 431.964 ms
GET /api/explorecourses 304 - - 419.652 ms
POST /api/payment/orders 200 238 - 692.255 ms
GET /api/explorecourses 304 - - 429.747 ms
GET /api/explorecourses 304 - - 447.948 ms
GET /api/explorecourses 304 - - 425.660 ms
GET /api/explorecourses 304 - - 391.092 ms
POST /api/buycourse 200 39 - 1372.256 ms
GET /api/explorecourses 200 - - 404.422 ms
GET /api/explorecourses 304 - - 411.445 ms
POST /api/payment/verify 500 36 - 3.669 ms
GET /api/dashboard 201 - - 0.953 ms
GET /api/dashboard 201 - - 0.997 ms
POST /api/getSchedule 200 244 - 1030.281 ms
POST /api/getSchedule 200 244 - 1320.850 ms
GET /api/dashboard 201 - - 0.869 ms
GET /api/dashboard 201 - - 1.189 ms
POST /api/getjoinedcourses/ 200 - - 639.544 ms
POST /api/getAssignmentsJoined 200 230 - 1893.732 ms
POST /api/getAssignmentsJoined 200 230 - 2741.754 ms
POST /api/getjoinedcourses/ 200 - - 4943.376 ms
GET /api/getCourse?courseId=65700f59c64290ce8de72138 304 - - 327.849 ms
GET /api/getCourse?courseId=65700f59c64290ce8de72138 304 - - 325.964 ms
POST /api/getcourseassignments 200 122 - 760.162 ms
POST /api/getcourseassignments 200 122 - 926.979 ms
POST /api/getresources 200 118 - 777.163 ms
POST /api/getresources 200 118 - 1757.479 ms
POST /api/getSchedulesByCourse 200 119 - 655.261 ms
POST /api/getSchedulesByCourse 200 119 - 800.770 ms
POST /api/getParticipants 200 578 - 652.142 ms
POST /api/getParticipants 200 578 - 758.548 ms
GET /api/dashboard 201 - - 0.848 ms
GET /api/dashboard 201 - - 0.618 ms
POST /api/getSchedule 200 244 - 984.043 ms
POST /api/getSchedule 200 244 - 998.290 ms
POST /api/getAssignmentsJoined 200 230 - 922.168 ms
POST /api/getAssignmentsJoined 200 230 - 937.790 ms
POST /api/login 201 511 - 1020.350 ms
POST /api/getSchedule 200 525 - 4987.637 ms
POST /api/getSchedule 200 525 - 9180.423 ms
POST /api/getcreatedcourses/ 200 - - 874.380 ms
POST /api/getcreatedcourses/ 200 - - 1360.761 ms
GET /api/getupdateuser?userId=656f6e20472a719cf5e95137 200 585 - 454.583 ms
GET /api/getupdateuser?userId=656f6e20472a719cf5e95137 304 - - 453.336 ms
POST /api/getSchedule 200 525 - 5137.382 ms
POST /api/getSchedule 200 525 - 7239.528 ms
POST /api/getcreatedcourses/ 200 - - 868.765 ms
POST /api/getcreatedcourses/ 200 - - 1367.644 ms
POST /api/login 201 520 - 1002.475 ms
GET /api/dashboard 201 - - 0.894 ms
GET /api/dashboard 201 - - 0.664 ms
POST /api/getSchedule 200 244 - 1298.254 ms
POST /api/getAssignmentsJoined 200 230 - 737.505 ms
POST /api/getSchedule 200 244 - 2066.847 ms
POST /api/getAssignmentsJoined 200 230 - 1206.521 ms
GET /api/dashboard 201 - - 0.909 ms
GET /api/dashboard 201 - - 1.104 ms
GET /api/explorecourses 304 - - 332.660 ms
GET /api/explorecourses 304 - - 654.277 ms
GET /api/explorecourses 304 - - 331.454 ms
GET /api/explorecourses 304 - - 330.190 ms
GET /api/explorecourses 304 - - 333.614 ms
GET /api/explorecourses 304 - - 331.683 ms
GET /api/explorecourses 304 - - 334.408 ms
GET /api/explorecourses 304 - - 332.270 ms
GET /api/explorecourses 304 - - 328.785 ms
GET /api/explorecourses 304 - - 761.329 ms
GET /api/explorecourses 304 - - 1170.791 ms
GET /api/explorecourses 304 - - 328.404 ms
GET /api/explorecourses 304 - - 648.405 ms
GET /api/explorecourses 304 - - 330.911 ms
GET /api/explorecourses 304 - - 333.102 ms
GET /api/explorecourses 304 - - 328.901 ms
GET /api/explorecourses 304 - - 332.793 ms
GET /api/explorecourses 304 - - 334.065 ms
GET /api/explorecourses 304 - - 329.138 ms
GET /api/explorecourses 304 - - 332.889 ms
GET /api/explorecourses 304 - - 333.229 ms
GET /api/explorecourses 304 - - 331.321 ms
GET /api/explorecourses 304 - - 329.401 ms
GET /api/explorecourses 304 - - 327.696 ms
GET /api/explorecourses 304 - - 332.201 ms
GET /api/explorecourses 304 - - 1293.059 ms
GET /api/explorecourses 304 - - 652.891 ms
GET /api/explorecourses 304 - - 650.622 ms
GET /api/explorecourses 304 - - 327.658 ms
GET /api/explorecourses 304 - - 331.167 ms
GET /api/explorecourses 304 - - 328.018 ms
GET /api/explorecourses 304 - - 329.058 ms
GET /api/explorecourses 304 - - 332.949 ms
GET /api/explorecourses 304 - - 332.006 ms
GET /api/explorecourses 304 - - 327.596 ms
GET /api/explorecourses 304 - - 316.460 ms
GET /api/explorecourses 304 - - 324.821 ms
GET /api/explorecourses 304 - - 332.565 ms
GET /api/explorecourses 304 - - 330.043 ms
GET /api/explorecourses 304 - - 327.350 ms
GET /api/explorecourses 304 - - 330.432 ms
GET /api/explorecourses 304 - - 326.884 ms
GET /api/explorecourses 304 - - 332.974 ms
GET /api/explorecourses 304 - - 328.134 ms
GET /api/explorecourses 304 - - 329.471 ms
GET /api/explorecourses 304 - - 322.741 ms
GET /api/explorecourses 304 - - 327.179 ms
GET /api/explorecourses 304 - - 325.492 ms
GET /api/explorecourses 304 - - 1189.251 ms
GET /api/explorecourses 304 - - 329.353 ms
GET /api/explorecourses 304 - - 1502.859 ms
GET /api/explorecourses 304 - - 649.117 ms
GET /api/explorecourses 304 - - 648.561 ms
GET /api/explorecourses 304 - - 328.366 ms
GET /api/explorecourses 304 - - 1555.297 ms
GET /api/explorecourses 304 - - 639.707 ms
GET /api/explorecourses 304 - - 329.029 ms
GET /api/explorecourses 304 - - 321.639 ms
GET /api/explorecourses 304 - - 324.974 ms
GET /api/explorecourses 304 - - 1560.828 ms
GET /api/explorecourses 304 - - 644.429 ms
GET /api/explorecourses 304 - - 327.726 ms
GET /api/explorecourses 304 - - 332.340 ms
GET /api/explorecourses 304 - - 323.021 ms
GET /api/explorecourses 304 - - 326.498 ms
GET /api/explorecourses 304 - - 326.233 ms
GET /api/explorecourses 304 - - 327.941 ms
GET /api/explorecourses 304 - - 326.353 ms
GET /api/explorecourses 304 - - 328.061 ms
GET /api/explorecourses 304 - - 330.173 ms
GET /api/explorecourses 304 - - 325.744 ms
GET /api/explorecourses 304 - - 324.779 ms
GET /api/explorecourses 304 - - 1189.939 ms
GET /api/explorecourses 304 - - 327.653 ms
GET /api/explorecourses 304 - - 646.957 ms
GET /api/explorecourses 304 - - 1057.238 ms
GET /api/explorecourses 200 - - 310.743 ms
GET /api/explorecourses 304 - - 643.027 ms
GET /api/explorecourses 200 - - 908.693 ms
GET /api/explorecourses 200 - - 307.801 ms
GET /api/explorecourses 200 - - 318.947 ms
GET /api/explorecourses 200 - - 321.613 ms
GET /api/explorecourses 304 - - 649.443 ms
GET /api/explorecourses 200 - - 320.080 ms
GET /api/explorecourses 200 - - 327.478 ms
GET /api/explorecourses 200 - - 2047.703 ms
