POST /api/getSchedule 200 525 - 8371.019 ms
POST /api/getSchedule 200 525 - 10806.953 ms
GET /api/getupdateuser?userId=656f6e20472a719cf5e95137 304 - - 590.632 ms
GET /api/getupdateuser?userId=656f6e20472a719cf5e95137 304 - - 585.096 ms
POST /api/updateuser 500 33 - 5.155 ms
GET /api/getupdateuser?userId=656f6e20472a719cf5e95137 304 - - 580.720 ms
GET /api/getupdateuser?userId=656f6e20472a719cf5e95137 304 - - 581.877 ms
POST /api/updateuser 500 33 - 2.444 ms
GET /api/getupdateuser?userId=656f6e20472a719cf5e95137 304 - - 580.689 ms
POST /api/getSchedule 200 525 - 7809.328 ms
POST /api/getSchedule 200 525 - 8487.044 ms
GET /api/getupdateuser?userId=656f6e20472a719cf5e95137 304 - - 661.204 ms
GET /api/getupdateuser?userId=656f6e20472a719cf5e95137 304 - - 636.538 ms
POST /api/getSchedule - - - - ms
POST /api/getSchedule - - - - ms
POST /api/login 201 502 - 1402.994 ms
GET /api/dashboard 201 - - 1.769 ms
GET /api/dashboard 201 - - 0.558 ms
POST /api/getSchedule 200 244 - 1754.216 ms
POST /api/getSchedule 200 244 - 1919.959 ms
POST /api/getAssignmentsJoined 200 230 - 2550.559 ms
POST /api/getAssignmentsJoined 200 230 - 4443.650 ms
POST /api/login 400 41 - 577.522 ms
POST /api/login 201 502 - 1263.634 ms
GET /api/dashboard 201 - - 0.538 ms
GET /api/dashboard 201 - - 0.623 ms
POST /api/getSchedule 200 244 - 1686.966 ms
POST /api/getSchedule 200 244 - 1719.341 ms
POST /api/getAssignmentsJoined 200 230 - 1271.387 ms
POST /api/getAssignmentsJoined 200 230 - 4378.145 ms
GET /api/dashboard 201 - - 0.812 ms
GET /api/dashboard 201 - - 0.406 ms
GET /api/dashboard 201 - - 0.453 ms
GET /api/dashboard 201 - - 0.902 ms
GET /api/dashboard 201 - - 0.647 ms
GET /api/dashboard 201 - - 0.497 ms
GET /api/dashboard 201 - - 0.690 ms
GET /api/dashboard 201 - - 0.292 ms
GET /api/dashboard 201 - - 0.458 ms
GET /api/dashboard 201 - - 0.352 ms
GET /api/dashboard 201 - - 0.513 ms
GET /api/dashboard 201 - - 0.648 ms
GET /api/dashboard 201 - - 1.693 ms
GET /api/dashboard 201 - - 0.251 ms
GET /api/dashboard 201 - - 0.868 ms
GET /api/dashboard 201 - - 0.680 ms
GET /api/dashboard 201 - - 0.789 ms
GET /api/dashboard 201 - - 1.315 ms
POST /api/getSchedule 200 244 - 1781.520 ms
POST /api/getSchedule 200 244 - 1761.458 ms
POST /api/getAssignmentsJoined 200 230 - 1182.718 ms
POST /api/getAssignmentsJoined 200 230 - 1275.708 ms
POST /api/login 201 502 - 1383.955 ms
GET /api/dashboard 201 - - 0.517 ms
GET /api/dashboard 201 - - 6.305 ms
POST /api/getSchedule 200 244 - 1749.726 ms
POST /api/getSchedule 200 244 - 1913.658 ms
POST /api/getAssignmentsJoined 200 230 - 1187.382 ms
POST /api/getAssignmentsJoined 200 230 - 1274.198 ms
GET /api/dashboard 201 - - 0.644 ms
GET /api/dashboard 201 - - 0.317 ms
GET /api/dashboard 201 - - 0.714 ms
GET /api/dashboard 201 - - 0.564 ms
GET /api/dashboard 201 - - 0.624 ms
GET /api/dashboard 201 - - 0.208 ms
GET /api/dashboard 201 - - 0.398 ms
GET /api/dashboard 201 - - 0.230 ms
GET /api/dashboard 201 - - 0.532 ms
GET /api/dashboard 201 - - 0.343 ms
GET /api/dashboard 201 - - 0.714 ms
GET /api/dashboard 201 - - 0.251 ms
GET /api/dashboard 201 - - 0.315 ms
GET /api/dashboard 201 - - 0.352 ms
GET /api/dashboard 201 - - 0.263 ms
GET /api/dashboard 201 - - 0.153 ms
GET /api/dashboard 201 - - 2.604 ms
GET /api/dashboard 201 - - 0.795 ms
GET /api/dashboard 201 - - 3.548 ms
GET /api/dashboard 201 - - 0.369 ms
POST /api/getSchedule 200 244 - 5011.435 ms
POST /api/getSchedule 200 244 - 5626.952 ms
POST /api/getAssignmentsJoined 200 230 - 2351.660 ms
POST /api/getAssignmentsJoined 200 230 - 4220.018 ms
GET /api/dashboard 201 - - 0.736 ms
GET /api/dashboard 201 - - 0.529 ms
POST /api/getSchedule 200 244 - 1830.752 ms
POST /api/getSchedule 200 244 - 1829.078 ms
POST /api/getAssignmentsJoined 200 230 - 1153.750 ms
GET /api/dashboard 201 - - 3.459 ms
GET /api/dashboard 201 - - 4.255 ms
POST /api/getAssignmentsJoined - - - - ms
GET /api/dashboard 201 - - 1.926 ms
GET /api/dashboard 201 - - 2.752 ms
POST /api/getSchedule 200 244 - 1748.458 ms
POST /api/getSchedule 200 244 - 1947.657 ms
POST /api/getAssignmentsJoined 200 230 - 1318.496 ms
POST /api/getAssignmentsJoined 200 230 - 1294.829 ms
POST /api/login 201 502 - 1408.164 ms
GET /api/dashboard 201 - - 13.241 ms
GET /api/dashboard 201 - - 0.523 ms
POST /api/getSchedule 200 244 - 1844.471 ms
POST /api/getSchedule 200 244 - 1941.996 ms
POST /api/getAssignmentsJoined 200 230 - 1314.093 ms
POST /api/getAssignmentsJoined 200 230 - 1403.104 ms
GET /api/dashboard 201 - - 0.719 ms
GET /api/dashboard 201 - - 0.492 ms
POST /api/getSchedule 200 244 - 1961.191 ms
POST /api/getSchedule 200 244 - 1974.593 ms
GET /api/dashboard 201 - - 0.618 ms
GET /api/dashboard 201 - - 0.353 ms
POST /api/getAssignmentsJoined 200 230 - 1328.769 ms
POST /api/getAssignmentsJoined 200 230 - 1324.882 ms
GET /api/dashboard 201 - - 0.437 ms
GET /api/dashboard 201 - - 0.323 ms
GET /api/dashboard 201 - - 1.526 ms
GET /api/dashboard 201 - - 0.672 ms
GET /api/dashboard 201 - - 0.462 ms
GET /api/dashboard 201 - - 0.661 ms
POST /api/getSchedule 200 244 - 1997.863 ms
POST /api/getSchedule 200 244 - 1992.876 ms
POST /api/getAssignmentsJoined 200 230 - 1164.327 ms
POST /api/getAssignmentsJoined 200 230 - 1321.576 ms
POST /api/login 201 502 - 1560.476 ms
GET /api/dashboard 201 - - 0.544 ms
GET /api/dashboard 201 - - 12.181 ms
POST /api/getSchedule 200 244 - 1970.372 ms
POST /api/getSchedule 200 244 - 1989.114 ms
POST /api/getAssignmentsJoined 200 230 - 1290.210 ms
POST /api/getAssignmentsJoined 200 230 - 1323.749 ms
POST /api/login 201 502 - 1281.258 ms
GET /api/dashboard 201 - - 4.555 ms
GET /api/dashboard 201 - - 0.301 ms
POST /api/login 201 502 - 1285.459 ms
POST /api/getSchedule 200 244 - 1791.040 ms
POST /api/getSchedule 200 244 - 2023.596 ms
POST /api/getAssignmentsJoined 200 230 - 4351.269 ms
POST /api/getAssignmentsJoined 200 230 - 5078.743 ms
POST /api/getSchedule 200 244 - 2081.547 ms
POST /api/getAssignmentsJoined 200 230 - 1404.809 ms
POST /api/getSchedule 200 244 - 2002.822 ms
POST /api/getAssignmentsJoined 200 230 - 1339.828 ms
POST /api/getSchedule 200 244 - 2001.287 ms
POST /api/getAssignmentsJoined 200 230 - 1322.028 ms
POST /api/getSchedule 200 244 - 2007.573 ms
POST /api/getAssignmentsJoined 200 230 - 1335.673 ms
POST /api/getSchedule - - - - ms
GET /api/dashboard 201 - - 0.869 ms
GET /api/dashboard 201 - - 2.711 ms
POST /api/getSchedule 200 244 - 1734.216 ms
POST /api/getSchedule 200 244 - 1986.066 ms
POST /api/getAssignmentsJoined 200 230 - 1155.414 ms
POST /api/getAssignmentsJoined 200 230 - 4313.858 ms
POST /api/getSchedule 200 244 - 1891.241 ms
POST /api/getSchedule 200 244 - 2078.398 ms
POST /api/getAssignmentsJoined - - - - ms
POST /api/getAssignmentsJoined - - - - ms
GET /api/dashboard 201 - - 1.488 ms
GET /api/dashboard 201 - - 1.219 ms
POST /api/getSchedule 200 244 - 1779.880 ms
POST /api/getSchedule 200 244 - 2035.842 ms
POST /api/getAssignmentsJoined 200 230 - 1336.420 ms
POST /api/getAssignmentsJoined 200 230 - 1341.429 ms
POST /api/getSchedule 200 244 - 2013.172 ms
POST /api/getAssignmentsJoined 200 230 - 1355.219 ms
GET /api/dashboard 201 - - 1.926 ms
GET /api/dashboard 201 - - 0.259 ms
POST /api/getSchedule 200 244 - 2189.631 ms
POST /api/getSchedule 200 244 - 2872.937 ms
POST /api/getAssignmentsJoined 200 230 - 1606.038 ms
POST /api/getAssignmentsJoined 200 230 - 1357.087 ms
POST /api/getSchedule - - - - ms
POST /api/getSchedule - - - - ms
GET /api/dashboard 201 - - 0.629 ms
GET /api/dashboard 201 - - 1.377 ms
POST /api/getSchedule 200 244 - 1732.754 ms
POST /api/getSchedule 200 244 - 1994.848 ms
POST /api/getAssignmentsJoined 200 230 - 1165.766 ms
POST /api/getAssignmentsJoined 200 230 - 1353.932 ms
POST /api/login 201 502 - 1449.040 ms
GET /api/dashboard 201 - - 0.545 ms
GET /api/dashboard 201 - - 0.446 ms
POST /api/getSchedule 200 244 - 2057.436 ms
POST /api/getSchedule 200 244 - 2090.838 ms
POST /api/getAssignmentsJoined 200 230 - 1328.902 ms
POST /api/getAssignmentsJoined 200 230 - 1329.308 ms
POST /api/login 201 619 - 1503.762 ms
POST /api/getSchedule 200 525 - 10809.296 ms
POST /api/getSchedule 200 525 - 12184.720 ms
POST /api/login 400 41 - 669.620 ms
POST /api/login 400 41 - 683.683 ms
POST /api/login 201 502 - 1471.761 ms
GET /api/dashboard 201 - - 4.111 ms
GET /api/dashboard 201 - - 3.466 ms
POST /api/getSchedule 200 244 - 1993.102 ms
POST /api/getSchedule 200 244 - 1983.133 ms
POST /api/getAssignmentsJoined 200 230 - 1149.441 ms
POST /api/getAssignmentsJoined 200 230 - 1337.822 ms
GET /api/dashboard 201 - - 2.415 ms
GET /api/dashboard 201 - - 0.356 ms
POST /api/getSchedule 200 244 - 1985.846 ms
POST /api/getSchedule 200 244 - 2538.691 ms
POST /api/getAssignmentsJoined 200 230 - 1334.236 ms
POST /api/getAssignmentsJoined 200 230 - 1341.874 ms
