POST /api/login 201 520 - 913.261 ms
GET /api/dashboard 201 - - 7.218 ms
GET /api/dashboard 201 - - 2.124 ms
POST /api/getSchedule 200 244 - 989.289 ms
POST /api/getSchedule 200 244 - 1003.461 ms
GET /api/dashboard 201 - - 0.953 ms
GET /api/dashboard 201 - - 1.068 ms
POST /api/getAssignmentsJoined 200 230 - 2275.152 ms
POST /api/getAssignmentsJoined 200 230 - 2294.741 ms
GET /api/explorecourses 304 - - 291.723 ms
GET /api/explorecourses 304 - - 378.865 ms
GET /api/explorecourses 304 - - 315.767 ms
GET /api/explorecourses 304 - - 303.699 ms
GET /api/explorecourses 304 - - 317.689 ms
GET /api/explorecourses 304 - - 307.694 ms
GET /api/explorecourses 304 - - 306.065 ms
GET /api/explorecourses 304 - - 306.138 ms
GET /api/explorecourses 304 - - 309.774 ms
GET /api/dashboard 201 - - 1.382 ms
GET /api/dashboard 201 - - 1.192 ms
GET /api/explorecourses 304 - - 320.176 ms
GET /api/explorecourses 304 - - 306.971 ms
POST /api/getjoinedcourses/ 200 - - 596.806 ms
POST /api/getjoinedcourses/ 200 - - 608.569 ms
GET /api/explorecourses 304 - - 294.434 ms
GET /api/explorecourses 304 - - 276.299 ms
GET /api/explorecourses 304 - - 278.068 ms
GET /api/explorecourses 304 - - 286.186 ms
GET /api/explorecourses 304 - - 288.650 ms
GET /api/explorecourses 304 - - 300.028 ms
GET /api/dashboard 201 - - 1.133 ms
GET /api/dashboard 201 - - 1.180 ms
GET /api/explorecourses 304 - - 319.835 ms
GET /api/explorecourses 304 - - 501.938 ms
POST /api/getresourcesJoined 200 118 - 837.459 ms
GET /api/explorecourses 304 - - 284.495 ms
GET /api/dashboard 201 - - 1.112 ms
GET /api/dashboard 201 - - 1.244 ms
POST /api/getresourcesJoined 200 118 - 2274.535 ms
POST /api/getAssignmentsJoined 200 230 - 587.005 ms
GET /api/dashboard 201 - - 1.292 ms
GET /api/dashboard 201 - - 1.216 ms
GET /api/getupdateuser?userId=66082830485912a27d9aef54 200 594 - 256.175 ms
POST /api/getAssignmentsJoined 200 230 - 2019.401 ms
GET /api/getupdateuser?userId=66082830485912a27d9aef54 304 - - 260.046 ms
GET /api/dashboard 201 - - 1.036 ms
GET /api/dashboard 201 - - 1.420 ms
POST /api/getSchedule 200 244 - 841.434 ms
POST /api/getSchedule 200 244 - 846.947 ms
POST /api/getAssignmentsJoined 200 230 - 540.606 ms
POST /api/getAssignmentsJoined 200 230 - 575.531 ms
POST /api/login 400 41 - 381.049 ms
POST /api/login 201 502 - 716.336 ms
POST /api/login 201 502 - 758.970 ms
GET /api/dashboard 201 - - 3.070 ms
GET /api/dashboard 201 - - 0.704 ms
POST /api/getSchedule 200 244 - 789.277 ms
POST /api/getSchedule 200 244 - 786.365 ms
POST /api/getAssignmentsJoined 200 230 - 752.262 ms
POST /api/getAssignmentsJoined 200 230 - 2091.821 ms
GET /api/dashboard 201 - - 0.605 ms
GET /api/dashboard 201 - - 0.749 ms
GET /api/explorecourses 200 - - 281.285 ms
GET /api/explorecourses 304 - - 284.731 ms
GET /api/explorecourses 304 - - 291.022 ms
GET /api/explorecourses 304 - - 283.417 ms
GET /api/explorecourses 304 - - 370.520 ms
GET /api/explorecourses 304 - - 296.312 ms
GET /api/explorecourses 304 - - 270.674 ms
GET /api/explorecourses 304 - - 335.467 ms
GET /api/explorecourses 304 - - 280.595 ms
GET /api/explorecourses 304 - - 330.940 ms
GET /api/explorecourses 304 - - 295.728 ms
GET /api/explorecourses 304 - - 271.563 ms
GET /api/explorecourses 304 - - 274.550 ms
GET /api/explorecourses 304 - - 271.945 ms
GET /api/explorecourses 304 - - 294.291 ms
GET /api/explorecourses 304 - - 277.181 ms
GET /api/explorecourses 304 - - 322.000 ms
GET /api/explorecourses 304 - - 313.498 ms
GET /api/dashboard 201 - - 0.512 ms
GET /api/dashboard 201 - - 0.331 ms
GET /api/explorecourses 304 - - 269.094 ms
GET /api/explorecourses 304 - - 278.383 ms
GET /api/explorecourses 304 - - 272.118 ms
POST /api/getSchedule 200 244 - 759.309 ms
POST /api/getSchedule 200 244 - 765.820 ms
GET /api/explorecourses 304 - - 269.015 ms
GET /api/explorecourses 304 - - 270.760 ms
POST /api/getAssignmentsJoined 200 230 - 511.351 ms
GET /api/explorecourses 304 - - 270.140 ms
GET /api/explorecourses 304 - - 263.750 ms
GET /api/explorecourses 304 - - 274.245 ms
GET /api/explorecourses 304 - - 266.983 ms
POST /api/getAssignmentsJoined 200 230 - 1832.515 ms
GET /api/explorecourses 304 - - 290.924 ms
GET /api/explorecourses 304 - - 281.698 ms
GET /api/explorecourses 304 - - 340.481 ms
GET /api/explorecourses 304 - - 406.011 ms
GET /api/explorecourses 304 - - 401.881 ms
GET /api/explorecourses 304 - - 399.228 ms
GET /api/explorecourses 304 - - 403.521 ms
GET /api/explorecourses 304 - - 304.588 ms
GET /api/explorecourses 304 - - 296.464 ms
GET /api/explorecourses 304 - - 303.694 ms
GET /api/explorecourses 304 - - 302.149 ms
GET /api/logout 304 - - 17.342 ms
POST /api/getSchedule 200 244 - 948.098 ms
POST /api/getSchedule 200 244 - 966.799 ms
POST /api/getAssignmentsJoined 200 230 - 666.714 ms
POST /api/getAssignmentsJoined 200 230 - 659.457 ms
GET /api/dashboard 201 - - 11.085 ms
GET /api/dashboard 201 - - 1.278 ms
POST /api/getSchedule 200 244 - 1103.688 ms
POST /api/getSchedule 200 244 - 1137.489 ms
POST /api/getAssignmentsJoined 200 230 - 693.633 ms
POST /api/getAssignmentsJoined 200 230 - 699.347 ms
GET /api/dashboard 201 - - 4.157 ms
GET /api/dashboard 201 - - 0.325 ms
POST /api/getSchedule 200 244 - 2799.768 ms
POST /api/getSchedule 200 244 - 3694.089 ms
POST /api/getAssignmentsJoined 200 230 - 943.633 ms
POST /api/getAssignmentsJoined 500 39 - 1093887.738 ms
