POST /api/login 201 502 - 1440.535 ms
GET /api/dashboard 201 - - 3.897 ms
GET /api/dashboard 201 - - 1.457 ms
POST /api/getSchedule 200 244 - 1763.788 ms
POST /api/getSchedule 200 244 - 1927.691 ms
POST /api/getAssignmentsJoined 500 39 - 1008.255 ms
POST /api/getAssignmentsJoined 500 39 - 3776.340 ms
GET /api/dashboard 201 - - 0.807 ms
GET /api/dashboard 201 - - 0.824 ms
GET /api/explorecourses 200 - - 602.901 ms
GET /api/explorecourses 304 - - 588.541 ms
GET /api/explorecourses 304 - - 586.585 ms
GET /api/explorecourses 304 - - 597.227 ms
GET /api/explorecourses 304 - - 587.218 ms
GET /api/explorecourses 304 - - 580.943 ms
GET /api/explorecourses 304 - - 587.173 ms
GET /api/explorecourses 304 - - 594.528 ms
GET /api/explorecourses 304 - - 592.220 ms
GET /api/explorecourses 304 - - 590.280 ms
GET /api/dashboard 201 - - 0.785 ms
GET /api/dashboard 201 - - 2.162 ms
GET /api/explorecourses 304 - - 581.716 ms
GET /api/explorecourses 304 - - 591.741 ms
POST /api/getjoinedcourses/ 200 865 - 1156.455 ms
POST /api/getjoinedcourses/ 200 865 - 1167.998 ms
GET /api/explorecourses 304 - - 585.638 ms
GET /api/explorecourses 304 - - 579.299 ms
GET /api/explorecourses 304 - - 581.026 ms
GET /api/dashboard 201 - - 0.628 ms
GET /api/dashboard 201 - - 0.742 ms
GET /api/explorecourses 304 - - 590.588 ms
GET /api/explorecourses 304 - - 583.284 ms
POST /api/getresourcesJoined 500 37 - 649.584 ms
GET /api/explorecourses 304 - - 586.280 ms
GET /api/explorecourses 304 - - 581.593 ms
GET /api/explorecourses 304 - - 585.648 ms
GET /api/explorecourses 304 - - 590.405 ms
GET /api/explorecourses 304 - - 589.658 ms
POST /api/getresourcesJoined 500 37 - 3599.350 ms
POST /api/login 201 502 - 1460.471 ms
GET /api/dashboard 201 - - 3.270 ms
GET /api/dashboard 201 - - 5.843 ms
POST /api/getSchedule 200 244 - 1752.303 ms
POST /api/getSchedule 200 244 - 2014.930 ms
POST /api/getAssignmentsJoined 500 39 - 903.064 ms
POST /api/getAssignmentsJoined 500 39 - 3575.548 ms
POST /api/login 201 475 - 1438.864 ms
GET /api/dashboard 201 - - 2.115 ms
GET /api/dashboard 201 - - 1.288 ms
POST /api/getSchedule 200 244 - 1940.984 ms
POST /api/getSchedule 200 244 - 1972.836 ms
POST /api/getAssignmentsJoined 200 230 - 1321.718 ms
POST /api/getAssignmentsJoined 200 230 - 3985.454 ms
GET /api/dashboard 201 - - 1.172 ms
GET /api/dashboard 201 - - 0.639 ms
GET /api/getupdateuser?userId=65d65f517eb02682ab1ea219 200 549 - 573.955 ms
GET /api/getupdateuser?userId=65d65f517eb02682ab1ea219 304 - - 567.887 ms
GET /api/getupdateuser?userId=65d65f517eb02682ab1ea219 304 - - 568.065 ms
GET /api/dashboard 201 - - 1.529 ms
GET /api/dashboard 201 - - 0.347 ms
POST /api/getSchedule 200 244 - 1687.898 ms
POST /api/getSchedule 200 244 - 1989.084 ms
POST /api/getAssignmentsJoined 200 230 - 1334.508 ms
POST /api/getAssignmentsJoined 200 230 - 1322.110 ms
GET /api/dashboard 201 - - 0.606 ms
GET /api/dashboard 201 - - 0.811 ms
GET /api/getupdateuser?userId=65d65f517eb02682ab1ea219 304 - - 653.165 ms
GET /api/getupdateuser?userId=65d65f517eb02682ab1ea219 304 - - 661.446 ms
POST /api/updateuser 500 33 - 5.218 ms
GET /api/dashboard 201 - - 6.960 ms
GET /api/dashboard 201 - - 0.550 ms
POST /api/getSchedule 200 244 - 1951.291 ms
POST /api/getSchedule 200 244 - 1966.019 ms
GET /api/dashboard 201 - - 2.400 ms
GET /api/dashboard 201 - - 1.333 ms
POST /api/getSchedule 200 244 - 1739.387 ms
POST /api/getSchedule 200 244 - 1740.138 ms
POST /api/getAssignmentsJoined 200 230 - 1154.874 ms
POST /api/getAssignmentsJoined 200 230 - 5124.699 ms
GET /api/dashboard 201 - - 1.109 ms
GET /api/dashboard 201 - - 0.383 ms
GET /api/getupdateuser?userId=65d65f517eb02682ab1ea219 304 - - 663.732 ms
GET /api/getupdateuser?userId=65d65f517eb02682ab1ea219 304 - - 628.527 ms
POST /api/updateuser 500 33 - 5.248 ms
POST /api/signup 200 16 - 4472.181 ms
POST /api/login 201 266 - 1446.002 ms
GET /api/dashboard 201 - - 3.634 ms
GET /api/dashboard 201 - - 0.352 ms
POST /api/getSchedule 200 40 - 2044.624 ms
POST /api/getAssignmentsJoined 200 18 - 2.187 ms
POST /api/getSchedule 200 40 - 4840.160 ms
POST /api/getAssignmentsJoined 200 18 - 0.601 ms
GET /api/dashboard 201 - - 0.528 ms
GET /api/dashboard 201 - - 0.298 ms
GET /api/dashboard 201 - - 0.220 ms
GET /api/dashboard 201 - - 0.385 ms
GET /api/dashboard 201 - - 0.510 ms
GET /api/dashboard 201 - - 0.411 ms
GET /api/dashboard 201 - - 1.782 ms
GET /api/dashboard 201 - - 0.430 ms
GET /api/dashboard 201 - - 0.302 ms
GET /api/dashboard 201 - - 0.178 ms
POST /api/getSchedule 200 40 - 1698.002 ms
POST /api/getAssignmentsJoined 200 18 - 0.318 ms
POST /api/getSchedule 200 40 - 1957.211 ms
POST /api/getAssignmentsJoined 200 18 - 0.505 ms
GET /api/dashboard 201 - - 2.656 ms
GET /api/dashboard 201 - - 0.517 ms
POST /api/getSchedule 200 40 - 4941.418 ms
POST /api/getAssignmentsJoined 200 18 - 0.789 ms
POST /api/getSchedule 200 40 - 4946.510 ms
POST /api/getAssignmentsJoined 200 18 - 0.449 ms
POST /api/login 201 266 - 1273.624 ms
GET /api/dashboard 201 - - 0.623 ms
GET /api/dashboard 201 - - 0.503 ms
POST /api/getSchedule 200 40 - 1748.881 ms
POST /api/getAssignmentsJoined 200 18 - 0.856 ms
POST /api/getSchedule 200 40 - 1769.374 ms
POST /api/getAssignmentsJoined 200 18 - 4.582 ms
GET /api/dashboard 201 - - 0.452 ms
GET /api/dashboard 201 - - 0.547 ms
GET /api/explorecourses 304 - - 659.998 ms
GET /api/explorecourses 304 - - 593.834 ms
GET /api/explorecourses 304 - - 592.365 ms
GET /api/explorecourses 304 - - 589.423 ms
GET /api/explorecourses 304 - - 591.483 ms
GET /api/explorecourses 304 - - 607.155 ms
GET /api/explorecourses 304 - - 593.567 ms
GET /api/explorecourses 304 - - 590.859 ms
GET /api/explorecourses 304 - - 592.261 ms
GET /api/explorecourses 304 - - 585.909 ms
GET /api/explorecourses 304 - - 659.143 ms
GET /api/explorecourses 304 - - 585.749 ms
GET /api/explorecourses 304 - - 591.996 ms
GET /api/explorecourses 304 - - 590.295 ms
GET /api/explorecourses 304 - - 581.531 ms
GET /api/explorecourses 304 - - 597.457 ms
GET /api/explorecourses 304 - - 587.227 ms
GET /api/explorecourses 304 - - 587.649 ms
GET /api/explorecourses 304 - - 586.143 ms
GET /api/explorecourses 304 - - 589.310 ms
GET /api/explorecourses 304 - - 585.255 ms
GET /api/explorecourses 304 - - 593.013 ms
GET /api/explorecourses 304 - - 586.942 ms
GET /api/explorecourses 304 - - 584.121 ms
GET /api/explorecourses 304 - - 599.301 ms
GET /api/explorecourses 304 - - 582.844 ms
GET /api/explorecourses 304 - - 585.220 ms
GET /api/explorecourses 304 - - 593.647 ms
GET /api/explorecourses 304 - - 587.301 ms
GET /api/explorecourses 304 - - 583.801 ms
GET /api/explorecourses 304 - - 587.116 ms
GET /api/explorecourses 304 - - 589.670 ms
GET /api/explorecourses 304 - - 586.661 ms
GET /api/explorecourses 304 - - 590.798 ms
GET /api/explorecourses 304 - - 594.961 ms
GET /api/explorecourses 304 - - 594.820 ms
GET /api/explorecourses 304 - - 592.961 ms
GET /api/explorecourses 304 - - 579.827 ms
GET /api/explorecourses 304 - - 584.547 ms
GET /api/explorecourses 304 - - 587.005 ms
GET /api/explorecourses 304 - - 593.262 ms
GET /api/explorecourses 304 - - 582.792 ms
GET /api/explorecourses 304 - - 584.552 ms
GET /api/explorecourses 304 - - 585.948 ms
GET /api/explorecourses 304 - - 588.128 ms
GET /api/explorecourses 304 - - 679.450 ms
GET /api/explorecourses 304 - - 586.829 ms
GET /api/explorecourses 304 - - 594.483 ms
GET /api/explorecourses 304 - - 585.013 ms
GET /api/explorecourses 304 - - 589.595 ms
GET /api/explorecourses 304 - - 587.108 ms
GET /api/explorecourses 304 - - 589.549 ms
GET /api/explorecourses 304 - - 592.936 ms
GET /api/explorecourses 304 - - 594.384 ms
GET /api/explorecourses 304 - - 590.700 ms
GET /api/explorecourses 304 - - 587.413 ms
GET /api/explorecourses 304 - - 586.330 ms
GET /api/explorecourses 304 - - 604.173 ms
GET /api/explorecourses 304 - - 580.884 ms
GET /api/explorecourses 304 - - 584.562 ms
GET /api/explorecourses 304 - - 585.536 ms
GET /api/explorecourses 304 - - 710.686 ms
GET /api/explorecourses 304 - - 590.396 ms
GET /api/explorecourses 304 - - 616.763 ms
GET /api/explorecourses 304 - - 590.672 ms
GET /api/explorecourses 304 - - 601.455 ms
GET /api/explorecourses 304 - - 586.306 ms
GET /api/explorecourses 200 - - 585.400 ms
GET /api/explorecourses 304 - - 587.592 ms
GET /api/explorecourses 200 - - 607.190 ms
GET /api/explorecourses 304 - - 588.210 ms
GET /api/explorecourses 304 - - 622.552 ms
GET /api/explorecourses 200 - - 591.882 ms
GET /api/explorecourses 304 - - 591.923 ms
GET /api/explorecourses 200 - - 614.919 ms
GET /api/explorecourses 304 - - 582.318 ms
GET /api/explorecourses 304 - - 584.184 ms
GET /api/explorecourses 200 - - 593.450 ms
GET /api/explorecourses 304 - - 583.947 ms
GET /api/explorecourses 200 - - 587.461 ms
GET /api/explorecourses 200 - - 3601.303 ms
GET /api/explorecourses 304 - - 587.660 ms
GET /api/explorecourses 200 - - 594.026 ms
GET /api/explorecourses 304 - - 589.539 ms
GET /api/explorecourses 200 - - 604.333 ms
GET /api/explorecourses 304 - - 590.755 ms
GET /api/explorecourses 200 - - 3382.107 ms
GET /api/explorecourses 200 - - 583.168 ms
GET /api/explorecourses 304 - - 581.493 ms
GET /api/explorecourses 200 - - 589.337 ms
GET /api/explorecourses 304 - - 589.428 ms
GET /api/explorecourses 200 - - 592.704 ms
GET /api/explorecourses 304 - - 605.154 ms
GET /api/explorecourses 200 - - 588.303 ms
GET /api/explorecourses 304 - - 640.160 ms
GET /api/explorecourses 200 - - 583.505 ms
GET /api/explorecourses 304 - - 588.387 ms
GET /api/explorecourses 200 - - 585.749 ms
GET /api/explorecourses 304 - - 587.146 ms
GET /api/explorecourses 200 - - 580.417 ms
GET /api/explorecourses 304 - - 581.805 ms
GET /api/explorecourses 200 - - 589.674 ms
GET /api/explorecourses 304 - - 582.453 ms
GET /api/explorecourses 200 - - 588.876 ms
GET /api/explorecourses 304 - - 589.384 ms
GET /api/explorecourses 200 - - 588.841 ms
GET /api/explorecourses 304 - - 585.784 ms
GET /api/explorecourses 200 - - 584.006 ms
GET /api/explorecourses 304 - - 646.470 ms
GET /api/explorecourses 200 - - 581.407 ms
GET /api/explorecourses 304 - - 655.729 ms
GET /api/explorecourses 200 - - 584.413 ms
GET /api/explorecourses 304 - - 643.152 ms
GET /api/explorecourses 200 - - 582.310 ms
GET /api/explorecourses 304 - - 593.041 ms
GET /api/explorecourses 200 - - 584.763 ms
GET /api/explorecourses 304 - - 581.980 ms
GET /api/explorecourses 200 - - 578.965 ms
GET /api/explorecourses 304 - - 591.377 ms
GET /api/explorecourses 200 - - 580.098 ms
GET /api/explorecourses 304 - - 584.778 ms
GET /api/explorecourses 200 - - 583.252 ms
GET /api/explorecourses 304 - - 591.972 ms
GET /api/explorecourses 200 - - 580.151 ms
GET /api/explorecourses 304 - - 585.529 ms
GET /api/explorecourses 200 - - 589.221 ms
GET /api/explorecourses 304 - - 583.256 ms
GET /api/explorecourses 200 - - 581.143 ms
GET /api/explorecourses 304 - - 587.122 ms
GET /api/explorecourses 200 - - 589.109 ms
GET /api/explorecourses 304 - - 587.940 ms
GET /api/explorecourses 200 - - 581.609 ms
GET /api/explorecourses 304 - - 588.672 ms
GET /api/explorecourses 200 - - 581.197 ms
GET /api/explorecourses 304 - - 586.867 ms
GET /api/explorecourses 200 - - 588.711 ms
GET /api/explorecourses 200 - - 592.581 ms
GET /api/explorecourses 200 - - 596.435 ms
GET /api/explorecourses 304 - - 587.665 ms
GET /api/explorecourses 200 - - 579.991 ms
GET /api/explorecourses 200 - - 583.983 ms
GET /api/explorecourses 200 - - 601.155 ms
GET /api/explorecourses 304 - - 589.651 ms
GET /api/explorecourses 200 - - 586.839 ms
GET /api/explorecourses 304 - - 585.734 ms
GET /api/explorecourses 200 - - 583.370 ms
GET /api/explorecourses 200 - - 586.624 ms
GET /api/explorecourses 200 - - 602.954 ms
GET /api/explorecourses 304 - - 600.952 ms
POST /api/payment/orders 200 236 - 2720.965 ms
GET /api/explorecourses 200 - - 584.102 ms
GET /api/explorecourses 200 - - 593.705 ms
GET /api/explorecourses 200 - - 598.823 ms
GET /api/explorecourses 304 - - 589.259 ms
GET /api/explorecourses 200 - - 582.092 ms
GET /api/explorecourses 304 - - 583.752 ms
GET /api/explorecourses 200 - - 580.598 ms
GET /api/explorecourses 200 - - 584.091 ms
GET /api/explorecourses 200 - - 596.408 ms
GET /api/explorecourses 304 - - 580.892 ms
GET /api/explorecourses 200 - - 583.609 ms
GET /api/explorecourses 200 - - 583.553 ms
GET /api/explorecourses 200 - - 629.515 ms
GET /api/explorecourses 200 - - 594.108 ms
GET /api/explorecourses 304 - - 582.728 ms
GET /api/explorecourses 200 - - 588.176 ms
GET /api/explorecourses 200 - - 598.064 ms
GET /api/explorecourses 200 - - 619.585 ms
GET /api/explorecourses 304 - - 585.249 ms
GET /api/explorecourses 200 - - 583.231 ms
GET /api/explorecourses 200 - - 582.182 ms
GET /api/explorecourses 200 - - 677.153 ms
GET /api/explorecourses 304 - - 676.500 ms
GET /api/explorecourses 200 - - 593.578 ms
GET /api/explorecourses 200 - - 587.086 ms
GET /api/explorecourses 200 - - 595.958 ms
GET /api/explorecourses 200 - - 587.184 ms
GET /api/explorecourses 200 - - 580.423 ms
GET /api/explorecourses 200 - - 584.564 ms
GET /api/explorecourses 200 - - 596.590 ms
GET /api/explorecourses 304 - - 809.058 ms
GET /api/explorecourses 200 - - 691.855 ms
GET /api/explorecourses 200 - - 587.681 ms
GET /api/explorecourses 200 - - 606.355 ms
GET /api/explorecourses 200 - - 590.751 ms
GET /api/explorecourses 200 - - 588.810 ms
GET /api/explorecourses 200 - - 590.942 ms
GET /api/explorecourses 200 - - 603.776 ms
GET /api/explorecourses 200 - - 4563.821 ms
GET /api/explorecourses 200 - - 584.152 ms
GET /api/explorecourses 304 - - 583.856 ms
GET /api/explorecourses 200 - - 588.122 ms
POST /api/buycourse 200 39 - 6463.166 ms
GET /api/explorecourses 200 - - 602.808 ms
GET /api/explorecourses 200 - - 676.438 ms
GET /api/explorecourses 200 - - 590.486 ms
GET /api/explorecourses 200 - - 586.409 ms
GET /api/explorecourses 200 - - 587.611 ms
GET /api/explorecourses 200 - - 600.158 ms
GET /api/explorecourses 200 - - 682.499 ms
GET /api/explorecourses 200 - - 584.232 ms
GET /api/explorecourses 200 - - 593.244 ms
GET /api/explorecourses 200 - - 597.720 ms
GET /api/explorecourses 200 - - 622.923 ms
GET /api/explorecourses 200 - - 682.136 ms
GET /api/explorecourses 200 - - 1191.004 ms
GET /api/explorecourses 200 - - 591.677 ms
GET /api/explorecourses 200 - - 595.696 ms
GET /api/explorecourses 200 - - 584.871 ms
GET /api/explorecourses 200 - - 597.072 ms
GET /api/explorecourses 304 - - 687.961 ms
GET /api/explorecourses 200 - - 702.149 ms
GET /api/explorecourses 200 - - 592.535 ms
GET /api/explorecourses 200 - - 595.945 ms
GET /api/explorecourses 200 - - 609.003 ms
GET /api/explorecourses 304 - - 664.559 ms
POST /api/payment/verify 500 36 - 4.986 ms
GET /api/dashboard 201 - - 1.269 ms
GET /api/dashboard 201 - - 0.413 ms
POST /api/getSchedule 200 40 - 1780.548 ms
POST /api/getAssignmentsJoined 200 18 - 0.868 ms
POST /api/getSchedule 200 40 - 1991.409 ms
POST /api/getAssignmentsJoined 200 18 - 0.671 ms
GET /api/dashboard 201 - - 0.432 ms
GET /api/dashboard 201 - - 0.318 ms
POST /api/getjoinedcourses/ 200 493 - 1208.908 ms
POST /api/getjoinedcourses/ 200 493 - 1341.962 ms
POST /api/login 201 292 - 4668.983 ms
GET /api/dashboard 201 - - 1.362 ms
GET /api/dashboard 201 - - 0.492 ms
POST /api/getSchedule 200 143 - 1766.021 ms
GET /api/dashboard 201 - - 0.932 ms
GET /api/dashboard 201 - - 0.463 ms
POST /api/getAssignmentsJoined 200 122 - 1172.552 ms
POST /api/getSchedule 200 143 - 5991.284 ms
GET /api/explorecourses 304 - - 4266.803 ms
GET /api/explorecourses 304 - - 676.788 ms
POST /api/getAssignmentsJoined 200 122 - 1369.074 ms
GET /api/explorecourses 304 - - 674.224 ms
GET /api/explorecourses 304 - - 667.981 ms
GET /api/explorecourses 304 - - 674.524 ms
GET /api/explorecourses 304 - - 684.138 ms
GET /api/explorecourses 304 - - 670.447 ms
GET /api/explorecourses 304 - - 669.260 ms
GET /api/explorecourses 304 - - 677.207 ms
GET /api/explorecourses 304 - - 673.136 ms
GET /api/explorecourses 304 - - 674.476 ms
GET /api/explorecourses 304 - - 675.551 ms
GET /api/explorecourses 304 - - 694.864 ms
POST /api/payment/orders 200 240 - 2885.009 ms
GET /api/explorecourses 304 - - 688.062 ms
POST /api/buycourse 200 39 - 2762.076 ms
POST /api/payment/verify 500 36 - 4.330 ms
GET /api/dashboard 201 - - 1.189 ms
GET /api/dashboard 201 - - 1.111 ms
GET /api/dashboard 201 - - 0.562 ms
GET /api/dashboard 201 - - 0.332 ms
POST /api/getSchedule 200 143 - 1992.269 ms
POST /api/getSchedule 200 143 - 2037.100 ms
POST /api/getjoinedcourses/ 200 881 - 1167.757 ms
POST /api/getAssignmentsJoined 200 122 - 1313.530 ms
POST /api/getAssignmentsJoined 200 122 - 1345.155 ms
POST /api/getjoinedcourses/ 200 881 - 4148.019 ms
GET /api/dashboard 201 - - 0.839 ms
GET /api/dashboard 201 - - 0.381 ms
POST /api/getSchedule 200 143 - 1753.874 ms
POST /api/getSchedule 200 143 - 2025.135 ms
POST /api/getAssignmentsJoined 200 122 - 1175.681 ms
POST /api/getAssignmentsJoined 200 122 - 1357.564 ms
GET /api/dashboard 201 - - 3.811 ms
GET /api/dashboard 201 - - 0.295 ms
GET /api/explorecourses 200 - - 4210.830 ms
GET /api/explorecourses 304 - - 682.877 ms
GET /api/explorecourses 304 - - 663.011 ms
GET /api/explorecourses 304 - - 653.102 ms
GET /api/explorecourses 304 - - 677.278 ms
GET /api/explorecourses 304 - - 648.626 ms
GET /api/explorecourses 304 - - 683.763 ms
GET /api/explorecourses 304 - - 664.794 ms
GET /api/explorecourses 304 - - 682.884 ms
GET /api/explorecourses 304 - - 670.556 ms
GET /api/explorecourses 304 - - 670.590 ms
GET /api/explorecourses 304 - - 678.269 ms
GET /api/explorecourses 304 - - 712.161 ms
GET /api/explorecourses 304 - - 676.812 ms
GET /api/explorecourses 304 - - 672.073 ms
POST /api/payment/orders 200 236 - 2734.082 ms
GET /api/explorecourses 304 - - 675.777 ms
GET /api/explorecourses 304 - - 665.322 ms
GET /api/explorecourses 304 - - 678.103 ms
GET /api/explorecourses 304 - - 648.155 ms
GET /api/explorecourses 304 - - 684.561 ms
POST /api/buycourse 200 39 - 6289.834 ms
GET /api/dashboard 201 - - 0.792 ms
GET /api/dashboard 201 - - 0.790 ms
POST /api/getSchedule 200 143 - 2065.992 ms
POST /api/getSchedule 200 143 - 2072.610 ms
POST /api/getAssignmentsJoined 200 122 - 1408.217 ms
POST /api/getAssignmentsJoined 200 122 - 1422.260 ms
GET /api/dashboard 201 - - 1.255 ms
GET /api/dashboard 201 - - 0.657 ms
POST /api/getjoinedcourses/ 200 - - 1288.842 ms
POST /api/getjoinedcourses/ 200 - - 1295.670 ms
GET /api/dashboard 201 - - 0.493 ms
GET /api/dashboard 201 - - 0.415 ms
GET /api/explorecourses 200 - - 672.905 ms
GET /api/explorecourses 304 - - 685.176 ms
GET /api/explorecourses 304 - - 691.409 ms
GET /api/explorecourses 304 - - 733.066 ms
GET /api/explorecourses 304 - - 674.070 ms
GET /api/explorecourses 304 - - 682.652 ms
GET /api/explorecourses 304 - - 666.599 ms
GET /api/explorecourses 304 - - 683.853 ms
GET /api/explorecourses 304 - - 678.317 ms
GET /api/explorecourses 304 - - 669.268 ms
GET /api/explorecourses 304 - - 667.257 ms
GET /api/explorecourses 304 - - 667.224 ms
GET /api/explorecourses 304 - - 679.683 ms
GET /api/explorecourses 304 - - 660.100 ms
GET /api/explorecourses 304 - - 678.052 ms
GET /api/explorecourses 304 - - 677.395 ms
POST /api/payment/orders 200 236 - 2564.805 ms
GET /api/explorecourses 304 - - 668.780 ms
GET /api/explorecourses 304 - - 661.769 ms
GET /api/explorecourses 304 - - 676.476 ms
GET /api/explorecourses 304 - - 644.245 ms
POST /api/buycourse 200 39 - 2638.908 ms
GET /api/explorecourses 200 - - 677.786 ms
GET /api/explorecourses 304 - - 681.425 ms
GET /api/dashboard 201 - - 0.631 ms
GET /api/dashboard 201 - - 0.680 ms
POST /api/getSchedule 200 143 - 1963.443 ms
POST /api/getSchedule 200 143 - 1961.358 ms
POST /api/getAssignmentsJoined 200 122 - 1308.794 ms
POST /api/getAssignmentsJoined 200 122 - 1342.720 ms
GET /api/dashboard 201 - - 0.912 ms
GET /api/dashboard 201 - - 0.405 ms
POST /api/getjoinedcourses/ 200 - - 1323.092 ms
POST /api/getjoinedcourses/ 200 - - 1330.088 ms
GET /api/dashboard 201 - - 1.743 ms
GET /api/dashboard 201 - - 2.002 ms
GET /api/explorecourses 304 - - 692.092 ms
GET /api/explorecourses 304 - - 678.442 ms
GET /api/explorecourses 304 - - 689.149 ms
GET /api/explorecourses 304 - - 671.174 ms
GET /api/explorecourses 304 - - 658.106 ms
GET /api/explorecourses 304 - - 688.996 ms
GET /api/explorecourses 304 - - 675.645 ms
GET /api/explorecourses 304 - - 684.657 ms
GET /api/explorecourses 304 - - 655.024 ms
GET /api/explorecourses 304 - - 690.605 ms
GET /api/explorecourses 304 - - 698.108 ms
GET /api/explorecourses 304 - - 687.724 ms
GET /api/dashboard 201 - - 1.378 ms
GET /api/dashboard 201 - - 0.530 ms
POST /api/getSchedule 200 143 - 1976.483 ms
POST /api/getSchedule 200 143 - 1988.565 ms
POST /api/getAssignmentsJoined 200 122 - 1314.470 ms
POST /api/getAssignmentsJoined 200 122 - 1322.078 ms
GET /api/dashboard 201 - - 0.529 ms
GET /api/dashboard 201 - - 0.329 ms
GET /api/explorecourses 304 - - 667.474 ms
GET /api/explorecourses 304 - - 684.396 ms
GET /api/explorecourses 304 - - 644.107 ms
GET /api/explorecourses 304 - - 682.215 ms
GET /api/explorecourses 304 - - 679.596 ms
GET /api/dashboard 201 - - 0.607 ms
GET /api/dashboard 201 - - 0.476 ms
GET /api/explorecourses 304 - - 683.914 ms
GET /api/explorecourses 304 - - 660.451 ms
POST /api/getjoinedcourses/ 200 - - 1335.894 ms
GET /api/explorecourses 304 - - 715.596 ms
GET /api/explorecourses 304 - - 657.385 ms
GET /api/explorecourses 304 - - 695.982 ms
GET /api/explorecourses 304 - - 648.245 ms
GET /api/dashboard 201 - - 0.890 ms
GET /api/dashboard 201 - - 0.463 ms
GET /api/explorecourses 304 - - 700.307 ms
GET /api/explorecourses 304 - - 669.473 ms
POST /api/getjoinedcourses/ 200 - - 5111.324 ms
GET /api/explorecourses 304 - - 1022.597 ms
GET /api/explorecourses 304 - - 651.680 ms
GET /api/explorecourses 304 - - 680.117 ms
GET /api/explorecourses 304 - - 682.733 ms
GET /api/explorecourses 304 - - 651.972 ms
GET /api/explorecourses 304 - - 679.201 ms
GET /api/explorecourses 304 - - 674.394 ms
GET /api/explorecourses 304 - - 678.673 ms
GET /api/explorecourses 304 - - 676.384 ms
GET /api/explorecourses 304 - - 683.862 ms
GET /api/explorecourses 304 - - 653.269 ms
GET /api/explorecourses 304 - - 685.773 ms
GET /api/explorecourses 304 - - 686.439 ms
GET /api/explorecourses 304 - - 690.636 ms
GET /api/explorecourses 304 - - 685.524 ms
GET /api/explorecourses 304 - - 681.277 ms
GET /api/explorecourses 304 - - 670.708 ms
GET /api/explorecourses 304 - - 681.251 ms
GET /api/explorecourses 304 - - 663.726 ms
GET /api/explorecourses 304 - - 669.774 ms
GET /api/explorecourses 304 - - 675.828 ms
GET /api/explorecourses 304 - - 1173.823 ms
GET /api/explorecourses 304 - - 684.555 ms
GET /api/explorecourses 304 - - 669.369 ms
GET /api/explorecourses 304 - - 685.300 ms
GET /api/explorecourses 304 - - 650.400 ms
GET /api/explorecourses 304 - - 660.643 ms
GET /api/explorecourses 304 - - 703.759 ms
GET /api/explorecourses 304 - - 681.047 ms
GET /api/explorecourses 304 - - 681.393 ms
GET /api/explorecourses 304 - - 685.854 ms
GET /api/explorecourses 304 - - 668.495 ms
GET /api/explorecourses 304 - - 685.365 ms
GET /api/explorecourses 304 - - 680.932 ms
GET /api/explorecourses 304 - - 680.221 ms
GET /api/explorecourses 304 - - 675.036 ms
GET /api/explorecourses 304 - - 662.048 ms
GET /api/explorecourses 304 - - 676.596 ms
GET /api/explorecourses 304 - - 683.901 ms
GET /api/explorecourses 304 - - 662.951 ms
GET /api/explorecourses 304 - - 685.745 ms
GET /api/explorecourses 304 - - 626.746 ms
GET /api/explorecourses 304 - - 684.460 ms
GET /api/explorecourses 304 - - 668.485 ms
GET /api/explorecourses 304 - - 682.184 ms
GET /api/explorecourses 304 - - 658.977 ms
GET /api/explorecourses 304 - - 675.797 ms
GET /api/explorecourses 304 - - 728.853 ms
GET /api/explorecourses 304 - - 709.227 ms
GET /api/explorecourses 304 - - 664.399 ms
GET /api/explorecourses 304 - - 718.236 ms
GET /api/explorecourses 304 - - 682.941 ms
GET /api/explorecourses 304 - - 767.133 ms
GET /api/explorecourses 304 - - 683.000 ms
GET /api/explorecourses 304 - - 721.292 ms
GET /api/explorecourses 304 - - 659.422 ms
GET /api/explorecourses 304 - - 683.413 ms
GET /api/explorecourses 304 - - 621.845 ms
GET /api/explorecourses 200 - - 662.440 ms
GET /api/explorecourses 200 - - 664.497 ms
GET /api/explorecourses 304 - - 1172.099 ms
GET /api/explorecourses 200 - - 676.420 ms
GET /api/explorecourses 200 - - 683.887 ms
GET /api/explorecourses 304 - - 677.926 ms
GET /api/explorecourses 200 - - 686.086 ms
GET /api/explorecourses 304 - - 686.488 ms
GET /api/explorecourses 200 - - 708.074 ms
POST /api/payment/orders 200 236 - 1887.743 ms
GET /api/explorecourses 304 - - 663.600 ms
GET /api/explorecourses 200 - - 682.881 ms
GET /api/explorecourses 304 - - 681.895 ms
GET /api/explorecourses 200 - - 682.494 ms
GET /api/explorecourses 304 - - 657.095 ms
GET /api/explorecourses 200 - - 665.397 ms
GET /api/explorecourses 304 - - 684.521 ms
GET /api/explorecourses 200 - - 671.707 ms
GET /api/explorecourses 304 - - 652.121 ms
GET /api/explorecourses 200 - - 660.288 ms
GET /api/explorecourses 304 - - 684.278 ms
GET /api/explorecourses 200 - - 684.309 ms
GET /api/explorecourses 304 - - 669.376 ms
GET /api/explorecourses 200 - - 682.049 ms
GET /api/explorecourses 304 - - 682.564 ms
GET /api/explorecourses 200 - - 661.332 ms
GET /api/explorecourses 304 - - 717.904 ms
GET /api/explorecourses 200 - - 666.305 ms
GET /api/explorecourses 304 - - 731.631 ms
GET /api/explorecourses 200 - - 668.956 ms
GET /api/explorecourses 304 - - 684.232 ms
GET /api/explorecourses 200 - - 683.072 ms
GET /api/explorecourses 304 - - 623.478 ms
GET /api/explorecourses 200 - - 662.287 ms
GET /api/explorecourses 200 - - 663.695 ms
GET /api/explorecourses 304 - - 1156.503 ms
GET /api/explorecourses 200 - - 663.791 ms
GET /api/explorecourses 200 - - 676.244 ms
GET /api/explorecourses 304 - - 688.492 ms
GET /api/explorecourses 200 - - 672.404 ms
GET /api/explorecourses 304 - - 659.535 ms
GET /api/explorecourses 200 - - 665.796 ms
GET /api/explorecourses 304 - - 682.261 ms
GET /api/explorecourses 200 - - 660.791 ms
GET /api/explorecourses 304 - - 670.821 ms
GET /api/explorecourses 200 - - 659.760 ms
GET /api/explorecourses 304 - - 685.605 ms
GET /api/explorecourses 200 - - 659.641 ms
GET /api/explorecourses 304 - - 653.630 ms
GET /api/explorecourses 200 - - 662.009 ms
GET /api/explorecourses 304 - - 681.529 ms
GET /api/explorecourses 304 - - 670.746 ms
GET /api/explorecourses 304 - - 774.600 ms
GET /api/explorecourses 200 - - 760.229 ms
POST /api/payment/verify 500 36 - 2.769 ms
POST /api/login 201 373 - 1449.962 ms
GET /api/dashboard 201 - - 4.708 ms
GET /api/dashboard 201 - - 2.096 ms
POST /api/getSchedule 200 240 - 1851.642 ms
POST /api/getSchedule 200 240 - 2004.814 ms
GET /api/dashboard 201 - - 0.502 ms
GET /api/dashboard 201 - - 0.409 ms
POST /api/getAssignmentsJoined 200 122 - 2670.569 ms
GET /api/explorecourses 304 - - 866.582 ms
GET /api/explorecourses 304 - - 579.815 ms
GET /api/explorecourses 304 - - 583.790 ms
GET /api/dashboard 201 - - 0.570 ms
GET /api/dashboard 201 - - 0.621 ms
GET /api/explorecourses 304 - - 579.611 ms
POST /api/getAssignmentsJoined 200 122 - 5022.930 ms
GET /api/explorecourses 304 - - 578.427 ms
POST /api/getjoinedcourses/ 200 - - 1165.030 ms
POST /api/getjoinedcourses/ 200 - - 1322.366 ms
GET /api/explorecourses 304 - - 625.544 ms
GET /api/explorecourses 304 - - 579.709 ms
GET /api/explorecourses 304 - - 579.113 ms
GET /api/dashboard 201 - - 0.503 ms
GET /api/dashboard 201 - - 0.483 ms
GET /api/explorecourses 304 - - 579.546 ms
GET /api/explorecourses 304 - - 579.699 ms
GET /api/explorecourses 304 - - 577.806 ms
GET /api/explorecourses 304 - - 580.863 ms
GET /api/explorecourses 304 - - 581.028 ms
GET /api/explorecourses 304 - - 574.674 ms
GET /api/explorecourses 304 - - 577.520 ms
GET /api/explorecourses 304 - - 575.819 ms
GET /api/explorecourses 304 - - 576.050 ms
GET /api/explorecourses 304 - - 585.455 ms
GET /api/explorecourses 304 - - 603.040 ms
GET /api/explorecourses 304 - - 626.925 ms
GET /api/explorecourses 304 - - 611.843 ms
GET /api/explorecourses 304 - - 592.467 ms
GET /api/explorecourses 304 - - 587.603 ms
GET /api/explorecourses 304 - - 569.203 ms
GET /api/explorecourses 304 - - 615.448 ms
GET /api/explorecourses 304 - - 576.486 ms
GET /api/explorecourses 304 - - 595.549 ms
GET /api/explorecourses 304 - - 628.306 ms
POST /api/payment/orders 200 238 - 2945.159 ms
POST /api/payment/verify 500 36 - 5.446 ms
POST /api/login 201 373 - 1498.847 ms
GET /api/dashboard 201 - - 2.855 ms
GET /api/dashboard 201 - - 2.931 ms
POST /api/getSchedule 200 240 - 2036.071 ms
POST /api/getSchedule 200 240 - 2033.115 ms
GET /api/dashboard 201 - - 0.541 ms
GET /api/dashboard 201 - - 0.520 ms
POST /api/getjoinedcourses/ 200 - - 2262.407 ms
POST /api/getAssignmentsJoined 200 122 - 4223.364 ms
POST /api/getAssignmentsJoined 200 122 - 4918.426 ms
GET /api/dashboard 201 - - 0.531 ms
GET /api/dashboard 201 - - 0.536 ms
GET /api/explorecourses 304 - - 657.371 ms
GET /api/explorecourses 304 - - 690.934 ms
POST /api/getjoinedcourses/ 200 - - 5661.991 ms
GET /api/explorecourses 304 - - 682.897 ms
GET /api/explorecourses 304 - - 664.967 ms
GET /api/explorecourses 304 - - 694.147 ms
GET /api/explorecourses 304 - - 684.666 ms
GET /api/explorecourses 304 - - 684.926 ms
GET /api/explorecourses 304 - - 669.883 ms
GET /api/explorecourses 304 - - 675.461 ms
GET /api/explorecourses 304 - - 641.871 ms
GET /api/explorecourses 304 - - 682.591 ms
GET /api/explorecourses 304 - - 677.454 ms
GET /api/explorecourses 304 - - 698.393 ms
GET /api/explorecourses 304 - - 676.032 ms
POST /api/payment/orders 200 236 - 2708.715 ms
POST /api/buycourse 200 39 - 2716.847 ms
POST /api/payment/orders 200 236 - 1874.861 ms
POST /api/buycourse 400 34 - 1837.132 ms
POST /api/payment/orders 200 236 - 1880.405 ms
POST /api/payment/verify 500 36 - 4.987 ms
POST /api/signup 200 16 - 794.139 ms
POST /api/login 201 265 - 1446.828 ms
GET /api/dashboard 201 - - 0.670 ms
GET /api/dashboard 201 - - 0.674 ms
POST /api/getSchedule 200 40 - 1991.286 ms
POST /api/getAssignmentsJoined 200 18 - 0.794 ms
POST /api/getSchedule 200 40 - 5702.566 ms
POST /api/getAssignmentsJoined 200 18 - 0.832 ms
GET /api/dashboard 201 - - 1.943 ms
GET /api/dashboard 201 - - 0.463 ms
POST /api/getjoinedcourses/ 200 14 - 1410.972 ms
POST /api/getjoinedcourses/ 200 14 - 1419.490 ms
GET /api/dashboard 201 - - 0.736 ms
GET /api/dashboard 201 - - 0.836 ms
GET /api/explorecourses 200 - - 679.856 ms
GET /api/explorecourses 304 - - 689.675 ms
GET /api/explorecourses 304 - - 667.068 ms
GET /api/explorecourses 304 - - 682.826 ms
GET /api/explorecourses 304 - - 676.675 ms
GET /api/explorecourses 304 - - 684.914 ms
GET /api/explorecourses 304 - - 754.690 ms
GET /api/explorecourses 304 - - 658.148 ms
GET /api/explorecourses 304 - - 660.688 ms
GET /api/explorecourses 304 - - 693.535 ms
GET /api/explorecourses 304 - - 669.305 ms
GET /api/explorecourses 304 - - 688.134 ms
POST /api/payment/orders 200 236 - 2756.407 ms
POST /api/payment/verify 500 36 - 1.935 ms
POST /api/payment/orders 200 236 - 2465.677 ms
POST /api/payment/verify 400 37 - 4.410 ms
POST /api/login 201 265 - 1383.952 ms
GET /api/dashboard 201 - - 4.256 ms
GET /api/dashboard 201 - - 0.744 ms
POST /api/getSchedule 200 40 - 1792.048 ms
POST /api/getAssignmentsJoined 200 18 - 0.692 ms
POST /api/getSchedule 200 40 - 1800.363 ms
POST /api/getAssignmentsJoined 200 18 - 0.662 ms
GET /api/dashboard 201 - - 1.851 ms
GET /api/dashboard 201 - - 6.707 ms
GET /api/explorecourses 304 - - 611.013 ms
GET /api/explorecourses 304 - - 611.906 ms
GET /api/dashboard 201 - - 0.585 ms
GET /api/dashboard 201 - - 0.505 ms
GET /api/explorecourses 304 - - 607.186 ms
GET /api/explorecourses 304 - - 605.419 ms
POST /api/getjoinedcourses/ 200 14 - 1154.737 ms
POST /api/getjoinedcourses/ 200 14 - 1173.140 ms
GET /api/explorecourses 304 - - 603.284 ms
GET /api/explorecourses 304 - - 603.264 ms
GET /api/dashboard 201 - - 0.668 ms
GET /api/dashboard 201 - - 0.496 ms
GET /api/explorecourses 304 - - 624.999 ms
GET /api/explorecourses 304 - - 636.445 ms
GET /api/explorecourses 304 - - 613.593 ms
GET /api/explorecourses 304 - - 606.685 ms
GET /api/explorecourses 304 - - 595.057 ms
GET /api/explorecourses 304 - - 635.082 ms
GET /api/explorecourses 304 - - 618.935 ms
GET /api/explorecourses 304 - - 617.372 ms
GET /api/explorecourses 304 - - 601.406 ms
GET /api/explorecourses 304 - - 595.618 ms
POST /api/payment/orders 200 236 - 2522.815 ms
POST /api/payment/verify 400 37 - 1.538 ms
POST /api/payment/orders 200 236 - 2600.381 ms
POST /api/payment/verify 400 37 - 4.136 ms
POST /api/payment/orders 200 236 - 2441.456 ms
POST /api/payment/verify 400 37 - 4.158 ms
POST /api/payment/orders 200 236 - 2222.816 ms
POST /api/payment/verify 400 37 - 6.432 ms
POST /api/login 400 57 - 797.178 ms
POST /api/login 201 265 - 1448.114 ms
GET /api/dashboard 201 - - 15.014 ms
GET /api/dashboard 201 - - 2.071 ms
POST /api/getSchedule 200 40 - 1778.190 ms
POST /api/getAssignmentsJoined 200 18 - 1.104 ms
POST /api/getSchedule 200 40 - 2096.216 ms
POST /api/getAssignmentsJoined 200 18 - 1.191 ms
GET /api/dashboard 201 - - 1.363 ms
GET /api/dashboard 201 - - 0.781 ms
POST /api/getjoinedcourses/ 200 14 - 1170.024 ms
POST /api/getjoinedcourses/ 200 14 - 1328.784 ms
GET /api/dashboard 201 - - 1.095 ms
GET /api/dashboard 201 - - 0.936 ms
GET /api/explorecourses 304 - - 686.644 ms
GET /api/explorecourses 304 - - 688.617 ms
GET /api/explorecourses 304 - - 707.136 ms
GET /api/explorecourses 304 - - 686.468 ms
GET /api/explorecourses 304 - - 692.014 ms
GET /api/explorecourses 304 - - 688.953 ms
GET /api/explorecourses 304 - - 689.473 ms
GET /api/explorecourses 304 - - 679.857 ms
POST /api/payment/orders 200 236 - 2917.298 ms
POST /api/buycourse 200 39 - 2693.620 ms
GET /api/dashboard 201 - - 3.095 ms
GET /api/dashboard 201 - - 0.578 ms
POST /api/getSchedule 200 40 - 1773.316 ms
POST /api/getAssignmentsJoined 200 18 - 0.634 ms
POST /api/getSchedule 200 40 - 1994.269 ms
POST /api/getAssignmentsJoined 200 18 - 1.149 ms
GET /api/dashboard 201 - - 0.599 ms
GET /api/dashboard 201 - - 0.413 ms
POST /api/getjoinedcourses/ 200 528 - 1177.591 ms
POST /api/getjoinedcourses/ 200 528 - 1334.184 ms
POST /signup 404 146 - 1.609 ms
POST /login 404 145 - 0.427 ms
GET /logout 404 145 - 0.628 ms
POST /api/signup 200 16 - 692.243 ms
POST /api/login 201 264 - 1292.033 ms
GET /api/dashboard 201 - - 1.938 ms
GET /api/dashboard 201 - - 6.068 ms
POST /api/getSchedule 200 40 - 1734.282 ms
POST /api/getAssignmentsJoined 200 18 - 1.179 ms
POST /api/getSchedule 200 40 - 1755.905 ms
POST /api/getAssignmentsJoined 200 18 - 0.521 ms
GET /api/dashboard 201 - - 1.054 ms
GET /api/dashboard 201 - - 0.988 ms
GET /api/explorecourses 200 - - 611.611 ms
GET /api/explorecourses 304 - - 610.898 ms
GET /api/explorecourses 304 - - 601.250 ms
GET /api/explorecourses 304 - - 595.855 ms
GET /api/explorecourses 304 - - 604.174 ms
GET /api/explorecourses 304 - - 605.670 ms
GET /api/explorecourses 304 - - 601.086 ms
GET /api/explorecourses 304 - - 602.880 ms
GET /api/explorecourses 304 - - 603.358 ms
GET /api/explorecourses 304 - - 846.997 ms
GET /api/explorecourses 304 - - 597.761 ms
GET /api/explorecourses 304 - - 619.787 ms
GET /api/explorecourses 304 - - 588.238 ms
GET /api/explorecourses 304 - - 593.167 ms
GET /api/explorecourses 304 - - 593.540 ms
GET /api/explorecourses 304 - - 593.777 ms
POST /api/payment/orders 200 236 - 2836.543 ms
GET /api/explorecourses 304 - - 592.687 ms
GET /api/explorecourses 304 - - 591.717 ms
GET /api/explorecourses 304 - - 592.308 ms
GET /api/explorecourses 304 - - 588.198 ms
POST /api/buycourse 200 39 - 2354.224 ms
POST /api/payment/verify 400 37 - 2.981 ms
GET /api/dashboard 201 - - 1.231 ms
GET /api/dashboard 201 - - 0.872 ms
POST /api/getSchedule 200 40 - 1751.044 ms
POST /api/getSchedule 200 40 - 1761.631 ms
POST /api/getAssignmentsJoined 200 18 - 0.625 ms
POST /api/getAssignmentsJoined 200 18 - 0.515 ms
GET /api/dashboard 201 - - 0.615 ms
GET /api/dashboard 201 - - 0.436 ms
POST /api/getjoinedcourses/ 200 563 - 1155.983 ms
POST /api/getjoinedcourses/ 200 563 - 1163.589 ms
GET /api/getCourse?courseId=6597c30ec64bdafb05dbd092 200 398 - 585.963 ms
POST /api/getcourseassignments 200 18 - 1151.727 ms
POST /api/getcourseassignments 200 18 - 1167.425 ms
GET /api/getCourse?courseId=6597c30ec64bdafb05dbd092 304 - - 591.917 ms
GET /api/dashboard 201 - - 0.482 ms
GET /api/dashboard 201 - - 0.650 ms
POST /api/getSchedule 200 40 - 1745.794 ms
POST /api/getAssignmentsJoined 200 18 - 0.499 ms
POST /api/getSchedule 200 40 - 1762.013 ms
POST /api/getAssignmentsJoined 200 18 - 0.503 ms
POST /api/signup 200 16 - 691.664 ms
POST /api/login 400 41 - 585.341 ms
POST /api/login 400 41 - 588.257 ms
POST /api/login 201 266 - 1312.722 ms
GET /api/dashboard 201 - - 0.863 ms
GET /api/dashboard 201 - - 0.524 ms
POST /api/getSchedule 200 40 - 1743.265 ms
POST /api/getSchedule 200 40 - 1753.675 ms
POST /api/getAssignmentsJoined 200 18 - 0.813 ms
POST /api/getAssignmentsJoined 200 18 - 0.533 ms
POST /api/login 201 265 - 1274.596 ms
POST /api/getSchedule 200 40 - 1745.518 ms
POST /api/getSchedule 200 40 - 1764.467 ms
POST /api/getcreatedcourses/ 200 14 - 1162.558 ms
POST /api/getcreatedcourses/ 200 14 - 1177.115 ms
POST /api/getSchedule 200 40 - 940233.058 ms
POST /api/getSchedule 200 40 - 940400.501 ms
POST /api/getSchedule 200 40 - 5334.749 ms
POST /api/getSchedule 200 40 - 477258.729 ms
POST /api/login 201 290 - 723.435 ms
GET /api/dashboard 201 - - 3.861 ms
GET /api/dashboard 201 - - 1.573 ms
POST /api/getSchedule 200 143 - 883.786 ms
POST /api/getSchedule 200 143 - 881.892 ms
POST /api/getAssignmentsJoined 200 122 - 591.549 ms
POST /api/getAssignmentsJoined 200 122 - 587.553 ms
GET /api/dashboard 201 - - 0.525 ms
GET /api/dashboard 201 - - 0.471 ms
GET /api/explorecourses 200 - - 287.685 ms
GET /api/explorecourses 304 - - 277.607 ms
GET /api/explorecourses 304 - - 280.310 ms
GET /api/explorecourses 304 - - 283.201 ms
GET /api/explorecourses 304 - - 276.622 ms
GET /api/explorecourses 304 - - 275.067 ms
GET /api/explorecourses 304 - - 268.742 ms
GET /api/explorecourses 304 - - 270.338 ms
GET /api/explorecourses 304 - - 280.426 ms
GET /api/explorecourses 304 - - 278.805 ms
GET /api/explorecourses 304 - - 280.122 ms
GET /api/explorecourses 304 - - 273.832 ms
GET /api/explorecourses 304 - - 281.168 ms
GET /api/explorecourses 304 - - 277.572 ms
GET /api/explorecourses 304 - - 280.129 ms
GET /api/explorecourses 304 - - 275.594 ms
GET /api/explorecourses 304 - - 272.514 ms
GET /api/explorecourses 304 - - 284.404 ms
GET /api/explorecourses 304 - - 288.513 ms
GET /api/explorecourses 304 - - 301.133 ms
GET /api/explorecourses 304 - - 283.522 ms
GET /api/explorecourses 304 - - 276.313 ms
GET /api/explorecourses 304 - - 276.299 ms
GET /api/explorecourses 304 - - 276.689 ms
GET /api/explorecourses 304 - - 272.917 ms
GET /api/explorecourses 304 - - 281.306 ms
GET /api/explorecourses 304 - - 288.709 ms
GET /api/explorecourses 304 - - 284.921 ms
GET /api/explorecourses 304 - - 277.448 ms
GET /api/explorecourses 304 - - 281.260 ms
GET /api/explorecourses 304 - - 283.809 ms
GET /api/explorecourses 304 - - 285.024 ms
GET /api/explorecourses 304 - - 276.964 ms
GET /api/explorecourses 304 - - 282.828 ms
GET /api/explorecourses 304 - - 355.091 ms
GET /api/explorecourses 304 - - 292.762 ms
GET /api/explorecourses 304 - - 347.075 ms
GET /api/explorecourses 304 - - 348.619 ms
GET /api/explorecourses 304 - - 350.791 ms
GET /api/explorecourses 304 - - 345.600 ms
GET /api/explorecourses 304 - - 357.321 ms
GET /api/explorecourses 304 - - 283.078 ms
GET /api/explorecourses 304 - - 291.545 ms
GET /api/explorecourses 304 - - 285.937 ms
GET /api/explorecourses 304 - - 278.247 ms
GET /api/explorecourses 304 - - 271.158 ms
GET /api/explorecourses 304 - - 271.052 ms
GET /api/explorecourses 304 - - 274.294 ms
GET /api/explorecourses 304 - - 278.648 ms
GET /api/explorecourses 304 - - 269.269 ms
GET /api/explorecourses 304 - - 276.409 ms
GET /api/explorecourses 304 - - 269.661 ms
GET /api/explorecourses 304 - - 271.927 ms
GET /api/explorecourses 304 - - 313.623 ms
GET /api/explorecourses 304 - - 298.643 ms
GET /api/explorecourses 304 - - 302.614 ms
GET /api/explorecourses 304 - - 305.612 ms
GET /api/explorecourses 304 - - 298.971 ms
GET /api/explorecourses 304 - - 299.581 ms
GET /api/explorecourses 304 - - 300.079 ms
GET /api/explorecourses 304 - - 300.937 ms
GET /api/explorecourses 304 - - 295.168 ms
GET /api/explorecourses 304 - - 298.267 ms
GET /api/explorecourses 304 - - 305.814 ms
GET /api/explorecourses 304 - - 297.982 ms
GET /api/explorecourses 304 - - 294.181 ms
GET /api/explorecourses 304 - - 297.779 ms
GET /api/explorecourses 304 - - 296.269 ms
GET /api/explorecourses 304 - - 294.962 ms
GET /api/explorecourses 304 - - 294.798 ms
GET /api/explorecourses 304 - - 301.549 ms
GET /api/explorecourses 304 - - 296.850 ms
GET /api/explorecourses 304 - - 296.934 ms
GET /api/explorecourses 304 - - 300.020 ms
GET /api/explorecourses 304 - - 297.524 ms
GET /api/explorecourses 304 - - 298.599 ms
GET /api/explorecourses 304 - - 300.113 ms
GET /api/explorecourses 304 - - 298.705 ms
GET /api/explorecourses 304 - - 296.085 ms
GET /api/explorecourses 304 - - 304.607 ms
GET /api/explorecourses 304 - - 298.803 ms
GET /api/explorecourses 304 - - 292.697 ms
GET /api/explorecourses 304 - - 294.453 ms
GET /api/explorecourses 304 - - 295.901 ms
GET /api/explorecourses 304 - - 296.612 ms
GET /api/dashboard 201 - - 0.581 ms
GET /api/dashboard 201 - - 0.978 ms
GET /api/explorecourses 304 - - 295.847 ms
GET /api/explorecourses 304 - - 295.369 ms
GET /api/explorecourses 304 - - 295.792 ms
POST /api/getSchedule 200 143 - 873.410 ms
POST /api/getSchedule 200 143 - 876.532 ms
GET /api/explorecourses 304 - - 297.861 ms
GET /api/explorecourses 304 - - 298.896 ms
POST /api/getAssignmentsJoined 200 122 - 583.646 ms
POST /api/getAssignmentsJoined 200 122 - 580.018 ms
GET /api/explorecourses 304 - - 297.042 ms
GET /api/explorecourses 304 - - 300.229 ms
GET /api/explorecourses 304 - - 300.059 ms
GET /api/explorecourses 304 - - 302.401 ms
GET /api/explorecourses 304 - - 324.354 ms
GET /api/explorecourses 304 - - 296.089 ms
GET /api/explorecourses 304 - - 296.548 ms
GET /api/explorecourses 304 - - 299.798 ms
GET /api/explorecourses 304 - - 299.636 ms
GET /api/explorecourses 304 - - 301.140 ms
GET /api/explorecourses 304 - - 301.507 ms
GET /api/explorecourses 304 - - 301.577 ms
GET /api/explorecourses 304 - - 296.554 ms
GET /api/explorecourses 304 - - 294.010 ms
GET /api/explorecourses 304 - - 301.049 ms
GET /api/explorecourses 304 - - 294.657 ms
GET /api/explorecourses 304 - - 299.141 ms
GET /api/explorecourses 304 - - 295.360 ms
GET /api/explorecourses 304 - - 302.691 ms
GET /api/explorecourses 304 - - 293.986 ms
GET /api/explorecourses 304 - - 295.747 ms
GET /api/explorecourses 304 - - 295.187 ms
GET /api/explorecourses 304 - - 294.792 ms
GET /api/explorecourses 304 - - 294.580 ms
GET /api/explorecourses 304 - - 301.515 ms
GET /api/explorecourses 304 - - 299.322 ms
GET /api/explorecourses 304 - - 296.782 ms
GET /api/explorecourses 304 - - 299.192 ms
GET /api/explorecourses 304 - - 292.751 ms
GET /api/explorecourses 304 - - 292.254 ms
GET /api/explorecourses 304 - - 290.330 ms
GET /api/explorecourses 304 - - 291.909 ms
GET /api/explorecourses 304 - - 295.068 ms
GET /api/explorecourses 304 - - 291.687 ms
GET /api/explorecourses 304 - - 291.710 ms
GET /api/explorecourses 304 - - 290.809 ms
GET /api/explorecourses 304 - - 294.298 ms
GET /api/explorecourses 304 - - 293.414 ms
GET /api/explorecourses 304 - - 291.978 ms
GET /api/explorecourses 304 - - 287.861 ms
GET /api/explorecourses 304 - - 288.243 ms
GET /api/explorecourses 304 - - 289.888 ms
GET /api/explorecourses 304 - - 292.162 ms
GET /api/explorecourses 200 - - 291.646 ms
GET /api/explorecourses 304 - - 290.988 ms
GET /api/explorecourses 200 - - 294.035 ms
GET /api/explorecourses 304 - - 288.332 ms
GET /api/explorecourses 200 - - 289.778 ms
GET /api/explorecourses 304 - - 288.392 ms
GET /api/explorecourses 200 - - 291.260 ms
GET /api/explorecourses 304 - - 293.658 ms
GET /api/explorecourses 200 - - 292.266 ms
GET /api/explorecourses 304 - - 293.029 ms
GET /api/explorecourses 200 - - 293.180 ms
GET /api/explorecourses 304 - - 290.476 ms
GET /api/explorecourses 200 - - 293.924 ms
GET /api/explorecourses 304 - - 291.859 ms
GET /api/explorecourses 200 - - 295.036 ms
GET /api/explorecourses 304 - - 292.119 ms
GET /api/explorecourses 200 - - 293.723 ms
GET /api/explorecourses 304 - - 290.398 ms
GET /api/explorecourses 200 - - 288.548 ms
GET /api/explorecourses 304 - - 288.660 ms
GET /api/explorecourses 200 - - 288.853 ms
GET /api/explorecourses 304 - - 287.914 ms
GET /api/explorecourses 304 - - 291.485 ms
GET /api/explorecourses 200 - - 290.505 ms
GET /api/explorecourses 304 - - 289.457 ms
GET /api/explorecourses 304 - - 290.104 ms
GET /api/explorecourses 200 - - 289.764 ms
GET /api/explorecourses 304 - - 290.675 ms
GET /api/explorecourses 200 - - 290.348 ms
GET /api/explorecourses 304 - - 288.968 ms
GET /api/explorecourses 200 - - 288.518 ms
GET /api/explorecourses 304 - - 288.440 ms
GET /api/explorecourses 200 - - 287.226 ms
GET /api/explorecourses 304 - - 288.720 ms
GET /api/explorecourses 200 - - 290.546 ms
GET /api/explorecourses 304 - - 290.356 ms
GET /api/explorecourses 200 - - 288.698 ms
GET /api/explorecourses 304 - - 287.892 ms
GET /api/explorecourses 200 - - 289.531 ms
GET /api/dashboard 201 - - 9.886 ms
GET /api/dashboard 201 - - 0.732 ms
GET /api/explorecourses 200 - - 2642.486 ms
GET /api/explorecourses 304 - - 290.561 ms
GET /api/explorecourses 304 - - 340.678 ms
GET /api/explorecourses 304 - - 399.511 ms
GET /api/explorecourses 304 - - 438.541 ms
GET /api/explorecourses 304 - - 358.470 ms
GET /api/explorecourses 304 - - 302.374 ms
GET /api/explorecourses 304 - - 304.364 ms
GET /api/explorecourses 304 - - 381.775 ms
GET /api/explorecourses 304 - - 396.113 ms
GET /api/explorecourses 304 - - 520.665 ms
GET /api/explorecourses 304 - - 294.882 ms
GET /api/explorecourses 304 - - 281.173 ms
GET /api/explorecourses 304 - - 341.209 ms
GET /api/explorecourses 304 - - 352.827 ms
GET /api/explorecourses 304 - - 324.056 ms
GET /api/explorecourses 304 - - 370.095 ms
GET /api/explorecourses 304 - - 300.876 ms
GET /api/explorecourses 304 - - 631.288 ms
GET /api/explorecourses 304 - - 363.562 ms
GET /api/explorecourses 304 - - 302.930 ms
GET /api/explorecourses 304 - - 293.367 ms
GET /api/explorecourses 304 - - 391.554 ms
GET /api/explorecourses 304 - - 299.689 ms
POST /api/payment/orders 200 238 - 3148.126 ms
POST /api/buycourse 200 39 - 1571.367 ms
POST /api/payment/verify 400 37 - 3.896 ms
GET /api/dashboard 201 - - 1.362 ms
GET /api/dashboard 201 - - 0.373 ms
POST /api/getSchedule 200 143 - 1264.438 ms
GET /api/dashboard 201 - - 0.558 ms
GET /api/dashboard 201 - - 2.553 ms
POST /api/getAssignmentsJoined 200 122 - 604.414 ms
POST /api/getjoinedcourses/ 200 924 - 710.917 ms
POST /api/getSchedule 200 143 - 2842.528 ms
POST /api/getAssignmentsJoined 200 122 - 604.581 ms
POST /api/getjoinedcourses/ 200 924 - 2219.550 ms
POST /api/login 201 317 - 978.690 ms
GET /api/dashboard 201 - - 4.681 ms
GET /api/dashboard 201 - - 3.436 ms
POST /api/getSchedule 200 143 - 1202.877 ms
POST /api/getSchedule 200 143 - 1208.491 ms
POST /api/getAssignmentsJoined 200 122 - 589.604 ms
POST /api/getAssignmentsJoined 200 122 - 3753.236 ms
POST /api/signup 200 16 - 590.208 ms
POST /api/login 201 268 - 994.060 ms
GET /api/dashboard 201 - - 1.022 ms
GET /api/dashboard 201 - - 0.884 ms
POST /api/getSchedule 200 40 - 1110.320 ms
POST /api/getAssignmentsJoined 200 18 - 0.550 ms
POST /api/getSchedule 200 40 - 1193.308 ms
POST /api/getAssignmentsJoined 200 18 - 0.557 ms
