POST /api/login 201 258 - 780.372 ms
POST /api/login 201 502 - 864.727 ms
GET /api/dashboard 201 - - 1.337 ms
GET /api/dashboard 201 - - 1.192 ms
POST /api/getSchedule 200 244 - 1128.565 ms
POST /api/getSchedule 200 244 - 1479.469 ms
GET /api/dashboard 201 - - 0.773 ms
GET /api/dashboard 201 - - 0.810 ms
POST /api/getAssignmentsJoined 200 230 - 2145.741 ms
POST /api/getAssignmentsJoined 200 230 - 2527.521 ms
POST /api/getjoinedcourses/ 200 - - 590.160 ms
POST /api/getjoinedcourses/ 200 - - 601.178 ms
GET /api/getCourse?courseId=6597c30ec64bdafb05dbd092 200 363 - 309.559 ms
POST /api/getcourseassignments 200 18 - 615.651 ms
GET /api/getCourse?courseId=6597c30ec64bdafb05dbd092 304 - - 308.020 ms
POST /api/getcourseassignments 200 18 - 633.010 ms
POST /api/getresources 200 16 - 614.186 ms
POST /api/getresources 200 16 - 628.338 ms
POST /api/getcourseassignments 200 18 - 623.586 ms
POST /api/getcourseassignments 200 18 - 642.528 ms
POST /api/getSchedulesByCourse 200 16 - 622.830 ms
POST /api/getSchedulesByCourse 200 16 - 641.767 ms
POST /api/getParticipants 200 578 - 654.837 ms
POST /api/getParticipants 200 578 - 673.377 ms
POST /api/getcourseassignments 200 18 - 635.526 ms
POST /api/getcourseassignments 200 18 - 649.671 ms
POST /api/getParticipants 200 578 - 651.056 ms
POST /api/getParticipants 200 578 - 1208.643 ms
POST /api/getcourseassignments 200 18 - 616.396 ms
POST /api/getcourseassignments 200 18 - 629.020 ms
POST /api/getresources 200 16 - 616.836 ms
POST /api/getresources 200 16 - 635.886 ms
POST /api/getSchedulesByCourse 200 16 - 601.257 ms
POST /api/getSchedulesByCourse 200 16 - 618.299 ms
POST /api/getcourseassignments 200 18 - 714.268 ms
POST /api/getcourseassignments 200 18 - 1214.654 ms
POST /api/login 201 511 - 694.213 ms
POST /api/getSchedule 200 525 - 4150.687 ms
POST /api/getSchedule 200 525 - 4535.973 ms
POST /api/getcreatedcourses/ 200 - - 599.477 ms
POST /api/getcreatedcourses/ 200 - - 870.616 ms
POST /api/getSchedule 200 525 - 3608.606 ms
POST /api/getSchedule 200 525 - 3700.853 ms
POST /api/getcreatedcourses/ 200 - - 597.767 ms
POST /api/getcreatedcourses/ 200 - - 1005.264 ms
POST /api/getSchedule 200 525 - 4047.850 ms
POST /api/getSchedule 200 525 - 4437.687 ms
POST /api/addRoom 200 37 - 930.184 ms
POST /api/getcreatedcourses/ 200 - - 585.820 ms
POST /api/getcreatedcourses/ 200 - - 1400.512 ms
POST /api/getSchedule 200 525 - 4124.311 ms
POST /api/getSchedule 200 525 - 4131.606 ms
POST /api/getSchedule 200 525 - 5949.603 ms
POST /api/getSchedule 200 525 - 5940.442 ms
