POST /api/login 201 592 - 1119.234 ms
GET /api/getupdateuser?userId=656f6e20472a719cf5e95137 200 666 - 281.760 ms
GET /api/getupdateuser?userId=656f6e20472a719cf5e95137 304 - - 438.491 ms
POST /api/getcreatedcourses/ 200 - - 651.537 ms
POST /api/getcreatedcourses/ 200 - - 666.065 ms
GET /api/getCourse?courseId=65700f59c64290ce8de72138 200 291 - 321.823 ms
GET /api/getassignments 200 459 - 337.521 ms
GET /api/getCourse?courseId=65700f59c64290ce8de72138 304 - - 488.151 ms
GET /api/getassignments 304 - - 483.319 ms
GET /api/getassignments 304 - - 414.400 ms
GET /api/getassignments 304 - - 346.569 ms
POST /api/getcreatedcourses/ 200 - - 3518.920 ms
GET /api/getassignments 304 - - 327.183 ms
GET /api/getCourse?courseId=65700f59c64290ce8de72138 304 - - 324.197 ms
POST /api/getcreatedcourses/ 200 - - 4732.571 ms
GET /api/getCourse?courseId=65700f59c64290ce8de72138 304 - - 262.359 ms
GET /api/getassignments 304 - - 282.599 ms
GET /api/getassignments 304 - - 477.878 ms
GET /api/getassignments 304 - - 352.886 ms
GET /api/getassignments 304 - - 566.625 ms
POST /api/login 201 592 - 696.054 ms
POST /api/getcreatedcourses/ 200 - - 647.699 ms
POST /api/getcreatedcourses/ 200 - - 673.159 ms
GET /api/getCourse?courseId=65700f59c64290ce8de72138 304 - - 332.215 ms
GET /api/getCourse?courseId=65700f59c64290ce8de72138 304 - - 303.057 ms
POST /api/getcreatedcourses/ 200 - - 579.389 ms
POST /api/getcreatedcourses/ 200 - - 582.474 ms
GET /api/getCourse?courseId=6570128d60d9264f822f9a35 304 - - 318.240 ms
GET /api/getCourse?courseId=6570128d60d9264f822f9a35 304 - - 303.262 ms
GET /api/getCourse?courseId=6570128d60d9264f822f9a35 200 287 - 297.649 ms
GET /api/getCourse?courseId=6570128d60d9264f822f9a35 304 - - 238.417 ms
GET /api/getCourse?courseId=6570128d60d9264f822f9a35 304 - - 235.318 ms
GET /api/getCourse?courseId=6570128d60d9264f822f9a35 304 - - 285.971 ms
POST /api/getcourseassignments 200 459 - 258.392 ms
GET /api/getCourse?courseId=6570128d60d9264f822f9a35 304 - - 264.775 ms
POST /api/getcourseassignments 200 459 - 259.402 ms
GET /api/getCourse?courseId=6570128d60d9264f822f9a35 304 - - 231.976 ms
POST /api/getcourseassignments 200 459 - 316.903 ms
POST /api/login 201 592 - 647.405 ms
POST /api/getcreatedcourses/ 200 - - 517.448 ms
POST /api/getcreatedcourses/ 200 - - 521.485 ms
GET /api/getCourse?courseId=65700f59c64290ce8de72138 200 291 - 239.092 ms
POST /api/getcourseassignments 200 18 - 235.959 ms
POST /api/getcourseassignments 200 18 - 231.391 ms
GET /api/getCourse?courseId=65700f59c64290ce8de72138 304 - - 319.543 ms
POST /api/addassignment 500 39 - 8.581 ms
POST /api/getcourseassignments 200 18 - 336.402 ms
POST /api/getcreatedcourses/ 200 - - 518.719 ms
POST /api/getcreatedcourses/ 200 - - 522.319 ms
GET /api/getCourse?courseId=65700f59c64290ce8de72138 304 - - 336.178 ms
POST /api/getcourseassignments 200 18 - 321.646 ms
POST /api/getcourseassignments 200 18 - 316.510 ms
GET /api/getCourse?courseId=65700f59c64290ce8de72138 304 - - 234.235 ms
POST /api/addassignment 500 39 - 387.696 ms
POST /api/getcourseassignments 200 18 - 292.857 ms
POST /api/getcourseassignments 200 18 - 252.950 ms
POST /api/getcourseassignments 200 18 - 256.842 ms
POST /api/getcreatedcourses/ 200 - - 587.709 ms
POST /api/getcreatedcourses/ 200 - - 601.816 ms
POST /api/getcourseassignments 200 18 - 294.197 ms
GET /api/getCourse?courseId=6570128d60d9264f822f9a35 304 - - 314.066 ms
POST /api/getcourseassignments 200 18 - 311.778 ms
GET /api/getCourse?courseId=6570128d60d9264f822f9a35 304 - - 252.390 ms
POST /api/addassignment 500 39 - 301.394 ms
POST /api/getcourseassignments 200 18 - 250.968 ms
POST /api/getcourseassignments 200 18 - 300.913 ms
POST /api/getcourseassignments 200 18 - 293.867 ms
POST /api/getcourseassignments 200 18 - 340.412 ms
POST /api/getcourseassignments 200 18 - 248.466 ms
POST /api/getcourseassignments 200 18 - 273.336 ms
POST /api/getcourseassignments 200 18 - 247.361 ms
POST /api/getcourseassignments 200 18 - 255.369 ms
POST /api/getcourseassignments 200 18 - 304.453 ms
POST /api/getcourseassignments 200 18 - 259.044 ms
POST /api/getcourseassignments 200 18 - 278.269 ms
POST /api/getcourseassignments 200 18 - 314.355 ms
POST /api/getcourseassignments 200 18 - 247.519 ms
POST /api/getcourseassignments 200 18 - 268.378 ms
POST /api/getcourseassignments 200 18 - 263.135 ms
POST /api/getcourseassignments 200 18 - 295.181 ms
POST /api/getcourseassignments 200 18 - 292.161 ms
POST /api/getcourseassignments 200 18 - 319.257 ms
POST /api/getcourseassignments 200 18 - 252.597 ms
POST /api/getcreatedcourses/ 200 - - 3052.030 ms
POST /api/getcreatedcourses/ 200 - - 3063.838 ms
POST /api/getcourseassignments 200 18 - 256.440 ms
GET /api/getCourse?courseId=6570128d60d9264f822f9a35 304 - - 283.383 ms
POST /api/getcourseassignments 200 18 - 279.339 ms
GET /api/getCourse?courseId=6570128d60d9264f822f9a35 304 - - 288.182 ms
POST /api/addassignment 500 39 - 377.536 ms
POST /api/getcourseassignments 200 18 - 278.209 ms
POST /api/addassignment 500 39 - 447.823 ms
POST /api/getcourseassignments 200 18 - 259.680 ms
POST /api/getcreatedcourses/ 200 - - 496.630 ms
POST /api/getcreatedcourses/ 200 - - 573.159 ms
GET /api/getCourse?courseId=6570202f87a66cb0499fdf67 200 337 - 246.226 ms
POST /api/getcourseassignments 200 18 - 261.640 ms
POST /api/getcourseassignments 200 18 - 274.927 ms
GET /api/getCourse?courseId=6570202f87a66cb0499fdf67 304 - - 243.181 ms
POST /api/addassignment 201 45 - 928.598 ms
POST /api/getcourseassignments 200 111 - 286.154 ms
POST /api/getcreatedcourses/ 200 - - 581.718 ms
POST /api/getcreatedcourses/ 200 - - 610.989 ms
GET /api/getCourse?courseId=65700f59c64290ce8de72138 304 - - 314.662 ms
POST /api/getcourseassignments 200 111 - 310.544 ms
POST /api/getcourseassignments 200 111 - 325.374 ms
GET /api/getCourse?courseId=65700f59c64290ce8de72138 304 - - 226.110 ms
POST /api/getcreatedcourses/ 200 - - 514.516 ms
POST /api/getcreatedcourses/ 200 - - 525.408 ms
GET /api/getCourse?courseId=6570128d60d9264f822f9a35 304 - - 228.841 ms
POST /api/getcourseassignments 200 111 - 256.462 ms
POST /api/getcourseassignments 200 111 - 263.116 ms
GET /api/getCourse?courseId=6570128d60d9264f822f9a35 304 - - 227.596 ms
POST /api/getcreatedcourses/ 200 - - 581.390 ms
POST /api/getcreatedcourses/ 200 - - 582.289 ms
POST /api/getcourseassignments 200 111 - 314.857 ms
GET /api/getCourse?courseId=6570202f87a66cb0499fdf67 200 371 - 314.914 ms
POST /api/getcourseassignments 200 111 - 324.467 ms
GET /api/getCourse?courseId=6570202f87a66cb0499fdf67 304 - - 277.634 ms
POST /api/getcreatedcourses/ 200 - - 573.974 ms
POST /api/getcreatedcourses/ 200 - - 592.587 ms
POST /api/getcourseassignments 500 39 - 20.037 ms
POST /api/getcourseassignments 500 39 - 14.246 ms
GET /api/getCourse?courseId=65700f59c64290ce8de72138 304 - - 241.043 ms
GET /api/getCourse?courseId=65700f59c64290ce8de72138 304 - - 335.647 ms
POST /api/getcreatedcourses/ 200 - - 7691.205 ms
POST /api/getcreatedcourses/ 200 - - 7711.031 ms
POST /api/getcourseassignments 500 39 - 21.870 ms
POST /api/getcourseassignments 500 39 - 12.363 ms
GET /api/getCourse?courseId=6570128d60d9264f822f9a35 304 - - 312.289 ms
GET /api/getCourse?courseId=6570128d60d9264f822f9a35 304 - - 287.009 ms
POST /api/getcreatedcourses/ 200 - - 529.268 ms
POST /api/getcreatedcourses/ 200 - - 522.635 ms
POST /api/getcourseassignments 500 39 - 18.287 ms
POST /api/getcourseassignments 500 39 - 17.404 ms
GET /api/getCourse?courseId=6570128d60d9264f822f9a35 304 - - 267.895 ms
GET /api/getCourse?courseId=6570128d60d9264f822f9a35 304 - - 291.409 ms
POST /api/getcreatedcourses/ 200 - - 653.711 ms
POST /api/getcreatedcourses/ 200 - - 680.452 ms
POST /api/getcourseassignments 500 39 - 19.757 ms
POST /api/getcourseassignments 500 39 - 8.056 ms
GET /api/getCourse?courseId=65700f59c64290ce8de72138 304 - - 275.922 ms
GET /api/getCourse?courseId=65700f59c64290ce8de72138 304 - - 332.128 ms
GET /api/getCourse?courseId=65700f59c64290ce8de72138 304 - - 267.330 ms
GET /api/getCourse?courseId=65700f59c64290ce8de72138 304 - - 397.200 ms
POST /api/getcreatedcourses/ 200 - - 542.059 ms
POST /api/getcreatedcourses/ 200 - - 558.785 ms
GET /api/getCourse?courseId=65700f59c64290ce8de72138 304 - - 327.113 ms
GET /api/getCourse?courseId=65700f59c64290ce8de72138 304 - - 403.370 ms
POST /api/getcreatedcourses/ 200 - - 3352.091 ms
GET /api/getCourse?courseId=6570128d60d9264f822f9a35 304 - - 246.810 ms
POST /api/getcreatedcourses/ 200 - - 4673.337 ms
GET /api/getCourse?courseId=6570128d60d9264f822f9a35 304 - - 245.500 ms
GET /api/getCourse?courseId=6570128d60d9264f822f9a35 304 - - 390.545 ms
GET /api/getCourse?courseId=6570128d60d9264f822f9a35 304 - - 1196.770 ms
POST /api/getcourseassignments 200 111 - 283.320 ms
POST /api/getcourseassignments 200 111 - 283.684 ms
GET /api/getCourse?courseId=6570128d60d9264f822f9a35 304 - - 376.502 ms
GET /api/getCourse?courseId=6570128d60d9264f822f9a35 304 - - 416.140 ms
GET /api/getCourse?courseId=6570128d60d9264f822f9a35 304 - - 346.381 ms
GET /api/getCourse?courseId=6570128d60d9264f822f9a35 304 - - 1101.169 ms
POST /api/getcourseassignments 200 111 - 242.346 ms
GET /api/getCourse?courseId=6570128d60d9264f822f9a35 304 - - 247.373 ms
POST /api/getcourseassignments 200 111 - 347.448 ms
GET /api/getCourse?courseId=6570128d60d9264f822f9a35 304 - - 247.307 ms
POST /api/getcreatedcourses/ 200 - - 572.613 ms
POST /api/getcourseassignments 500 39 - 22.982 ms
POST /api/getcourseassignments 500 39 - 12.732 ms
POST /api/getcreatedcourses/ 200 - - 2025.216 ms
GET /api/getCourse?courseId=65700f59c64290ce8de72138 304 - - 556.101 ms
GET /api/getCourse?courseId=65700f59c64290ce8de72138 304 - - 292.725 ms
POST /api/getcreatedcourses/ 200 - - 617.393 ms
POST /api/getcreatedcourses/ 200 - - 651.857 ms
POST /api/getcourseassignments 500 39 - 15.619 ms
POST /api/getcourseassignments 500 39 - 8.716 ms
GET /api/getCourse?courseId=65700f59c64290ce8de72138 304 - - 273.063 ms
GET /api/getCourse?courseId=65700f59c64290ce8de72138 304 - - 274.668 ms
POST /api/getcreatedcourses/ 200 - - 651.366 ms
POST /api/getcreatedcourses/ 200 - - 681.811 ms
POST /api/getcourseassignments 200 111 - 447.273 ms
GET /api/getCourse?courseId=65700f59c64290ce8de72138 304 - - 461.189 ms
POST /api/getcourseassignments 200 111 - 451.620 ms
GET /api/getCourse?courseId=65700f59c64290ce8de72138 304 - - 315.463 ms
POST /api/getcreatedcourses/ 200 - - 2780.805 ms
POST /api/getcreatedcourses/ 200 - - 4594.582 ms
GET /api/getCourse?courseId=65700f59c64290ce8de72138 304 - - 334.938 ms
POST /api/getcourseassignments 200 111 - 334.820 ms
POST /api/getcourseassignments 200 111 - 334.773 ms
GET /api/getCourse?courseId=65700f59c64290ce8de72138 304 - - 289.230 ms
POST /api/getcreatedcourses/ 200 - - 629.848 ms
POST /api/getcreatedcourses/ 200 - - 648.318 ms
GET /api/getCourse?courseId=65700f59c64290ce8de72138 304 - - 309.072 ms
POST /api/getcourseassignments 200 111 - 304.518 ms
POST /api/getcourseassignments 200 111 - 304.954 ms
GET /api/getCourse?courseId=65700f59c64290ce8de72138 304 - - 249.478 ms
POST /api/getcourseassignments 200 111 - 272.893 ms
POST /api/getcourseassignments 200 111 - 260.322 ms
POST /api/getcourseassignments 200 111 - 254.773 ms
POST /api/getcourseassignments 200 111 - 290.400 ms
POST /api/getcreatedcourses/ 200 - - 4614.548 ms
POST /api/getcreatedcourses/ 200 - - 4639.991 ms
POST /api/getcourseassignments 500 39 - 21.499 ms
POST /api/getcourseassignments 500 39 - 20.021 ms
GET /api/getCourse?courseId=65700f59c64290ce8de72138 304 - - 263.422 ms
GET /api/getCourse?courseId=65700f59c64290ce8de72138 304 - - 280.261 ms
POST /api/getcreatedcourses/ 200 - - 657.428 ms
POST /api/getcreatedcourses/ 200 - - 685.612 ms
POST /api/getcourseassignments 500 39 - 21.349 ms
POST /api/getcourseassignments 500 39 - 12.161 ms
GET /api/getCourse?courseId=65700f59c64290ce8de72138 304 - - 363.764 ms
GET /api/getCourse?courseId=65700f59c64290ce8de72138 304 - - 378.471 ms
POST /api/getcreatedcourses/ 200 - - 580.017 ms
POST /api/getcreatedcourses/ 200 - - 604.558 ms
POST /api/getcourseassignments 500 39 - 21.921 ms
POST /api/getcourseassignments 500 39 - 12.598 ms
GET /api/getCourse?courseId=65700f59c64290ce8de72138 304 - - 271.557 ms
GET /api/getCourse?courseId=65700f59c64290ce8de72138 304 - - 261.673 ms
POST /api/getcourseassignments 500 39 - 9.361 ms
POST /api/getcourseassignments 500 39 - 6.683 ms
GET /api/getCourse?courseId=65700f59c64290ce8de72138 304 - - 263.354 ms
GET /api/getCourse?courseId=65700f59c64290ce8de72138 304 - - 261.026 ms
POST /api/getcourseassignments 500 39 - 6.731 ms
POST /api/getcourseassignments 500 39 - 6.454 ms
GET /api/getCourse?courseId=65700f59c64290ce8de72138 304 - - 276.242 ms
GET /api/getCourse?courseId=65700f59c64290ce8de72138 304 - - 333.949 ms
POST /api/getcourseassignments 500 39 - 9.052 ms
POST /api/getcourseassignments 500 39 - 7.892 ms
GET /api/getCourse?courseId=65700f59c64290ce8de72138 304 - - 264.359 ms
GET /api/getCourse?courseId=65700f59c64290ce8de72138 304 - - 263.829 ms
POST /api/getcourseassignments 500 39 - 10.659 ms
POST /api/getcourseassignments 500 39 - 9.333 ms
GET /api/getCourse?courseId=65700f59c64290ce8de72138 304 - - 361.913 ms
GET /api/getCourse?courseId=65700f59c64290ce8de72138 304 - - 299.167 ms
POST /api/getcreatedcourses/ 200 - - 526.906 ms
POST /api/getcreatedcourses/ 200 - - 553.123 ms
POST /api/getcourseassignments 500 39 - 22.936 ms
POST /api/getcourseassignments 500 39 - 17.089 ms
GET /api/getCourse?courseId=65700f59c64290ce8de72138 304 - - 256.236 ms
GET /api/getCourse?courseId=65700f59c64290ce8de72138 304 - - 254.373 ms
POST /api/getcourseassignments 500 39 - 24.869 ms
POST /api/getcourseassignments 500 39 - 11.444 ms
GET /api/getCourse?courseId=65700f59c64290ce8de72138 304 - - 742.769 ms
GET /api/getCourse?courseId=65700f59c64290ce8de72138 304 - - 290.193 ms
POST /api/getcourseassignments 500 39 - 18.518 ms
POST /api/getcourseassignments 500 39 - 12.100 ms
GET /api/getCourse?courseId=65700f59c64290ce8de72138 304 - - 270.395 ms
GET /api/getCourse?courseId=65700f59c64290ce8de72138 304 - - 353.900 ms
POST /api/getcourseassignments 500 39 - 15.133 ms
POST /api/getcourseassignments 500 39 - 14.013 ms
GET /api/getCourse?courseId=65700f59c64290ce8de72138 304 - - 252.128 ms
GET /api/getCourse?courseId=65700f59c64290ce8de72138 304 - - 247.791 ms
POST /api/getcourseassignments 500 39 - 14.584 ms
POST /api/getcourseassignments 500 39 - 10.157 ms
GET /api/getCourse?courseId=65700f59c64290ce8de72138 304 - - 296.184 ms
GET /api/getCourse?courseId=65700f59c64290ce8de72138 304 - - 307.925 ms
POST /api/getcourseassignments 500 39 - 7.245 ms
POST /api/getcourseassignments 500 39 - 7.824 ms
GET /api/getCourse?courseId=65700f59c64290ce8de72138 304 - - 250.632 ms
GET /api/getCourse?courseId=65700f59c64290ce8de72138 304 - - 248.566 ms
GET /api/getCourse?courseId=65700f59c64290ce8de72138 304 - - 248.547 ms
GET /api/getCourse?courseId=65700f59c64290ce8de72138 304 - - 275.249 ms
GET /api/getCourse?courseId=65700f59c64290ce8de72138 304 - - 238.342 ms
GET /api/getCourse?courseId=65700f59c64290ce8de72138 304 - - 237.386 ms
POST /api/getcreatedcourses/ 200 - - 566.307 ms
POST /api/getcreatedcourses/ 200 - - 591.198 ms
GET /api/getCourse?courseId=65700f59c64290ce8de72138 304 - - 327.024 ms
GET /api/getCourse?courseId=65700f59c64290ce8de72138 304 - - 304.783 ms
POST /api/login 201 592 - 705.104 ms
POST /api/getcreatedcourses/ 200 - - 542.773 ms
POST /api/getcreatedcourses/ 200 - - 548.471 ms
GET /api/getCourse?courseId=65700f59c64290ce8de72138 304 - - 321.208 ms
GET /api/getCourse?courseId=65700f59c64290ce8de72138 304 - - 299.460 ms
GET /api/getCourse?courseId=65700f59c64290ce8de72138 304 - - 295.806 ms
GET /api/getCourse?courseId=65700f59c64290ce8de72138 304 - - 305.476 ms
POST /api/getcourseassignments 200 111 - 232.750 ms
POST /api/getcourseassignments 200 111 - 233.432 ms
GET /api/getCourse?courseId=65700f59c64290ce8de72138 304 - - 230.644 ms
GET /api/getCourse?courseId=65700f59c64290ce8de72138 304 - - 229.838 ms
POST /api/getcreatedcourses/ 200 - - 639.920 ms
POST /api/getcreatedcourses/ 200 - - 631.105 ms
GET /api/getCourse?courseId=65700f59c64290ce8de72138 304 - - 291.444 ms
POST /api/getcourseassignments 200 111 - 287.604 ms
POST /api/getcourseassignments 200 111 - 284.608 ms
GET /api/getCourse?courseId=65700f59c64290ce8de72138 304 - - 253.540 ms
POST /api/getcreatedcourses/ 200 - - 528.519 ms
POST /api/getcreatedcourses/ 200 - - 550.709 ms
POST /api/getcourseassignments 200 111 - 309.988 ms
GET /api/getCourse?courseId=65700f59c64290ce8de72138 304 - - 320.100 ms
POST /api/getcourseassignments 200 111 - 311.873 ms
GET /api/getCourse?courseId=65700f59c64290ce8de72138 304 - - 247.952 ms
POST /api/getcourseassignments 200 111 - 255.777 ms
POST /api/addassignment 201 45 - 843.276 ms
POST /api/getcourseassignments 200 189 - 237.393 ms
GET /api/getCourse?courseId=65700f59c64290ce8de72138 200 325 - 243.125 ms
POST /api/getcourseassignments 200 189 - 264.155 ms
GET /api/getCourse?courseId=65700f59c64290ce8de72138 304 - - 241.051 ms
POST /api/getcourseassignments 200 189 - 1596.951 ms
POST /api/getcourseassignments 200 189 - 1808.146 ms
POST /api/getcourseassignments 200 189 - 302.514 ms
POST /api/getcourseassignments 200 189 - 276.045 ms
POST /api/getcourseassignments 200 189 - 396.039 ms
POST /api/getcourseassignments 200 189 - 384.777 ms
GET /api/getCourse?courseId=65700f59c64290ce8de72138 304 - - 395.174 ms
GET /api/getCourse?courseId=65700f59c64290ce8de72138 304 - - 361.333 ms
POST /api/getcreatedcourses/ 200 - - 615.129 ms
POST /api/getcreatedcourses/ 200 - - 634.611 ms
GET /api/getCourse?courseId=65700f59c64290ce8de72138 304 - - 276.584 ms
POST /api/getcourseassignments 200 189 - 268.125 ms
POST /api/getcourseassignments 200 189 - 269.687 ms
GET /api/getCourse?courseId=65700f59c64290ce8de72138 304 - - 256.800 ms
POST /api/login 201 592 - 855.377 ms
POST /api/getcreatedcourses/ 200 - - 521.302 ms
POST /api/getcreatedcourses/ 200 - - 532.212 ms
GET /api/getCourse?courseId=6570128d60d9264f822f9a35 304 - - 260.425 ms
POST /api/getcourseassignments 200 189 - 253.702 ms
POST /api/getcourseassignments 200 189 - 264.751 ms
GET /api/getCourse?courseId=6570128d60d9264f822f9a35 304 - - 256.618 ms
POST /api/addassignment 201 45 - 992.136 ms
POST /api/getcourseassignments 200 276 - 332.745 ms
POST /api/getcourseassignments 200 276 - 253.908 ms
POST /api/getcourseassignments 200 276 - 335.094 ms
POST /api/getcreatedcourses/ 200 - - 594.336 ms
POST /api/getcreatedcourses/ 200 - - 595.904 ms
GET /api/getCourse?courseId=6570128d60d9264f822f9a35 200 321 - 355.671 ms
POST /api/getcourseassignments 200 276 - 278.877 ms
POST /api/getcourseassignments 200 276 - 278.391 ms
GET /api/getCourse?courseId=6570128d60d9264f822f9a35 304 - - 256.386 ms
POST /api/getcourseassignments 200 276 - 275.501 ms
POST /api/getcreatedcourses/ 200 - - 3530.574 ms
GET /api/getCourse?courseId=65700f59c64290ce8de72138 304 - - 259.325 ms
POST /api/getcourseassignments 200 276 - 255.383 ms
POST /api/getcourseassignments 200 276 - 264.475 ms
GET /api/getCourse?courseId=65700f59c64290ce8de72138 304 - - 263.297 ms
POST /api/getcreatedcourses/ 200 - - 5020.127 ms
POST /api/login 201 592 - 805.539 ms
POST /api/getcreatedcourses/ 200 - - 514.611 ms
POST /api/getcreatedcourses/ 200 - - 520.117 ms
POST /api/getcourseassignments 200 276 - 292.419 ms
GET /api/getCourse?courseId=6570128d60d9264f822f9a35 304 - - 304.196 ms
POST /api/getcourseassignments 200 276 - 295.800 ms
GET /api/getCourse?courseId=6570128d60d9264f822f9a35 304 - - 251.022 ms
POST /api/login 201 592 - 750.121 ms
POST /api/getcreatedcourses/ 200 - - 559.944 ms
POST /api/getcreatedcourses/ 200 - - 577.651 ms
POST /api/getcourseassignments 500 39 - 16.625 ms
POST /api/getcourseassignments 500 39 - 9.758 ms
GET /api/getCourse?courseId=65700f59c64290ce8de72138 304 - - 437.449 ms
GET /api/getCourse?courseId=65700f59c64290ce8de72138 304 - - 258.667 ms
POST /api/getcreatedcourses/ 200 - - 565.192 ms
POST /api/getcreatedcourses/ 200 - - 592.716 ms
POST /api/getcourseassignments 500 39 - 15.630 ms
POST /api/getcourseassignments 500 39 - 7.979 ms
GET /api/getCourse?courseId=65700f59c64290ce8de72138 304 - - 323.689 ms
GET /api/getCourse?courseId=65700f59c64290ce8de72138 304 - - 300.342 ms
POST /api/getcreatedcourses/ 200 - - 514.392 ms
POST /api/getcreatedcourses/ 200 - - 1688.516 ms
GET /api/getCourse?courseId=65d87e2bc5ae7fcaabfe7f74 200 279 - 232.034 ms
POST /api/getcourseassignments 200 276 - 250.726 ms
POST /api/getcourseassignments 200 276 - 262.666 ms
GET /api/getCourse?courseId=65d87e2bc5ae7fcaabfe7f74 304 - - 230.883 ms
POST /api/login 201 592 - 538.351 ms
POST /api/getcreatedcourses/ 200 - - 470.032 ms
POST /api/getcreatedcourses/ 200 - - 530.418 ms
POST /api/getcourseassignments 200 276 - 241.894 ms
POST /api/getcourseassignments 200 276 - 251.149 ms
GET /api/getCourse?courseId=65700f59c64290ce8de72138 304 - - 267.798 ms
GET /api/getCourse?courseId=65700f59c64290ce8de72138 304 - - 266.488 ms
POST /api/login 201 592 - 584.790 ms
POST /api/getcreatedcourses/ 200 - - 502.322 ms
POST /api/getcreatedcourses/ 200 - - 516.969 ms
POST /api/getcourseassignments 200 276 - 230.739 ms
POST /api/getcourseassignments 200 276 - 251.253 ms
GET /api/getCourse?courseId=65700f59c64290ce8de72138 304 - - 262.829 ms
GET /api/getCourse?courseId=65700f59c64290ce8de72138 304 - - 264.414 ms
GET /api/getCourse?courseId=65700f59c64290ce8de72138 304 - - 260.223 ms
GET /api/getCourse?courseId=65700f59c64290ce8de72138 304 - - 279.350 ms
GET /api/getCourse?courseId=65700f59c64290ce8de72138 304 - - 259.479 ms
GET /api/getCourse?courseId=65700f59c64290ce8de72138 304 - - 297.721 ms
GET /api/getCourse?courseId=65700f59c64290ce8de72138 304 - - 267.200 ms
POST /api/getcourseassignments 200 276 - 266.060 ms
POST /api/getcourseassignments 200 276 - 249.079 ms
POST /api/getcourseassignments 200 276 - 257.675 ms
POST /api/login 201 592 - 603.982 ms
POST /api/getcreatedcourses/ 200 - - 478.802 ms
POST /api/getcreatedcourses/ 200 - - 524.319 ms
POST /api/getcourseassignments 200 276 - 233.499 ms
GET /api/getCourse?courseId=65700f59c64290ce8de72138 304 - - 259.033 ms
POST /api/getcourseassignments 200 276 - 258.650 ms
GET /api/getCourse?courseId=65700f59c64290ce8de72138 304 - - 260.006 ms
POST /api/getcreatedcourses/ 200 - - 526.999 ms
POST /api/getcreatedcourses/ 200 - - 526.116 ms
POST /api/getcourseassignments 200 276 - 231.880 ms
GET /api/getCourse?courseId=6570128d60d9264f822f9a35 304 - - 258.850 ms
POST /api/getcourseassignments 200 276 - 257.882 ms
GET /api/getCourse?courseId=6570128d60d9264f822f9a35 304 - - 262.394 ms
POST /api/getcourseassignments 200 276 - 249.800 ms
GET /api/getCourse?courseId=6570128d60d9264f822f9a35 304 - - 240.177 ms
GET /api/getCourse?courseId=6570128d60d9264f822f9a35 304 - - 234.487 ms
POST /api/getcreatedcourses/ 200 - - 469.088 ms
POST /api/getcreatedcourses/ 200 - - 480.803 ms
GET /api/getCourse?courseId=6570202f87a66cb0499fdf67 304 - - 251.757 ms
GET /api/getCourse?courseId=6570202f87a66cb0499fdf67 304 - - 236.326 ms
GET /api/getCourse?courseId=6570202f87a66cb0499fdf67 304 - - 257.234 ms
GET /api/getCourse?courseId=6570202f87a66cb0499fdf67 304 - - 277.449 ms
GET /api/getCourse?courseId=6570202f87a66cb0499fdf67 304 - - 234.384 ms
GET /api/getCourse?courseId=6570202f87a66cb0499fdf67 304 - - 237.269 ms
POST /api/getcreatedcourses/ 200 - - 533.789 ms
POST /api/getcreatedcourses/ 200 - - 542.162 ms
GET /api/getCourse?courseId=65700f59c64290ce8de72138 304 - - 267.510 ms
GET /api/getCourse?courseId=65700f59c64290ce8de72138 304 - - 239.456 ms
POST /api/getcourseassignments 200 276 - 228.787 ms
GET /api/getCourse?courseId=65700f59c64290ce8de72138 304 - - 233.860 ms
POST /api/getcourseassignments 200 276 - 231.348 ms
GET /api/getCourse?courseId=65700f59c64290ce8de72138 304 - - 231.352 ms
POST /api/getcreatedcourses/ 200 - - 764.040 ms
POST /api/getcourseassignments 200 276 - 227.357 ms
POST /api/getcourseassignments 200 276 - 248.223 ms
GET /api/getCourse?courseId=65700f59c64290ce8de72138 304 - - 254.326 ms
POST /api/getcreatedcourses/ 200 - - 1685.131 ms
GET /api/getCourse?courseId=65700f59c64290ce8de72138 304 - - 252.627 ms
POST /api/getcreatedcourses/ 200 - - 515.743 ms
POST /api/getcreatedcourses/ 200 - - 525.867 ms
POST /api/getcourseassignments 500 39 - 8.844 ms
POST /api/getcourseassignments 500 39 - 6.625 ms
GET /api/getCourse?courseId=65700f59c64290ce8de72138 304 - - 246.002 ms
GET /api/getCourse?courseId=65700f59c64290ce8de72138 304 - - 239.677 ms
POST /api/getcreatedcourses/ 200 - - 469.391 ms
POST /api/getcreatedcourses/ 200 - - 485.978 ms
GET /api/getCourse?courseId=6570128d60d9264f822f9a35 304 - - 2928.186 ms
POST /api/getcourseassignments 200 18 - 3957.598 ms
POST /api/getcreatedcourses/ 200 - - 531.577 ms
POST /api/getcreatedcourses/ 200 - - 544.906 ms
POST /api/getcourseassignments 200 18 - 4868.286 ms
GET /api/getCourse?courseId=6570128d60d9264f822f9a35 304 - - 1993.070 ms
GET /api/getCourse?courseId=65700f59c64290ce8de72138 304 - - 258.968 ms
POST /api/getcourseassignments 200 18 - 518.329 ms
POST /api/getcourseassignments 200 18 - 525.298 ms
GET /api/getCourse?courseId=65700f59c64290ce8de72138 304 - - 259.724 ms
POST /api/getcreatedcourses/ 200 - - 524.680 ms
POST /api/getcreatedcourses/ 200 - - 526.657 ms
GET /api/getCourse?courseId=6570202f87a66cb0499fdf67 304 - - 262.585 ms
POST /api/getcourseassignments 200 18 - 550.318 ms
POST /api/getcourseassignments 200 18 - 549.033 ms
GET /api/getCourse?courseId=6570202f87a66cb0499fdf67 304 - - 291.386 ms
POST /api/getcreatedcourses/ 200 - - 483.741 ms
POST /api/getcreatedcourses/ 200 - - 481.319 ms
GET /api/getCourse?courseId=65700f59c64290ce8de72138 304 - - 229.111 ms
GET /api/getCourse?courseId=65700f59c64290ce8de72138 304 - - 227.016 ms
POST /api/getcourseassignments 200 18 - 465.698 ms
POST /api/getcourseassignments 200 18 - 510.916 ms
POST /api/getcreatedcourses/ 200 - - 526.764 ms
POST /api/getcreatedcourses/ 200 - - 523.701 ms
GET /api/getCourse?courseId=6570128d60d9264f822f9a35 304 - - 252.392 ms
POST /api/getcourseassignments 200 18 - 480.246 ms
GET /api/getCourse?courseId=6570128d60d9264f822f9a35 304 - - 252.510 ms
POST /api/getcourseassignments 200 18 - 505.223 ms
POST /api/getcreatedcourses/ 200 - - 1257.083 ms
GET /api/getCourse?courseId=65700f59c64290ce8de72138 304 - - 238.614 ms
POST /api/getcourseassignments 200 95 - 467.098 ms
POST /api/getcourseassignments 200 95 - 469.196 ms
GET /api/getCourse?courseId=65700f59c64290ce8de72138 304 - - 232.075 ms
POST /api/getcreatedcourses/ 200 - - 2485.159 ms
POST /api/getcreatedcourses/ 200 - - 466.384 ms
POST /api/getcreatedcourses/ 200 - - 472.074 ms
GET /api/getCourse?courseId=6570128d60d9264f822f9a35 304 - - 234.907 ms
POST /api/getcourseassignments 200 104 - 459.051 ms
POST /api/getcourseassignments 200 104 - 460.692 ms
GET /api/getCourse?courseId=6570128d60d9264f822f9a35 304 - - 237.493 ms
POST /api/login 201 592 - 559.311 ms
POST /api/getcreatedcourses/ 200 - - 498.284 ms
POST /api/getcreatedcourses/ 200 - - 505.482 ms
GET /api/getCourse?courseId=65700f59c64290ce8de72138 200 291 - 242.654 ms
POST /api/getcourseassignments 200 18 - 456.370 ms
POST /api/getcourseassignments 200 18 - 470.000 ms
GET /api/getCourse?courseId=65700f59c64290ce8de72138 304 - - 240.986 ms
POST /api/addassignment 201 45 - 894.136 ms
POST /api/getcourseassignments 200 130 - 487.722 ms
POST /api/getcourseassignments 200 130 - 477.949 ms
POST /api/getcourseassignments 200 130 - 485.753 ms
POST /api/getcreatedcourses/ 200 - - 473.958 ms
POST /api/getcreatedcourses/ 200 - - 481.955 ms
GET /api/getCourse?courseId=6570128d60d9264f822f9a35 200 287 - 243.151 ms
POST /api/getcourseassignments 200 18 - 456.899 ms
POST /api/getcourseassignments 200 18 - 486.924 ms
GET /api/getCourse?courseId=6570128d60d9264f822f9a35 304 - - 244.280 ms
POST /api/getcreatedcourses/ 200 - - 473.469 ms
POST /api/getcreatedcourses/ 200 - - 482.299 ms
GET /api/getCourse?courseId=65700f59c64290ce8de72138 200 325 - 246.923 ms
POST /api/getcourseassignments 200 130 - 461.228 ms
POST /api/getcourseassignments 200 130 - 473.836 ms
GET /api/getCourse?courseId=65700f59c64290ce8de72138 304 - - 240.823 ms
POST /api/getcourseassignments 200 130 - 483.778 ms
POST /api/getcourseassignments 200 130 - 493.696 ms
POST /api/getcourseassignments 200 130 - 473.278 ms
POST /api/getcourseassignments 200 130 - 482.023 ms
POST /api/getcreatedcourses/ 200 - - 473.784 ms
POST /api/getcreatedcourses/ 200 - - 481.892 ms
GET /api/getCourse?courseId=65700f59c64290ce8de72138 304 - - 244.170 ms
POST /api/getcourseassignments 200 130 - 457.517 ms
POST /api/getcourseassignments 200 130 - 473.357 ms
GET /api/getCourse?courseId=65700f59c64290ce8de72138 304 - - 239.979 ms
POST /api/getcourseassignments 200 130 - 482.841 ms
POST /api/getcourseassignments 200 130 - 470.013 ms
GET /api/getCourse?courseId=65700f59c64290ce8de72138 304 - - 232.300 ms
GET /api/getCourse?courseId=65700f59c64290ce8de72138 304 - - 232.844 ms
POST /api/getcourseassignments 200 130 - 545.961 ms
POST /api/getcourseassignments 200 130 - 528.818 ms
GET /api/getCourse?courseId=65700f59c64290ce8de72138 304 - - 265.067 ms
POST /api/getcourseassignments 200 130 - 471.042 ms
POST /api/getcourseassignments 200 130 - 493.183 ms
GET /api/getCourse?courseId=65700f59c64290ce8de72138 304 - - 264.040 ms
POST /api/getcourseassignments 200 130 - 475.710 ms
POST /api/getcourseassignments 200 130 - 528.107 ms
GET /api/getCourse?courseId=65700f59c64290ce8de72138 304 - - 258.327 ms
POST /api/getcourseassignments 200 130 - 458.714 ms
POST /api/getcourseassignments 200 130 - 485.713 ms
GET /api/getCourse?courseId=65700f59c64290ce8de72138 304 - - 272.467 ms
POST /api/getcourseassignments 200 130 - 524.576 ms
POST /api/getcourseassignments 200 130 - 554.045 ms
POST /api/getcourseassignments 200 130 - 521.244 ms
GET /api/getCourse?courseId=65700f59c64290ce8de72138 304 - - 235.043 ms
GET /api/getCourse?courseId=65700f59c64290ce8de72138 304 - - 233.550 ms
POST /api/getcourseassignments 200 130 - 489.790 ms
POST /api/getcourseassignments 200 130 - 530.769 ms
GET /api/getCourse?courseId=65700f59c64290ce8de72138 304 - - 237.497 ms
POST /api/getcourseassignments 200 130 - 473.989 ms
GET /api/getCourse?courseId=65700f59c64290ce8de72138 304 - - 225.343 ms
POST /api/getcourseassignments 200 130 - 519.800 ms
GET /api/getCourse?courseId=65700f59c64290ce8de72138 304 - - 235.794 ms
POST /api/getcourseassignments 200 130 - 452.546 ms
GET /api/getCourse?courseId=65700f59c64290ce8de72138 304 - - 234.708 ms
POST /api/getcourseassignments 200 130 - 521.618 ms
GET /api/getCourse?courseId=65700f59c64290ce8de72138 304 - - 227.878 ms
GET /api/getCourse?courseId=65700f59c64290ce8de72138 304 - - 225.910 ms
POST /api/getcourseassignments 200 130 - 469.667 ms
POST /api/getcourseassignments 200 130 - 522.048 ms
GET /api/getCourse?courseId=65700f59c64290ce8de72138 304 - - 230.206 ms
GET /api/getCourse?courseId=65700f59c64290ce8de72138 304 - - 226.114 ms
POST /api/getcourseassignments 200 130 - 470.461 ms
POST /api/getcourseassignments 200 130 - 520.875 ms
POST /api/getcreatedcourses/ 200 - - 473.602 ms
POST /api/getcreatedcourses/ 200 - - 524.929 ms
GET /api/getCourse?courseId=65700f59c64290ce8de72138 304 - - 262.168 ms
POST /api/getcourseassignments 200 130 - 451.856 ms
POST /api/getcourseassignments 200 130 - 472.469 ms
GET /api/getCourse?courseId=65700f59c64290ce8de72138 304 - - 259.722 ms
POST /api/getcourseassignments 200 130 - 521.904 ms
POST /api/getcourseassignments 200 130 - 517.615 ms
POST /api/getcourseassignments 200 130 - 517.336 ms
POST /api/getcourseassignments 200 130 - 542.450 ms
POST /api/addassignment 201 45 - 859.630 ms
POST /api/getcourseassignments 200 238 - 520.800 ms
POST /api/getcourseassignments 200 238 - 2673.363 ms
POST /api/getcourseassignments 200 238 - 2675.475 ms
GET /api/getCourse?courseId=65700f59c64290ce8de72138 200 360 - 3655.673 ms
GET /api/getCourse?courseId=65700f59c64290ce8de72138 304 - - 236.719 ms
POST /api/getcourseassignments 200 238 - 496.888 ms
POST /api/getcourseassignments 200 238 - 514.988 ms
GET /api/getCourse?courseId=65700f59c64290ce8de72138 304 - - 249.192 ms
GET /api/getCourse?courseId=65700f59c64290ce8de72138 304 - - 235.211 ms
POST /api/getcourseassignments 200 238 - 492.087 ms
POST /api/getcourseassignments 200 238 - 510.512 ms
GET /api/getCourse?courseId=65700f59c64290ce8de72138 304 - - 280.289 ms
POST /api/getcourseassignments 200 238 - 550.434 ms
POST /api/getcourseassignments 200 238 - 566.928 ms
GET /api/getCourse?courseId=65700f59c64290ce8de72138 304 - - 261.891 ms
GET /api/getCourse?courseId=65700f59c64290ce8de72138 200 374 - 304.866 ms
GET /api/getCourse?courseId=65700f59c64290ce8de72138 304 - - 296.326 ms
POST /api/getcourseassignments 200 238 - 592.425 ms
GET /api/getCourse?courseId=65700f59c64290ce8de72138 304 - - 288.647 ms
POST /api/getcourseassignments 200 238 - 608.919 ms
GET /api/getCourse?courseId=65700f59c64290ce8de72138 304 - - 318.758 ms
POST /api/getcourseassignments 200 238 - 547.210 ms
GET /api/getCourse?courseId=65700f59c64290ce8de72138 304 - - 231.655 ms
POST /api/getcourseassignments 200 238 - 590.514 ms
GET /api/getCourse?courseId=65700f59c64290ce8de72138 304 - - 317.445 ms
POST /api/getcourseassignments 200 238 - 559.983 ms
GET /api/getCourse?courseId=65700f59c64290ce8de72138 304 - - 231.172 ms
POST /api/getcourseassignments 200 238 - 605.698 ms
GET /api/getCourse?courseId=65700f59c64290ce8de72138 304 - - 285.658 ms
POST /api/getcourseassignments 200 238 - 499.064 ms
POST /api/getcourseassignments 200 238 - 506.853 ms
GET /api/getCourse?courseId=65700f59c64290ce8de72138 304 - - 263.255 ms
GET /api/getCourse?courseId=65700f59c64290ce8de72138 304 - - 297.982 ms
POST /api/getcourseassignments 200 238 - 613.622 ms
GET /api/getCourse?courseId=65700f59c64290ce8de72138 304 - - 294.629 ms
POST /api/getcourseassignments 200 238 - 627.871 ms
POST /api/getResourcesByCourse 404 164 - 2.257 ms
POST /api/getResourcesByCourse 404 164 - 1.293 ms
POST /api/getresources 200 16 - 619.598 ms
POST /api/getresources 200 16 - 589.164 ms
GET /api/getCourse?courseId=65700f59c64290ce8de72138 304 - - 244.069 ms
POST /api/getcourseassignments 200 238 - 498.397 ms
GET /api/getCourse?courseId=65700f59c64290ce8de72138 304 - - 258.169 ms
POST /api/getcourseassignments 200 238 - 553.346 ms
POST /api/getresources 200 16 - 531.495 ms
POST /api/getresources 200 16 - 568.601 ms
POST /api/getcourseassignments 200 18 - 521.242 ms
POST /api/getcourseassignments 200 18 - 575.400 ms
POST /api/addassignment 201 45 - 913.968 ms
POST /api/getcourseassignments 200 122 - 559.171 ms
POST /api/getresources 200 16 - 472.894 ms
POST /api/getresources 200 16 - 524.489 ms
POST /api/getresources 200 16 - 657.237 ms
POST /api/getresources 200 16 - 546.179 ms
POST /api/getresources 200 16 - 617.798 ms
POST /api/getresources 200 16 - 519.211 ms
POST /api/getresources 200 16 - 531.913 ms
POST /api/getresources 200 16 - 540.525 ms
POST /api/getresources 200 16 - 644.555 ms
POST /api/getresources 200 16 - 534.984 ms
POST /api/getresources 200 16 - 578.421 ms
GET /api/getCourse?courseId=65700f59c64290ce8de72138 200 339 - 1829.660 ms
POST /api/getcourseassignments 200 122 - 2090.492 ms
GET /api/getCourse?courseId=65700f59c64290ce8de72138 304 - - 440.690 ms
POST /api/getcourseassignments 200 122 - 3292.340 ms
POST /api/getresources 200 16 - 549.957 ms
POST /api/getresources 200 16 - 576.383 ms
GET /api/getCourse?courseId=65700f59c64290ce8de72138 304 - - 280.284 ms
POST /api/getcourseassignments 200 122 - 518.064 ms
GET /api/getCourse?courseId=65700f59c64290ce8de72138 304 - - 233.025 ms
POST /api/getcourseassignments 200 122 - 559.020 ms
POST /api/getresources 200 16 - 495.321 ms
POST /api/getresources 200 16 - 522.663 ms
POST /api/getresources 200 16 - 554.604 ms
POST /api/addresource 201 41 - 920.230 ms
POST /api/getresources 200 105 - 602.242 ms
POST /api/getcreatedcourses/ 200 - - 548.276 ms
POST /api/getcreatedcourses/ 200 - - 562.870 ms
GET /api/getCourse?courseId=6570128d60d9264f822f9a35 200 301 - 323.298 ms
POST /api/getcourseassignments 200 18 - 540.257 ms
POST /api/getcourseassignments 200 18 - 545.118 ms
GET /api/getCourse?courseId=6570128d60d9264f822f9a35 304 - - 262.256 ms
POST /api/getcreatedcourses/ 200 - - 565.910 ms
POST /api/getcreatedcourses/ 200 - - 601.234 ms
GET /api/getCourse?courseId=65700f59c64290ce8de72138 200 373 - 261.509 ms
POST /api/getcourseassignments 200 122 - 521.996 ms
POST /api/getcourseassignments 200 122 - 520.539 ms
GET /api/getCourse?courseId=65700f59c64290ce8de72138 304 - - 279.568 ms
POST /api/getresources 200 105 - 452.493 ms
POST /api/getresources 200 105 - 519.500 ms
POST /api/getcourseassignments 200 122 - 641.341 ms
POST /api/getcourseassignments 200 122 - 646.584 ms
POST /api/getresources 200 118 - 510.488 ms
POST /api/getresources 200 118 - 548.865 ms
POST /api/getresources 200 118 - 487.081 ms
POST /api/getresources 200 118 - 522.041 ms
POST /api/getcourseassignments 200 122 - 541.449 ms
POST /api/getcourseassignments 200 122 - 545.578 ms
POST /api/getresources 200 118 - 513.220 ms
POST /api/getresources 200 118 - 550.433 ms
POST /api/getcreatedcourses/ 200 - - 598.702 ms
POST /api/getcreatedcourses/ 200 - - 589.656 ms
POST /api/getcreatedcourses/ 200 - - 3272.602 ms
POST /api/getcreatedcourses/ 200 - - 3277.212 ms
GET /api/getCourse?courseId=65700f59c64290ce8de72138 304 - - 329.486 ms
POST /api/getcourseassignments 200 122 - 553.515 ms
POST /api/getcourseassignments 200 122 - 577.726 ms
GET /api/getCourse?courseId=65700f59c64290ce8de72138 304 - - 251.704 ms
GET /api/getCourse?courseId=65700f59c64290ce8de72138 200 387 - 251.860 ms
GET /api/getCourse?courseId=65700f59c64290ce8de72138 304 - - 327.863 ms
POST /api/getcourseassignments 200 122 - 585.151 ms
POST /api/getcourseassignments 200 122 - 616.965 ms
POST /api/getcreatedcourses/ 200 - - 552.800 ms
POST /api/getcreatedcourses/ 200 - - 572.722 ms
GET /api/getCourse?courseId=65700f59c64290ce8de72138 304 - - 269.904 ms
GET /api/getCourse?courseId=65700f59c64290ce8de72138 304 - - 303.403 ms
POST /api/getcourseassignments 200 122 - 470.353 ms
POST /api/getcourseassignments 200 122 - 510.565 ms
GET /api/getCourse?courseId=65700f59c64290ce8de72138 304 - - 255.646 ms
POST /api/getcourseassignments 200 122 - 472.212 ms
GET /api/getCourse?courseId=65700f59c64290ce8de72138 304 - - 256.472 ms
POST /api/getcourseassignments 200 122 - 533.190 ms
POST /api/getSchedulesByCourse 200 16 - 525.920 ms
POST /api/getSchedulesByCourse 200 16 - 530.977 ms
GET /api/getCourse?courseId=65700f59c64290ce8de72138 304 - - 255.518 ms
GET /api/getCourse?courseId=65700f59c64290ce8de72138 304 - - 319.036 ms
POST /api/getcourseassignments 200 122 - 592.425 ms
POST /api/getcourseassignments 200 122 - 584.906 ms
GET /api/getCourse?courseId=65700f59c64290ce8de72138 304 - - 272.047 ms
GET /api/getCourse?courseId=65700f59c64290ce8de72138 304 - - 298.683 ms
POST /api/getcourseassignments 200 122 - 606.623 ms
POST /api/getcourseassignments 200 122 - 604.655 ms
GET /api/getCourse?courseId=65700f59c64290ce8de72138 304 - - 277.693 ms
POST /api/getcourseassignments 200 122 - 501.347 ms
POST /api/getcourseassignments 200 122 - 523.073 ms
GET /api/getCourse?courseId=65700f59c64290ce8de72138 304 - - 258.095 ms
GET /api/getCourse?courseId=65700f59c64290ce8de72138 304 - - 333.157 ms
POST /api/getcourseassignments 200 122 - 561.441 ms
GET /api/getCourse?courseId=65700f59c64290ce8de72138 304 - - 251.751 ms
POST /api/getcourseassignments 200 122 - 593.699 ms
POST /api/getSchedulesByCourse 200 16 - 524.776 ms
POST /api/getSchedulesByCourse 200 16 - 529.502 ms
POST /api/addschedule 201 41 - 894.665 ms
POST /api/getSchedulesByCourse 200 119 - 626.203 ms
POST /api/getcreatedcourses/ 200 - - 560.277 ms
POST /api/getcreatedcourses/ 200 - - 570.772 ms
GET /api/getCourse?courseId=6570128d60d9264f822f9a35 200 315 - 296.160 ms
POST /api/getcourseassignments 200 18 - 650.248 ms
POST /api/getcourseassignments 200 18 - 656.472 ms
GET /api/getCourse?courseId=6570128d60d9264f822f9a35 304 - - 368.236 ms
POST /api/getSchedulesByCourse 200 16 - 514.719 ms
POST /api/getSchedulesByCourse 200 16 - 525.636 ms
POST /api/getcreatedcourses/ 200 - - 531.925 ms
POST /api/getcreatedcourses/ 200 - - 545.369 ms
GET /api/getCourse?courseId=65700f59c64290ce8de72138 200 421 - 263.305 ms
POST /api/getcourseassignments 200 122 - 476.623 ms
POST /api/getcourseassignments 200 122 - 505.611 ms
GET /api/getCourse?courseId=65700f59c64290ce8de72138 304 - - 260.750 ms
POST /api/getresources 200 118 - 525.316 ms
POST /api/getresources 200 118 - 530.531 ms
POST /api/getSchedulesByCourse 200 119 - 540.250 ms
POST /api/getSchedulesByCourse 200 119 - 548.124 ms
POST /api/getcourseassignments 200 122 - 562.668 ms
POST /api/getcourseassignments 200 122 - 574.189 ms
POST /api/getresources 200 118 - 587.657 ms
POST /api/getresources 200 118 - 600.657 ms
POST /api/getSchedulesByCourse 200 119 - 597.164 ms
POST /api/getSchedulesByCourse 200 119 - 606.639 ms
POST /api/getSchedulesByCourse 200 119 - 515.668 ms
POST /api/getresources 200 118 - 504.191 ms
POST /api/getresources 200 118 - 516.992 ms
POST /api/getresources 200 118 - 551.316 ms
POST /api/getresources 200 118 - 591.788 ms
POST /api/getresources 200 118 - 607.311 ms
POST /api/getSchedulesByCourse 200 119 - 579.426 ms
POST /api/getSchedulesByCourse 200 119 - 586.012 ms
POST /api/getcourseassignments 200 122 - 574.159 ms
POST /api/getcourseassignments 200 122 - 582.299 ms
POST /api/getresources 200 118 - 514.115 ms
POST /api/getresources 200 118 - 525.936 ms
POST /api/getSchedulesByCourse 200 119 - 571.118 ms
POST /api/getSchedulesByCourse 200 119 - 580.673 ms
POST /api/getcreatedcourses/ 200 - - 563.200 ms
POST /api/getcreatedcourses/ 200 - - 576.717 ms
POST /api/login 201 657 - 831.558 ms
GET /api/dashboard 201 - - 1.682 ms
GET /api/dashboard 201 - - 0.886 ms
GET /api/dashboard 201 - - 1.332 ms
GET /api/dashboard 201 - - 1.101 ms
GET /api/explorecourses 200 - - 264.265 ms
GET /api/explorecourses 304 - - 303.273 ms
GET /api/explorecourses 304 - - 266.628 ms
GET /api/explorecourses 304 - - 343.536 ms
GET /api/explorecourses 304 - - 266.508 ms
GET /api/explorecourses 304 - - 322.057 ms
GET /api/explorecourses 304 - - 320.138 ms
GET /api/explorecourses 304 - - 268.217 ms
GET /api/explorecourses 304 - - 338.598 ms
GET /api/explorecourses 304 - - 266.516 ms
GET /api/explorecourses 304 - - 342.580 ms
GET /api/explorecourses 304 - - 265.821 ms
GET /api/explorecourses 304 - - 266.552 ms
GET /api/explorecourses 304 - - 264.866 ms
GET /api/explorecourses 304 - - 265.003 ms
GET /api/explorecourses 304 - - 458.339 ms
GET /api/explorecourses 304 - - 301.912 ms
GET /api/explorecourses 304 - - 506.137 ms
GET /api/explorecourses 304 - - 264.387 ms
GET /api/explorecourses 304 - - 345.665 ms
POST /api/payment/orders 200 236 - 1028.257 ms
GET /api/explorecourses 304 - - 264.999 ms
POST /api/buycourse 400 34 - 570.517 ms
GET /api/explorecourses 304 - - 333.292 ms
GET /api/dashboard 201 - - 1.190 ms
GET /api/dashboard 201 - - 1.857 ms
GET /api/dashboard 201 - - 1.967 ms
GET /api/dashboard 201 - - 1.106 ms
POST /api/getjoinedcourses/ 200 - - 611.300 ms
POST /api/getjoinedcourses/ 200 - - 626.382 ms
GET /api/dashboard 201 - - 1.480 ms
GET /api/dashboard 201 - - 1.094 ms
GET /api/dashboard 201 - - 1.446 ms
GET /api/dashboard 201 - - 0.966 ms
GET /api/explorecourses 304 - - 267.120 ms
GET /api/explorecourses 304 - - 351.131 ms
GET /api/explorecourses 304 - - 267.997 ms
GET /api/explorecourses 304 - - 337.315 ms
GET /api/explorecourses 304 - - 264.646 ms
GET /api/explorecourses 304 - - 336.816 ms
GET /api/explorecourses 304 - - 269.878 ms
GET /api/explorecourses 304 - - 339.997 ms
GET /api/explorecourses 304 - - 282.426 ms
GET /api/explorecourses 304 - - 320.875 ms
GET /api/dashboard 201 - - 1.110 ms
GET /api/dashboard 201 - - 1.563 ms
GET /api/explorecourses 304 - - 302.037 ms
GET /api/explorecourses 304 - - 300.604 ms
POST /api/getjoinedcourses/ 200 - - 473.159 ms
POST /api/getjoinedcourses/ 200 - - 515.852 ms
GET /api/explorecourses 304 - - 270.575 ms
GET /api/explorecourses 304 - - 266.241 ms
GET /api/explorecourses 304 - - 264.077 ms
GET /api/explorecourses 304 - - 264.679 ms
GET /api/explorecourses 304 - - 345.818 ms
GET /api/explorecourses 304 - - 267.528 ms
GET /api/explorecourses 304 - - 264.915 ms
GET /api/explorecourses 304 - - 270.705 ms
GET /api/dashboard 201 - - 0.908 ms
GET /api/dashboard 201 - - 0.923 ms
GET /api/explorecourses 304 - - 344.313 ms
GET /api/explorecourses 304 - - 361.342 ms
GET /api/dashboard 201 - - 1.034 ms
GET /api/dashboard 201 - - 0.763 ms
GET /api/getassignments 200 343 - 260.731 ms
GET /api/getassignments 304 - - 352.236 ms
GET /api/dashboard 201 - - 1.042 ms
GET /api/dashboard 201 - - 0.872 ms
GET /api/dashboard 201 - - 0.916 ms
GET /api/dashboard 201 - - 1.104 ms
GET /api/explorecourses 304 - - 263.945 ms
GET /api/explorecourses 304 - - 272.150 ms
GET /api/explorecourses 304 - - 267.577 ms
GET /api/explorecourses 304 - - 326.165 ms
GET /api/explorecourses 304 - - 264.933 ms
GET /api/explorecourses 304 - - 263.051 ms
GET /api/explorecourses 304 - - 263.261 ms
GET /api/explorecourses 304 - - 262.737 ms
GET /api/explorecourses 304 - - 360.803 ms
GET /api/explorecourses 304 - - 263.800 ms
GET /api/explorecourses 304 - - 343.273 ms
GET /api/explorecourses 304 - - 268.363 ms
GET /api/explorecourses 304 - - 265.396 ms
GET /api/explorecourses 304 - - 276.203 ms
GET /api/explorecourses 304 - - 263.761 ms
GET /api/explorecourses 304 - - 342.896 ms
GET /api/dashboard 201 - - 1.102 ms
GET /api/dashboard 201 - - 1.031 ms
GET /api/explorecourses 304 - - 263.074 ms
GET /api/explorecourses 304 - - 345.467 ms
GET /api/explorecourses 304 - - 264.597 ms
GET /api/explorecourses 304 - - 340.445 ms
GET /api/explorecourses 304 - - 262.879 ms
GET /api/explorecourses 304 - - 265.421 ms
GET /api/explorecourses 304 - - 264.224 ms
GET /api/explorecourses 304 - - 322.367 ms
GET /api/explorecourses 304 - - 264.400 ms
GET /api/explorecourses 304 - - 262.317 ms
GET /api/explorecourses 304 - - 262.535 ms
GET /api/explorecourses 304 - - 262.323 ms
GET /api/explorecourses 304 - - 357.432 ms
GET /api/explorecourses 304 - - 262.338 ms
GET /api/explorecourses 304 - - 346.756 ms
GET /api/explorecourses 304 - - 268.378 ms
GET /api/explorecourses 304 - - 336.403 ms
GET /api/explorecourses 304 - - 261.582 ms
GET /api/dashboard 201 - - 1.072 ms
GET /api/dashboard 201 - - 0.684 ms
GET /api/explorecourses 304 - - 306.782 ms
GET /api/explorecourses 304 - - 268.012 ms
GET /api/explorecourses 304 - - 268.622 ms
GET /api/explorecourses 304 - - 369.223 ms
GET /api/explorecourses 304 - - 299.948 ms
GET /api/dashboard 201 - - 0.809 ms
GET /api/dashboard 201 - - 0.974 ms
GET /api/explorecourses 304 - - 422.448 ms
GET /api/explorecourses 304 - - 301.526 ms
POST /api/getjoinedcourses/ 200 - - 529.598 ms
POST /api/getjoinedcourses/ 200 - - 535.874 ms
GET /api/explorecourses 304 - - 264.897 ms
GET /api/explorecourses 304 - - 327.853 ms
GET /api/explorecourses 304 - - 303.773 ms
GET /api/explorecourses 304 - - 271.247 ms
GET /api/explorecourses 304 - - 316.974 ms
GET /api/dashboard 201 - - 0.823 ms
GET /api/dashboard 201 - - 0.979 ms
GET /api/explorecourses 304 - - 447.542 ms
GET /api/explorecourses 304 - - 300.954 ms
GET /api/explorecourses 304 - - 266.984 ms
GET /api/dashboard 201 - - 0.922 ms
GET /api/dashboard 201 - - 0.940 ms
GET /api/explorecourses 304 - - 266.346 ms
GET /api/explorecourses 304 - - 279.419 ms
POST /api/getjoinedcourses/ 200 14 - 546.242 ms
POST /api/getjoinedcourses/ 200 14 - 570.692 ms
GET /api/explorecourses 304 - - 267.898 ms
GET /api/explorecourses 304 - - 336.188 ms
GET /api/explorecourses 304 - - 263.266 ms
GET /api/dashboard 201 - - 0.811 ms
GET /api/dashboard 201 - - 1.448 ms
GET /api/explorecourses 304 - - 263.579 ms
GET /api/explorecourses 304 - - 262.748 ms
GET /api/explorecourses 304 - - 360.078 ms
GET /api/explorecourses 304 - - 261.492 ms
GET /api/explorecourses 304 - - 341.833 ms
GET /api/explorecourses 304 - - 262.136 ms
GET /api/explorecourses 304 - - 347.141 ms
GET /api/explorecourses 304 - - 264.960 ms
GET /api/explorecourses 304 - - 342.981 ms
GET /api/explorecourses 304 - - 264.161 ms
GET /api/explorecourses 304 - - 267.315 ms
GET /api/explorecourses 304 - - 275.793 ms
GET /api/explorecourses 304 - - 263.838 ms
GET /api/explorecourses 304 - - 347.112 ms
GET /api/explorecourses 304 - - 271.200 ms
GET /api/explorecourses 304 - - 330.621 ms
GET /api/explorecourses 304 - - 263.804 ms
GET /api/explorecourses 304 - - 261.682 ms
GET /api/explorecourses 304 - - 262.297 ms
POST /api/payment/orders 200 236 - 655.073 ms
GET /api/explorecourses 304 - - 332.271 ms
GET /api/explorecourses 304 - - 296.037 ms
GET /api/explorecourses 304 - - 267.771 ms
GET /api/explorecourses 304 - - 264.122 ms
POST /api/buycourse 200 39 - 1067.243 ms
GET /api/explorecourses 200 - - 263.813 ms
POST /api/payment/verify 500 36 - 3.030 ms
GET /api/dashboard 201 - - 1.405 ms
GET /api/dashboard 201 - - 0.899 ms
GET /api/dashboard 201 - - 1.208 ms
GET /api/dashboard 201 - - 1.262 ms
POST /api/getjoinedcourses/ 200 458 - 570.938 ms
POST /api/getjoinedcourses/ 200 458 - 576.185 ms
POST /api/login 201 592 - 732.567 ms
POST /api/getcreatedcourses/ 200 - - 601.631 ms
POST /api/getcreatedcourses/ 200 - - 608.777 ms
GET /api/getCourse?courseId=65700f59c64290ce8de72138 200 455 - 331.663 ms
POST /api/getcourseassignments 200 122 - 552.590 ms
POST /api/getcourseassignments 200 122 - 576.373 ms
GET /api/getCourse?courseId=65700f59c64290ce8de72138 304 - - 264.133 ms
POST /api/getresources 200 118 - 581.939 ms
POST /api/getresources 200 118 - 587.367 ms
POST /api/getSchedulesByCourse 200 119 - 522.033 ms
POST /api/getSchedulesByCourse 200 119 - 537.929 ms
POST /api/getcourseassignments 200 122 - 507.770 ms
POST /api/getcourseassignments 200 122 - 507.641 ms
POST /api/getcreatedcourses/ 200 - - 557.734 ms
POST /api/getcreatedcourses/ 200 - - 560.620 ms
GET /api/getCourse?courseId=6570128d60d9264f822f9a35 304 - - 294.335 ms
GET /api/getCourse?courseId=6570128d60d9264f822f9a35 304 - - 302.020 ms
POST /api/getcourseassignments 200 18 - 491.652 ms
POST /api/getcourseassignments 200 18 - 509.906 ms
POST /api/getcreatedcourses/ 200 - - 505.518 ms
POST /api/getcreatedcourses/ 200 - - 526.977 ms
GET /api/getCourse?courseId=65700f59c64290ce8de72138 304 - - 262.421 ms
POST /api/getcourseassignments 200 122 - 498.405 ms
GET /api/getCourse?courseId=65700f59c64290ce8de72138 304 - - 271.354 ms
POST /api/getcourseassignments 200 122 - 541.179 ms
POST /api/getcourseassignments 200 122 - 543.600 ms
POST /api/getcourseassignments 200 122 - 542.212 ms
POST /api/getresources 200 118 - 515.518 ms
POST /api/getresources 200 118 - 514.359 ms
POST /api/getSchedulesByCourse 200 119 - 549.382 ms
POST /api/getSchedulesByCourse 200 119 - 555.769 ms
POST /api/getcourseassignments 200 122 - 613.003 ms
POST /api/getcourseassignments 200 122 - 620.629 ms
POST /api/getcreatedcourses/ 200 - - 593.194 ms
POST /api/getcreatedcourses/ 200 - - 602.191 ms
POST /api/getcreatedcourses/ 200 - - 506.529 ms
POST /api/getcreatedcourses/ 200 - - 516.432 ms
GET /api/getCourse?courseId=65700f59c64290ce8de72138 304 - - 291.602 ms
POST /api/getcourseassignments 200 122 - 505.429 ms
POST /api/getcourseassignments 200 122 - 546.474 ms
GET /api/getCourse?courseId=65700f59c64290ce8de72138 304 - - 257.320 ms
POST /api/getresources 200 118 - 586.541 ms
POST /api/getresources 200 118 - 586.797 ms
POST /api/getcourseassignments 200 122 - 548.114 ms
POST /api/getcourseassignments 200 122 - 547.714 ms
POST /api/getcourseassignments 200 122 - 613.341 ms
POST /api/getcourseassignments 200 122 - 610.396 ms
POST /api/login 201 468 - 824.672 ms
GET /api/dashboard 201 - - 1.646 ms
GET /api/dashboard 201 - - 1.099 ms
GET /api/dashboard 201 - - 1.596 ms
GET /api/dashboard 201 - - 2.795 ms
GET /api/explorecourses 304 - - 327.358 ms
GET /api/explorecourses 304 - - 288.187 ms
GET /api/explorecourses 304 - - 292.550 ms
GET /api/explorecourses 304 - - 263.759 ms
GET /api/explorecourses 304 - - 268.448 ms
GET /api/explorecourses 304 - - 266.632 ms
GET /api/explorecourses 304 - - 280.106 ms
GET /api/explorecourses 304 - - 362.110 ms
GET /api/explorecourses 304 - - 304.805 ms
GET /api/explorecourses 304 - - 405.821 ms
GET /api/explorecourses 304 - - 277.990 ms
GET /api/explorecourses 304 - - 325.762 ms
GET /api/explorecourses 304 - - 276.856 ms
GET /api/explorecourses 304 - - 331.056 ms
GET /api/explorecourses 304 - - 263.153 ms
GET /api/explorecourses 304 - - 344.901 ms
GET /api/explorecourses 304 - - 300.427 ms
GET /api/explorecourses 304 - - 301.141 ms
GET /api/explorecourses 304 - - 260.074 ms
GET /api/explorecourses 304 - - 345.082 ms
GET /api/explorecourses 304 - - 312.773 ms
GET /api/explorecourses 304 - - 298.987 ms
GET /api/explorecourses 304 - - 303.211 ms
GET /api/explorecourses 304 - - 262.030 ms
GET /api/explorecourses 304 - - 345.657 ms
GET /api/explorecourses 304 - - 263.809 ms
GET /api/explorecourses 304 - - 342.558 ms
GET /api/dashboard 201 - - 1.989 ms
GET /api/dashboard 201 - - 2.655 ms
GET /api/explorecourses 304 - - 255.580 ms
POST /api/getjoinedcourses/ 200 458 - 567.827 ms
GET /api/explorecourses 304 - - 351.269 ms
POST /api/getjoinedcourses/ 200 458 - 577.635 ms
GET /api/explorecourses 304 - - 260.713 ms
GET /api/explorecourses 304 - - 316.032 ms
GET /api/explorecourses 304 - - 259.172 ms
GET /api/explorecourses 304 - - 288.508 ms
GET /api/explorecourses 304 - - 263.843 ms
GET /api/explorecourses 304 - - 329.046 ms
GET /api/explorecourses 304 - - 263.529 ms
GET /api/explorecourses 304 - - 337.698 ms
GET /api/explorecourses 304 - - 257.723 ms
GET /api/explorecourses 304 - - 261.368 ms
GET /api/explorecourses 304 - - 289.828 ms
GET /api/explorecourses 304 - - 258.760 ms
GET /api/explorecourses 304 - - 348.593 ms
GET /api/explorecourses 304 - - 307.099 ms
GET /api/explorecourses 304 - - 261.100 ms
GET /api/explorecourses 304 - - 346.732 ms
GET /api/explorecourses 304 - - 259.458 ms
GET /api/explorecourses 304 - - 344.146 ms
GET /api/explorecourses 304 - - 258.638 ms
GET /api/explorecourses 304 - - 258.129 ms
GET /api/explorecourses 304 - - 270.123 ms
GET /api/dashboard 201 - - 2.750 ms
GET /api/dashboard 201 - - 1.544 ms
GET /api/explorecourses 304 - - 324.526 ms
GET /api/explorecourses 304 - - 258.661 ms
GET /api/explorecourses 304 - - 259.700 ms
GET /api/explorecourses 304 - - 257.851 ms
GET /api/explorecourses 304 - - 257.515 ms
GET /api/explorecourses 304 - - 276.234 ms
GET /api/explorecourses 304 - - 260.902 ms
GET /api/explorecourses 304 - - 343.960 ms
GET /api/explorecourses 304 - - 269.627 ms
GET /api/explorecourses 304 - - 336.518 ms
GET /api/explorecourses 304 - - 268.553 ms
GET /api/explorecourses 304 - - 342.023 ms
GET /api/explorecourses 304 - - 278.758 ms
GET /api/explorecourses 304 - - 327.592 ms
GET /api/explorecourses 304 - - 260.099 ms
GET /api/explorecourses 304 - - 314.212 ms
GET /api/explorecourses 304 - - 274.238 ms
GET /api/explorecourses 304 - - 369.970 ms
GET /api/explorecourses 304 - - 268.456 ms
GET /api/explorecourses 304 - - 328.661 ms
GET /api/explorecourses 304 - - 307.413 ms
GET /api/explorecourses 304 - - 273.380 ms
GET /api/explorecourses 304 - - 333.890 ms
GET /api/explorecourses 304 - - 496.815 ms
GET /api/explorecourses 304 - - 302.251 ms
GET /api/explorecourses 304 - - 273.601 ms
GET /api/explorecourses 304 - - 280.387 ms
GET /api/dashboard 201 - - 1.557 ms
GET /api/dashboard 201 - - 1.130 ms
GET /api/explorecourses 304 - - 329.654 ms
POST /api/getjoinedcourses/ 200 458 - 624.107 ms
POST /api/getjoinedcourses/ 200 458 - 630.445 ms
GET /api/explorecourses 304 - - 347.417 ms
GET /api/explorecourses 304 - - 280.467 ms
GET /api/explorecourses 304 - - 319.544 ms
GET /api/explorecourses 304 - - 303.272 ms
GET /api/explorecourses 304 - - 404.867 ms
GET /api/explorecourses 304 - - 338.172 ms
GET /api/explorecourses 304 - - 380.801 ms
GET /api/explorecourses 304 - - 320.150 ms
GET /api/explorecourses 304 - - 379.869 ms
GET /api/explorecourses 304 - - 266.575 ms
GET /api/dashboard 201 - - 1.392 ms
GET /api/dashboard 201 - - 1.638 ms
GET /api/explorecourses 304 - - 346.658 ms
GET /api/explorecourses 304 - - 284.245 ms
GET /api/explorecourses 304 - - 314.840 ms
GET /api/explorecourses 304 - - 278.347 ms
GET /api/explorecourses 304 - - 330.701 ms
GET /api/explorecourses 304 - - 276.442 ms
GET /api/explorecourses 304 - - 335.125 ms
GET /api/explorecourses 304 - - 302.913 ms
GET /api/explorecourses 304 - - 273.261 ms
GET /api/explorecourses 304 - - 261.337 ms
GET /api/explorecourses 304 - - 263.348 ms
GET /api/explorecourses 304 - - 313.757 ms
GET /api/explorecourses 304 - - 261.285 ms
GET /api/explorecourses 304 - - 264.305 ms
GET /api/dashboard 201 - - 1.874 ms
GET /api/dashboard 201 - - 1.373 ms
GET /api/dashboard 201 - - 1.807 ms
GET /api/dashboard 201 - - 1.215 ms
GET /api/getassignments 304 - - 316.260 ms
GET /api/getassignments 304 - - 254.322 ms
GET /api/dashboard 201 - - 1.602 ms
GET /api/dashboard 201 - - 1.698 ms
GET /api/getupdateuser?userId=65d65f517eb02682ab1ea219 200 542 - 294.655 ms
GET /api/getupdateuser?userId=65d65f517eb02682ab1ea219 304 - - 303.663 ms
POST /api/login 201 258 - 753.916 ms
POST /api/login 201 592 - 708.909 ms
